28-Nov-2024 20:18:02.282 INFO [main] org.apache.catalina.startup.VersionLoggerListener.log Nombre de la versión del servidor: Apache Tomcat/9.0.96
28-Nov-2024 20:18:02.287 INFO [main] org.apache.catalina.startup.VersionLoggerListener.log Server built:                      Oct 3 2024 19:44:30 UTC
28-Nov-2024 20:18:02.289 INFO [main] org.apache.catalina.startup.VersionLoggerListener.log Número de versión de servidor:     9.0.96.0
28-Nov-2024 20:18:02.289 INFO [main] org.apache.catalina.startup.VersionLoggerListener.log OS Name:                           Windows 10
28-Nov-2024 20:18:02.289 INFO [main] org.apache.catalina.startup.VersionLoggerListener.log Versión de Systema Operativo:      10.0
28-Nov-2024 20:18:02.289 INFO [main] org.apache.catalina.startup.VersionLoggerListener.log Arquitectura:                      amd64
28-Nov-2024 20:18:02.290 INFO [main] org.apache.catalina.startup.VersionLoggerListener.log Java Home:                         C:\Program Files\Java\jdk-23
28-Nov-2024 20:18:02.290 INFO [main] org.apache.catalina.startup.VersionLoggerListener.log JVM Version:                       23+37-2369
28-Nov-2024 20:18:02.290 INFO [main] org.apache.catalina.startup.VersionLoggerListener.log Vededor JVM:                       Oracle Corporation
28-Nov-2024 20:18:02.291 INFO [main] org.apache.catalina.startup.VersionLoggerListener.log CATALINA_BASE:                     C:\Users\CHAMORRO\OneDrive\Imágenes\programacion sebas\Modulo 3\apache-tomcat-9.0.96
28-Nov-2024 20:18:02.291 INFO [main] org.apache.catalina.startup.VersionLoggerListener.log CATALINA_HOME:                     C:\Users\CHAMORRO\OneDrive\Imágenes\programacion sebas\Modulo 3\apache-tomcat-9.0.96
28-Nov-2024 20:18:02.307 INFO [main] org.apache.catalina.startup.VersionLoggerListener.log Command line argument:             --add-opens=java.base/java.lang=ALL-UNNAMED
28-Nov-2024 20:18:02.307 INFO [main] org.apache.catalina.startup.VersionLoggerListener.log Command line argument:             --add-opens=java.base/java.io=ALL-UNNAMED
28-Nov-2024 20:18:02.308 INFO [main] org.apache.catalina.startup.VersionLoggerListener.log Command line argument:             --add-opens=java.base/java.util=ALL-UNNAMED
28-Nov-2024 20:18:02.308 INFO [main] org.apache.catalina.startup.VersionLoggerListener.log Command line argument:             --add-opens=java.base/java.util.concurrent=ALL-UNNAMED
28-Nov-2024 20:18:02.309 INFO [main] org.apache.catalina.startup.VersionLoggerListener.log Command line argument:             --add-opens=java.rmi/sun.rmi.transport=ALL-UNNAMED
28-Nov-2024 20:18:02.310 INFO [main] org.apache.catalina.startup.VersionLoggerListener.log Command line argument:             -Djava.util.logging.config.file=C:\Users\CHAMORRO\OneDrive\Imágenes\programacion sebas\Modulo 3\apache-tomcat-9.0.96\conf\logging.properties
28-Nov-2024 20:18:02.310 INFO [main] org.apache.catalina.startup.VersionLoggerListener.log Command line argument:             -Djava.util.logging.manager=org.apache.juli.ClassLoaderLogManager
28-Nov-2024 20:18:02.311 INFO [main] org.apache.catalina.startup.VersionLoggerListener.log Command line argument:             -Djdk.tls.ephemeralDHKeySize=2048
28-Nov-2024 20:18:02.311 INFO [main] org.apache.catalina.startup.VersionLoggerListener.log Command line argument:             -Djava.protocol.handler.pkgs=org.apache.catalina.webresources
28-Nov-2024 20:18:02.311 INFO [main] org.apache.catalina.startup.VersionLoggerListener.log Command line argument:             -Dignore.endorsed.dirs=
28-Nov-2024 20:18:02.312 INFO [main] org.apache.catalina.startup.VersionLoggerListener.log Command line argument:             -Dcatalina.base=C:\Users\CHAMORRO\OneDrive\Imágenes\programacion sebas\Modulo 3\apache-tomcat-9.0.96
28-Nov-2024 20:18:02.312 INFO [main] org.apache.catalina.startup.VersionLoggerListener.log Command line argument:             -Dcatalina.home=C:\Users\CHAMORRO\OneDrive\Imágenes\programacion sebas\Modulo 3\apache-tomcat-9.0.96
28-Nov-2024 20:18:02.312 INFO [main] org.apache.catalina.startup.VersionLoggerListener.log Command line argument:             -Djava.io.tmpdir=C:\Users\CHAMORRO\OneDrive\Imágenes\programacion sebas\Modulo 3\apache-tomcat-9.0.96\temp
28-Nov-2024 20:18:02.320 INFO [main] org.apache.catalina.core.AprLifecycleListener.lifecycleEvent Cargada la biblioteca nativa APR de Apache Tomcat [1.3.1] con la versión APR [1.7.4].
28-Nov-2024 20:18:02.320 INFO [main] org.apache.catalina.core.AprLifecycleListener.lifecycleEvent Capacidades APR: IPv6 [true], enviar fichero [true], aceptar filtros [false], aleatorio [true], UDS [true].
28-Nov-2024 20:18:02.320 INFO [main] org.apache.catalina.core.AprLifecycleListener.lifecycleEvent APR/OpenSSL configuration: useAprConnector [false], useOpenSSL [true]
28-Nov-2024 20:18:02.343 INFO [main] org.apache.catalina.core.AprLifecycleListener.initializeSSL OpenSSL inicializado correctamente [OpenSSL 3.0.14 4 Jun 2024]
28-Nov-2024 20:18:02.744 INFO [main] org.apache.coyote.AbstractProtocol.init Inicializando el manejador de protocolo ["http-nio-8080"]

28-Nov-2024 20:18:02.773 INFO [main] org.apache.catalina.startup.Catalina.load Server initialization in [764] milliseconds
28-Nov-2024 20:18:02.801 WARNING [main] java.util.ArrayList.forEach Name = PgDB Property maxActive is not used in DBCP2, use maxTotal instead. maxTotal default value is 8. You have set value of "100" for "maxActive" property, which is being ignored.
28-Nov-2024 20:18:02.802 WARNING [main] java.util.ArrayList.forEach Name = PgDB Property maxWait is not used in DBCP2 , use maxWaitMillis instead. maxWaitMillis default value is PT-0.001S. You have set value of "10000" for "maxWait" property, which is being ignored.
28-Nov-2024 20:18:02.803 INFO [main] java.util.ArrayList.forEach Name = PgDB Ignoring unknown property: value of "jdbc/PgDB" for "global" property
28-Nov-2024 20:18:02.838 WARNING [main] java.util.ArrayList.forEach Name = ConexionInventario Property maxActive is not used in DBCP2, use maxTotal instead. maxTotal default value is 8. You have set value of "100" for "maxActive" property, which is being ignored.
28-Nov-2024 20:18:02.838 WARNING [main] java.util.ArrayList.forEach Name = ConexionInventario Property maxWait is not used in DBCP2 , use maxWaitMillis instead. maxWaitMillis default value is PT-0.001S. You have set value of "10000" for "maxWait" property, which is being ignored.
28-Nov-2024 20:18:02.839 INFO [main] java.util.ArrayList.forEach Name = ConexionInventario Ignoring unknown property: value of "jdbc/ConexionInventario" for "global" property
28-Nov-2024 20:18:02.877 INFO [main] org.apache.catalina.core.StandardService.startInternal Arrancando servicio [Catalina]
28-Nov-2024 20:18:02.878 INFO [main] org.apache.catalina.core.StandardEngine.startInternal Starting Servlet engine: [Apache Tomcat/9.0.96]
28-Nov-2024 20:18:02.903 INFO [main] org.apache.catalina.startup.HostConfig.deployWAR Despliegue del archivo [C:\Users\CHAMORRO\OneDrive\Imágenes\programacion sebas\Modulo 3\apache-tomcat-9.0.96\webapps\ejemploweb.war] de la aplicación web
28-Nov-2024 20:18:05.050 INFO [main] org.apache.jasper.servlet.TldScanner.scanJars Al menos un JAR, que se ha explorado buscando TLDs, aún no contenía TLDs. Activar historial de depuración para este historiador para una completa lista de los JARs que fueron explorados y de los que nos se halló TLDs. Saltarse JARs no necesarios durante la exploración puede dar lugar a una mejora de tiempo significativa en el arranque y compilación de JSP .
28-Nov-2024 20:18:06.875 INFO [main] org.apache.catalina.startup.HostConfig.deployWAR Deployment of web application archive [C:\Users\CHAMORRO\OneDrive\Imágenes\programacion sebas\Modulo 3\apache-tomcat-9.0.96\webapps\ejemploweb.war] has finished in [3.972] ms
28-Nov-2024 20:18:06.878 INFO [main] org.apache.catalina.startup.HostConfig.deployWAR Despliegue del archivo [C:\Users\CHAMORRO\OneDrive\Imágenes\programacion sebas\Modulo 3\apache-tomcat-9.0.96\webapps\EvaluacionGrupal1.war] de la aplicación web
28-Nov-2024 20:18:08.573 INFO [main] org.apache.jasper.servlet.TldScanner.scanJars Al menos un JAR, que se ha explorado buscando TLDs, aún no contenía TLDs. Activar historial de depuración para este historiador para una completa lista de los JARs que fueron explorados y de los que nos se halló TLDs. Saltarse JARs no necesarios durante la exploración puede dar lugar a una mejora de tiempo significativa en el arranque y compilación de JSP .
28-Nov-2024 20:18:10.289 INFO [main] org.apache.catalina.startup.HostConfig.deployWAR Deployment of web application archive [C:\Users\CHAMORRO\OneDrive\Imágenes\programacion sebas\Modulo 3\apache-tomcat-9.0.96\webapps\EvaluacionGrupal1.war] has finished in [3.411] ms
28-Nov-2024 20:18:10.294 INFO [main] org.apache.catalina.startup.HostConfig.deployWAR Despliegue del archivo [C:\Users\CHAMORRO\OneDrive\Imágenes\programacion sebas\Modulo 3\apache-tomcat-9.0.96\webapps\inventario.war] de la aplicación web
28-Nov-2024 20:18:11.985 INFO [main] org.apache.jasper.servlet.TldScanner.scanJars Al menos un JAR, que se ha explorado buscando TLDs, aún no contenía TLDs. Activar historial de depuración para este historiador para una completa lista de los JARs que fueron explorados y de los que nos se halló TLDs. Saltarse JARs no necesarios durante la exploración puede dar lugar a una mejora de tiempo significativa en el arranque y compilación de JSP .
28-Nov-2024 20:18:13.778 INFO [main] org.apache.catalina.startup.HostConfig.deployWAR Deployment of web application archive [C:\Users\CHAMORRO\OneDrive\Imágenes\programacion sebas\Modulo 3\apache-tomcat-9.0.96\webapps\inventario.war] has finished in [3.484] ms
28-Nov-2024 20:18:13.781 INFO [main] org.apache.catalina.startup.HostConfig.deployWAR Despliegue del archivo [C:\Users\CHAMORRO\OneDrive\Imágenes\programacion sebas\Modulo 3\apache-tomcat-9.0.96\webapps\inventarios-1.0.0.war] de la aplicación web
28-Nov-2024 20:18:13.792 INFO [main] org.apache.catalina.startup.ExpandWar.expand An expanded directory [C:\Users\CHAMORRO\OneDrive\Imágenes\programacion sebas\Modulo 3\apache-tomcat-9.0.96\webapps\inventarios-1.0.0] was found with a last modified time that did not match the associated WAR. It will be deleted.
28-Nov-2024 20:18:15.542 INFO [main] org.apache.jasper.servlet.TldScanner.scanJars Al menos un JAR, que se ha explorado buscando TLDs, aún no contenía TLDs. Activar historial de depuración para este historiador para una completa lista de los JARs que fueron explorados y de los que nos se halló TLDs. Saltarse JARs no necesarios durante la exploración puede dar lugar a una mejora de tiempo significativa en el arranque y compilación de JSP .
28-Nov-2024 20:18:15.566 INFO [main] org.apache.catalina.startup.HostConfig.deployWAR Deployment of web application archive [C:\Users\CHAMORRO\OneDrive\Imágenes\programacion sebas\Modulo 3\apache-tomcat-9.0.96\webapps\inventarios-1.0.0.war] has finished in [1.786] ms
28-Nov-2024 20:18:15.567 INFO [main] org.apache.catalina.startup.HostConfig.deployDirectory Desplegando el directorio [C:\Users\CHAMORRO\OneDrive\Imágenes\programacion sebas\Modulo 3\apache-tomcat-9.0.96\webapps\docs] de la aplicación web
28-Nov-2024 20:18:15.778 INFO [main] org.apache.jasper.servlet.TldScanner.scanJars Al menos un JAR, que se ha explorado buscando TLDs, aún no contenía TLDs. Activar historial de depuración para este historiador para una completa lista de los JARs que fueron explorados y de los que nos se halló TLDs. Saltarse JARs no necesarios durante la exploración puede dar lugar a una mejora de tiempo significativa en el arranque y compilación de JSP .
28-Nov-2024 20:18:15.782 INFO [main] org.apache.catalina.startup.HostConfig.deployDirectory Deployment of web application directory [C:\Users\CHAMORRO\OneDrive\Imágenes\programacion sebas\Modulo 3\apache-tomcat-9.0.96\webapps\docs] has finished in [215] ms
28-Nov-2024 20:18:15.783 INFO [main] org.apache.catalina.startup.HostConfig.deployDirectory Desplegando el directorio [C:\Users\CHAMORRO\OneDrive\Imágenes\programacion sebas\Modulo 3\apache-tomcat-9.0.96\webapps\examples] de la aplicación web
28-Nov-2024 20:18:16.548 INFO [main] org.apache.jasper.servlet.TldScanner.scanJars Al menos un JAR, que se ha explorado buscando TLDs, aún no contenía TLDs. Activar historial de depuración para este historiador para una completa lista de los JARs que fueron explorados y de los que nos se halló TLDs. Saltarse JARs no necesarios durante la exploración puede dar lugar a una mejora de tiempo significativa en el arranque y compilación de JSP .
28-Nov-2024 20:18:16.635 INFO [main] org.apache.catalina.startup.HostConfig.deployDirectory Deployment of web application directory [C:\Users\CHAMORRO\OneDrive\Imágenes\programacion sebas\Modulo 3\apache-tomcat-9.0.96\webapps\examples] has finished in [853] ms
28-Nov-2024 20:18:16.635 INFO [main] org.apache.catalina.startup.HostConfig.deployDirectory Desplegando el directorio [C:\Users\CHAMORRO\OneDrive\Imágenes\programacion sebas\Modulo 3\apache-tomcat-9.0.96\webapps\host-manager] de la aplicación web
28-Nov-2024 20:18:16.837 INFO [main] org.apache.jasper.servlet.TldScanner.scanJars Al menos un JAR, que se ha explorado buscando TLDs, aún no contenía TLDs. Activar historial de depuración para este historiador para una completa lista de los JARs que fueron explorados y de los que nos se halló TLDs. Saltarse JARs no necesarios durante la exploración puede dar lugar a una mejora de tiempo significativa en el arranque y compilación de JSP .
28-Nov-2024 20:18:16.847 INFO [main] org.apache.catalina.startup.HostConfig.deployDirectory Deployment of web application directory [C:\Users\CHAMORRO\OneDrive\Imágenes\programacion sebas\Modulo 3\apache-tomcat-9.0.96\webapps\host-manager] has finished in [211] ms
28-Nov-2024 20:18:16.847 INFO [main] org.apache.catalina.startup.HostConfig.deployDirectory Desplegando el directorio [C:\Users\CHAMORRO\OneDrive\Imágenes\programacion sebas\Modulo 3\apache-tomcat-9.0.96\webapps\manager] de la aplicación web
28-Nov-2024 20:18:17.043 INFO [main] org.apache.jasper.servlet.TldScanner.scanJars Al menos un JAR, que se ha explorado buscando TLDs, aún no contenía TLDs. Activar historial de depuración para este historiador para una completa lista de los JARs que fueron explorados y de los que nos se halló TLDs. Saltarse JARs no necesarios durante la exploración puede dar lugar a una mejora de tiempo significativa en el arranque y compilación de JSP .
28-Nov-2024 20:18:17.047 INFO [main] org.apache.catalina.startup.HostConfig.deployDirectory Deployment of web application directory [C:\Users\CHAMORRO\OneDrive\Imágenes\programacion sebas\Modulo 3\apache-tomcat-9.0.96\webapps\manager] has finished in [200] ms
28-Nov-2024 20:18:17.048 INFO [main] org.apache.catalina.startup.HostConfig.deployDirectory Desplegando el directorio [C:\Users\CHAMORRO\OneDrive\Imágenes\programacion sebas\Modulo 3\apache-tomcat-9.0.96\webapps\ROOT] de la aplicación web
28-Nov-2024 20:18:17.244 INFO [main] org.apache.jasper.servlet.TldScanner.scanJars Al menos un JAR, que se ha explorado buscando TLDs, aún no contenía TLDs. Activar historial de depuración para este historiador para una completa lista de los JARs que fueron explorados y de los que nos se halló TLDs. Saltarse JARs no necesarios durante la exploración puede dar lugar a una mejora de tiempo significativa en el arranque y compilación de JSP .
28-Nov-2024 20:18:17.247 INFO [main] org.apache.catalina.startup.HostConfig.deployDirectory Deployment of web application directory [C:\Users\CHAMORRO\OneDrive\Imágenes\programacion sebas\Modulo 3\apache-tomcat-9.0.96\webapps\ROOT] has finished in [199] ms
28-Nov-2024 20:18:17.252 INFO [main] org.apache.coyote.AbstractProtocol.start Starting ProtocolHandler ["http-nio-8080"]
28-Nov-2024 20:18:17.284 INFO [main] org.apache.catalina.startup.Catalina.start Server startup in [14509] milliseconds
28-Nov-2024 20:54:55.897 INFO [Catalina-utility-2] org.apache.catalina.startup.HostConfig.undeploy Repliegue (undeploy) de la aplicación web que tiene como trayectoria de contexto [/inventarios-1.0.0]
28-Nov-2024 20:55:01.088 INFO [main] org.apache.catalina.startup.VersionLoggerListener.log Nombre de la versión del servidor: Apache Tomcat/9.0.96
28-Nov-2024 20:55:01.104 INFO [main] org.apache.catalina.startup.VersionLoggerListener.log Server built:                      Oct 3 2024 19:44:30 UTC
28-Nov-2024 20:55:01.105 INFO [main] org.apache.catalina.startup.VersionLoggerListener.log Número de versión de servidor:     9.0.96.0
28-Nov-2024 20:55:01.105 INFO [main] org.apache.catalina.startup.VersionLoggerListener.log OS Name:                           Windows 10
28-Nov-2024 20:55:01.106 INFO [main] org.apache.catalina.startup.VersionLoggerListener.log Versión de Systema Operativo:      10.0
28-Nov-2024 20:55:01.106 INFO [main] org.apache.catalina.startup.VersionLoggerListener.log Arquitectura:                      amd64
28-Nov-2024 20:55:01.106 INFO [main] org.apache.catalina.startup.VersionLoggerListener.log Java Home:                         C:\Program Files\Java\jdk-23
28-Nov-2024 20:55:01.106 INFO [main] org.apache.catalina.startup.VersionLoggerListener.log JVM Version:                       23+37-2369
28-Nov-2024 20:55:01.107 INFO [main] org.apache.catalina.startup.VersionLoggerListener.log Vededor JVM:                       Oracle Corporation
28-Nov-2024 20:55:01.107 INFO [main] org.apache.catalina.startup.VersionLoggerListener.log CATALINA_BASE:                     C:\Users\CHAMORRO\OneDrive\Imágenes\programacion sebas\Modulo 3\apache-tomcat-9.0.96
28-Nov-2024 20:55:01.121 INFO [main] org.apache.catalina.startup.VersionLoggerListener.log CATALINA_HOME:                     C:\Users\CHAMORRO\OneDrive\Imágenes\programacion sebas\Modulo 3\apache-tomcat-9.0.96
28-Nov-2024 20:55:01.186 INFO [main] org.apache.catalina.startup.VersionLoggerListener.log Command line argument:             --add-opens=java.base/java.lang=ALL-UNNAMED
28-Nov-2024 20:55:01.200 INFO [main] org.apache.catalina.startup.VersionLoggerListener.log Command line argument:             --add-opens=java.base/java.io=ALL-UNNAMED
28-Nov-2024 20:55:01.482 INFO [main] org.apache.catalina.startup.VersionLoggerListener.log Command line argument:             --add-opens=java.base/java.util=ALL-UNNAMED
28-Nov-2024 20:55:01.600 INFO [main] org.apache.catalina.startup.VersionLoggerListener.log Command line argument:             --add-opens=java.base/java.util.concurrent=ALL-UNNAMED
28-Nov-2024 20:55:01.641 INFO [main] org.apache.catalina.startup.VersionLoggerListener.log Command line argument:             --add-opens=java.rmi/sun.rmi.transport=ALL-UNNAMED
28-Nov-2024 20:55:01.675 INFO [main] org.apache.catalina.startup.VersionLoggerListener.log Command line argument:             -Djava.util.logging.config.file=C:\Users\CHAMORRO\OneDrive\Imágenes\programacion sebas\Modulo 3\apache-tomcat-9.0.96\conf\logging.properties
28-Nov-2024 20:55:01.700 INFO [main] org.apache.catalina.startup.VersionLoggerListener.log Command line argument:             -Djava.util.logging.manager=org.apache.juli.ClassLoaderLogManager
28-Nov-2024 20:55:01.715 INFO [main] org.apache.catalina.startup.VersionLoggerListener.log Command line argument:             -Djdk.tls.ephemeralDHKeySize=2048
28-Nov-2024 20:55:01.749 INFO [main] org.apache.catalina.startup.VersionLoggerListener.log Command line argument:             -Djava.protocol.handler.pkgs=org.apache.catalina.webresources
28-Nov-2024 20:55:01.759 INFO [main] org.apache.catalina.startup.VersionLoggerListener.log Command line argument:             -Dignore.endorsed.dirs=
28-Nov-2024 20:55:01.762 INFO [main] org.apache.catalina.startup.VersionLoggerListener.log Command line argument:             -Dcatalina.base=C:\Users\CHAMORRO\OneDrive\Imágenes\programacion sebas\Modulo 3\apache-tomcat-9.0.96
28-Nov-2024 20:55:01.764 INFO [main] org.apache.catalina.startup.VersionLoggerListener.log Command line argument:             -Dcatalina.home=C:\Users\CHAMORRO\OneDrive\Imágenes\programacion sebas\Modulo 3\apache-tomcat-9.0.96
28-Nov-2024 20:55:01.765 INFO [main] org.apache.catalina.startup.VersionLoggerListener.log Command line argument:             -Djava.io.tmpdir=C:\Users\CHAMORRO\OneDrive\Imágenes\programacion sebas\Modulo 3\apache-tomcat-9.0.96\temp
28-Nov-2024 20:55:01.787 INFO [main] org.apache.catalina.core.AprLifecycleListener.lifecycleEvent Cargada la biblioteca nativa APR de Apache Tomcat [1.3.1] con la versión APR [1.7.4].
28-Nov-2024 20:55:01.795 INFO [main] org.apache.catalina.core.AprLifecycleListener.lifecycleEvent Capacidades APR: IPv6 [true], enviar fichero [true], aceptar filtros [false], aleatorio [true], UDS [true].
28-Nov-2024 20:55:01.797 INFO [main] org.apache.catalina.core.AprLifecycleListener.lifecycleEvent APR/OpenSSL configuration: useAprConnector [false], useOpenSSL [true]
28-Nov-2024 20:55:01.828 INFO [main] org.apache.catalina.core.AprLifecycleListener.initializeSSL OpenSSL inicializado correctamente [OpenSSL 3.0.14 4 Jun 2024]
28-Nov-2024 20:55:02.943 INFO [main] org.apache.coyote.AbstractProtocol.init Inicializando el manejador de protocolo ["http-nio-8080"]

28-Nov-2024 20:55:03.019 INFO [main] org.apache.catalina.startup.Catalina.load Server initialization in [2560] milliseconds
28-Nov-2024 20:55:03.087 WARNING [main] java.util.ArrayList.forEach Name = PgDB Property maxActive is not used in DBCP2, use maxTotal instead. maxTotal default value is 8. You have set value of "100" for "maxActive" property, which is being ignored.
28-Nov-2024 20:55:03.087 WARNING [main] java.util.ArrayList.forEach Name = PgDB Property maxWait is not used in DBCP2 , use maxWaitMillis instead. maxWaitMillis default value is PT-0.001S. You have set value of "10000" for "maxWait" property, which is being ignored.
28-Nov-2024 20:55:03.090 INFO [main] java.util.ArrayList.forEach Name = PgDB Ignoring unknown property: value of "jdbc/PgDB" for "global" property
28-Nov-2024 20:55:03.169 WARNING [main] java.util.ArrayList.forEach Name = ConexionInventario Property maxActive is not used in DBCP2, use maxTotal instead. maxTotal default value is 8. You have set value of "100" for "maxActive" property, which is being ignored.
28-Nov-2024 20:55:03.170 WARNING [main] java.util.ArrayList.forEach Name = ConexionInventario Property maxWait is not used in DBCP2 , use maxWaitMillis instead. maxWaitMillis default value is PT-0.001S. You have set value of "10000" for "maxWait" property, which is being ignored.
28-Nov-2024 20:55:03.172 INFO [main] java.util.ArrayList.forEach Name = ConexionInventario Ignoring unknown property: value of "jdbc/ConexionInventario" for "global" property
28-Nov-2024 20:55:03.265 INFO [main] org.apache.catalina.core.StandardService.startInternal Arrancando servicio [Catalina]
28-Nov-2024 20:55:03.267 INFO [main] org.apache.catalina.core.StandardEngine.startInternal Starting Servlet engine: [Apache Tomcat/9.0.96]
28-Nov-2024 20:55:03.320 INFO [main] org.apache.catalina.startup.HostConfig.deployWAR Despliegue del archivo [C:\Users\CHAMORRO\OneDrive\Imágenes\programacion sebas\Modulo 3\apache-tomcat-9.0.96\webapps\ejemploweb.war] de la aplicación web
28-Nov-2024 20:55:07.392 INFO [main] org.apache.jasper.servlet.TldScanner.scanJars Al menos un JAR, que se ha explorado buscando TLDs, aún no contenía TLDs. Activar historial de depuración para este historiador para una completa lista de los JARs que fueron explorados y de los que nos se halló TLDs. Saltarse JARs no necesarios durante la exploración puede dar lugar a una mejora de tiempo significativa en el arranque y compilación de JSP .
28-Nov-2024 20:55:10.124 INFO [main] org.apache.catalina.startup.HostConfig.deployWAR Deployment of web application archive [C:\Users\CHAMORRO\OneDrive\Imágenes\programacion sebas\Modulo 3\apache-tomcat-9.0.96\webapps\ejemploweb.war] has finished in [6.804] ms
28-Nov-2024 20:55:10.129 INFO [main] org.apache.catalina.startup.HostConfig.deployWAR Despliegue del archivo [C:\Users\CHAMORRO\OneDrive\Imágenes\programacion sebas\Modulo 3\apache-tomcat-9.0.96\webapps\EvaluacionGrupal1.war] de la aplicación web
28-Nov-2024 20:55:12.749 INFO [main] org.apache.jasper.servlet.TldScanner.scanJars Al menos un JAR, que se ha explorado buscando TLDs, aún no contenía TLDs. Activar historial de depuración para este historiador para una completa lista de los JARs que fueron explorados y de los que nos se halló TLDs. Saltarse JARs no necesarios durante la exploración puede dar lugar a una mejora de tiempo significativa en el arranque y compilación de JSP .
28-Nov-2024 20:55:14.901 INFO [main] org.apache.catalina.startup.HostConfig.deployWAR Deployment of web application archive [C:\Users\CHAMORRO\OneDrive\Imágenes\programacion sebas\Modulo 3\apache-tomcat-9.0.96\webapps\EvaluacionGrupal1.war] has finished in [4.771] ms
28-Nov-2024 20:55:14.907 INFO [main] org.apache.catalina.startup.HostConfig.deployWAR Despliegue del archivo [C:\Users\CHAMORRO\OneDrive\Imágenes\programacion sebas\Modulo 3\apache-tomcat-9.0.96\webapps\inventario.war] de la aplicación web
28-Nov-2024 20:55:17.327 INFO [main] org.apache.jasper.servlet.TldScanner.scanJars Al menos un JAR, que se ha explorado buscando TLDs, aún no contenía TLDs. Activar historial de depuración para este historiador para una completa lista de los JARs que fueron explorados y de los que nos se halló TLDs. Saltarse JARs no necesarios durante la exploración puede dar lugar a una mejora de tiempo significativa en el arranque y compilación de JSP .
28-Nov-2024 20:55:19.424 INFO [main] org.apache.catalina.startup.HostConfig.deployWAR Deployment of web application archive [C:\Users\CHAMORRO\OneDrive\Imágenes\programacion sebas\Modulo 3\apache-tomcat-9.0.96\webapps\inventario.war] has finished in [4.517] ms
28-Nov-2024 20:55:19.428 INFO [main] org.apache.catalina.startup.HostConfig.deployWAR Despliegue del archivo [C:\Users\CHAMORRO\OneDrive\Imágenes\programacion sebas\Modulo 3\apache-tomcat-9.0.96\webapps\inventarios-1.0.0.war] de la aplicación web
28-Nov-2024 20:55:19.434 INFO [main] org.apache.catalina.startup.ExpandWar.expand An expanded directory [C:\Users\CHAMORRO\OneDrive\Imágenes\programacion sebas\Modulo 3\apache-tomcat-9.0.96\webapps\inventarios-1.0.0] was found with a last modified time that did not match the associated WAR. It will be deleted.
28-Nov-2024 20:55:21.720 INFO [main] org.apache.jasper.servlet.TldScanner.scanJars Al menos un JAR, que se ha explorado buscando TLDs, aún no contenía TLDs. Activar historial de depuración para este historiador para una completa lista de los JARs que fueron explorados y de los que nos se halló TLDs. Saltarse JARs no necesarios durante la exploración puede dar lugar a una mejora de tiempo significativa en el arranque y compilación de JSP .
28-Nov-2024 20:55:21.754 INFO [main] org.apache.catalina.startup.HostConfig.deployWAR Deployment of web application archive [C:\Users\CHAMORRO\OneDrive\Imágenes\programacion sebas\Modulo 3\apache-tomcat-9.0.96\webapps\inventarios-1.0.0.war] has finished in [2.327] ms
28-Nov-2024 20:55:21.755 INFO [main] org.apache.catalina.startup.HostConfig.deployDirectory Desplegando el directorio [C:\Users\CHAMORRO\OneDrive\Imágenes\programacion sebas\Modulo 3\apache-tomcat-9.0.96\webapps\docs] de la aplicación web
28-Nov-2024 20:55:22.014 INFO [main] org.apache.jasper.servlet.TldScanner.scanJars Al menos un JAR, que se ha explorado buscando TLDs, aún no contenía TLDs. Activar historial de depuración para este historiador para una completa lista de los JARs que fueron explorados y de los que nos se halló TLDs. Saltarse JARs no necesarios durante la exploración puede dar lugar a una mejora de tiempo significativa en el arranque y compilación de JSP .
28-Nov-2024 20:55:22.021 INFO [main] org.apache.catalina.startup.HostConfig.deployDirectory Deployment of web application directory [C:\Users\CHAMORRO\OneDrive\Imágenes\programacion sebas\Modulo 3\apache-tomcat-9.0.96\webapps\docs] has finished in [266] ms
28-Nov-2024 20:55:22.022 INFO [main] org.apache.catalina.startup.HostConfig.deployDirectory Desplegando el directorio [C:\Users\CHAMORRO\OneDrive\Imágenes\programacion sebas\Modulo 3\apache-tomcat-9.0.96\webapps\examples] de la aplicación web
28-Nov-2024 20:55:23.069 INFO [main] org.apache.jasper.servlet.TldScanner.scanJars Al menos un JAR, que se ha explorado buscando TLDs, aún no contenía TLDs. Activar historial de depuración para este historiador para una completa lista de los JARs que fueron explorados y de los que nos se halló TLDs. Saltarse JARs no necesarios durante la exploración puede dar lugar a una mejora de tiempo significativa en el arranque y compilación de JSP .
28-Nov-2024 20:55:23.235 INFO [main] org.apache.catalina.startup.HostConfig.deployDirectory Deployment of web application directory [C:\Users\CHAMORRO\OneDrive\Imágenes\programacion sebas\Modulo 3\apache-tomcat-9.0.96\webapps\examples] has finished in [1.213] ms
28-Nov-2024 20:55:23.235 INFO [main] org.apache.catalina.startup.HostConfig.deployDirectory Desplegando el directorio [C:\Users\CHAMORRO\OneDrive\Imágenes\programacion sebas\Modulo 3\apache-tomcat-9.0.96\webapps\host-manager] de la aplicación web
28-Nov-2024 20:55:23.506 INFO [main] org.apache.jasper.servlet.TldScanner.scanJars Al menos un JAR, que se ha explorado buscando TLDs, aún no contenía TLDs. Activar historial de depuración para este historiador para una completa lista de los JARs que fueron explorados y de los que nos se halló TLDs. Saltarse JARs no necesarios durante la exploración puede dar lugar a una mejora de tiempo significativa en el arranque y compilación de JSP .
28-Nov-2024 20:55:23.521 INFO [main] org.apache.catalina.startup.HostConfig.deployDirectory Deployment of web application directory [C:\Users\CHAMORRO\OneDrive\Imágenes\programacion sebas\Modulo 3\apache-tomcat-9.0.96\webapps\host-manager] has finished in [285] ms
28-Nov-2024 20:55:23.521 INFO [main] org.apache.catalina.startup.HostConfig.deployDirectory Desplegando el directorio [C:\Users\CHAMORRO\OneDrive\Imágenes\programacion sebas\Modulo 3\apache-tomcat-9.0.96\webapps\manager] de la aplicación web
28-Nov-2024 20:55:23.962 INFO [main] org.apache.jasper.servlet.TldScanner.scanJars Al menos un JAR, que se ha explorado buscando TLDs, aún no contenía TLDs. Activar historial de depuración para este historiador para una completa lista de los JARs que fueron explorados y de los que nos se halló TLDs. Saltarse JARs no necesarios durante la exploración puede dar lugar a una mejora de tiempo significativa en el arranque y compilación de JSP .
28-Nov-2024 20:55:23.969 INFO [main] org.apache.catalina.startup.HostConfig.deployDirectory Deployment of web application directory [C:\Users\CHAMORRO\OneDrive\Imágenes\programacion sebas\Modulo 3\apache-tomcat-9.0.96\webapps\manager] has finished in [448] ms
28-Nov-2024 20:55:23.972 INFO [main] org.apache.catalina.startup.HostConfig.deployDirectory Desplegando el directorio [C:\Users\CHAMORRO\OneDrive\Imágenes\programacion sebas\Modulo 3\apache-tomcat-9.0.96\webapps\ROOT] de la aplicación web
28-Nov-2024 20:55:24.263 INFO [main] org.apache.jasper.servlet.TldScanner.scanJars Al menos un JAR, que se ha explorado buscando TLDs, aún no contenía TLDs. Activar historial de depuración para este historiador para una completa lista de los JARs que fueron explorados y de los que nos se halló TLDs. Saltarse JARs no necesarios durante la exploración puede dar lugar a una mejora de tiempo significativa en el arranque y compilación de JSP .
28-Nov-2024 20:55:24.270 INFO [main] org.apache.catalina.startup.HostConfig.deployDirectory Deployment of web application directory [C:\Users\CHAMORRO\OneDrive\Imágenes\programacion sebas\Modulo 3\apache-tomcat-9.0.96\webapps\ROOT] has finished in [298] ms
28-Nov-2024 20:55:24.282 INFO [main] org.apache.coyote.AbstractProtocol.start Starting ProtocolHandler ["http-nio-8080"]
28-Nov-2024 20:55:24.324 INFO [main] org.apache.catalina.startup.Catalina.start Server startup in [21301] milliseconds
28-Nov-2024 21:35:49.660 INFO [main] org.apache.catalina.startup.VersionLoggerListener.log Nombre de la versión del servidor: Apache Tomcat/9.0.96
28-Nov-2024 21:35:49.665 INFO [main] org.apache.catalina.startup.VersionLoggerListener.log Server built:                      Oct 3 2024 19:44:30 UTC
28-Nov-2024 21:35:49.666 INFO [main] org.apache.catalina.startup.VersionLoggerListener.log Número de versión de servidor:     9.0.96.0
28-Nov-2024 21:35:49.666 INFO [main] org.apache.catalina.startup.VersionLoggerListener.log OS Name:                           Windows 10
28-Nov-2024 21:35:49.666 INFO [main] org.apache.catalina.startup.VersionLoggerListener.log Versión de Systema Operativo:      10.0
28-Nov-2024 21:35:49.667 INFO [main] org.apache.catalina.startup.VersionLoggerListener.log Arquitectura:                      amd64
28-Nov-2024 21:35:49.668 INFO [main] org.apache.catalina.startup.VersionLoggerListener.log Java Home:                         C:\Program Files\Java\jdk-23
28-Nov-2024 21:35:49.669 INFO [main] org.apache.catalina.startup.VersionLoggerListener.log JVM Version:                       23+37-2369
28-Nov-2024 21:35:49.669 INFO [main] org.apache.catalina.startup.VersionLoggerListener.log Vededor JVM:                       Oracle Corporation
28-Nov-2024 21:35:49.671 INFO [main] org.apache.catalina.startup.VersionLoggerListener.log CATALINA_BASE:                     C:\Users\CHAMORRO\OneDrive\Imágenes\programacion sebas\Modulo 3\apache-tomcat-9.0.96
28-Nov-2024 21:35:49.672 INFO [main] org.apache.catalina.startup.VersionLoggerListener.log CATALINA_HOME:                     C:\Users\CHAMORRO\OneDrive\Imágenes\programacion sebas\Modulo 3\apache-tomcat-9.0.96
28-Nov-2024 21:35:49.678 INFO [main] org.apache.catalina.startup.VersionLoggerListener.log Command line argument:             --add-opens=java.base/java.lang=ALL-UNNAMED
28-Nov-2024 21:35:49.678 INFO [main] org.apache.catalina.startup.VersionLoggerListener.log Command line argument:             --add-opens=java.base/java.io=ALL-UNNAMED
28-Nov-2024 21:35:49.678 INFO [main] org.apache.catalina.startup.VersionLoggerListener.log Command line argument:             --add-opens=java.base/java.util=ALL-UNNAMED
28-Nov-2024 21:35:49.679 INFO [main] org.apache.catalina.startup.VersionLoggerListener.log Command line argument:             --add-opens=java.base/java.util.concurrent=ALL-UNNAMED
28-Nov-2024 21:35:49.680 INFO [main] org.apache.catalina.startup.VersionLoggerListener.log Command line argument:             --add-opens=java.rmi/sun.rmi.transport=ALL-UNNAMED
28-Nov-2024 21:35:49.680 INFO [main] org.apache.catalina.startup.VersionLoggerListener.log Command line argument:             -Djava.util.logging.config.file=C:\Users\CHAMORRO\OneDrive\Imágenes\programacion sebas\Modulo 3\apache-tomcat-9.0.96\conf\logging.properties
28-Nov-2024 21:35:49.681 INFO [main] org.apache.catalina.startup.VersionLoggerListener.log Command line argument:             -Djava.util.logging.manager=org.apache.juli.ClassLoaderLogManager
28-Nov-2024 21:35:49.681 INFO [main] org.apache.catalina.startup.VersionLoggerListener.log Command line argument:             -Djdk.tls.ephemeralDHKeySize=2048
28-Nov-2024 21:35:49.682 INFO [main] org.apache.catalina.startup.VersionLoggerListener.log Command line argument:             -Djava.protocol.handler.pkgs=org.apache.catalina.webresources
28-Nov-2024 21:35:49.682 INFO [main] org.apache.catalina.startup.VersionLoggerListener.log Command line argument:             -Dignore.endorsed.dirs=
28-Nov-2024 21:35:49.682 INFO [main] org.apache.catalina.startup.VersionLoggerListener.log Command line argument:             -Dcatalina.base=C:\Users\CHAMORRO\OneDrive\Imágenes\programacion sebas\Modulo 3\apache-tomcat-9.0.96
28-Nov-2024 21:35:49.683 INFO [main] org.apache.catalina.startup.VersionLoggerListener.log Command line argument:             -Dcatalina.home=C:\Users\CHAMORRO\OneDrive\Imágenes\programacion sebas\Modulo 3\apache-tomcat-9.0.96
28-Nov-2024 21:35:49.683 INFO [main] org.apache.catalina.startup.VersionLoggerListener.log Command line argument:             -Djava.io.tmpdir=C:\Users\CHAMORRO\OneDrive\Imágenes\programacion sebas\Modulo 3\apache-tomcat-9.0.96\temp
28-Nov-2024 21:35:49.689 INFO [main] org.apache.catalina.core.AprLifecycleListener.lifecycleEvent Cargada la biblioteca nativa APR de Apache Tomcat [1.3.1] con la versión APR [1.7.4].
28-Nov-2024 21:35:49.690 INFO [main] org.apache.catalina.core.AprLifecycleListener.lifecycleEvent Capacidades APR: IPv6 [true], enviar fichero [true], aceptar filtros [false], aleatorio [true], UDS [true].
28-Nov-2024 21:35:49.690 INFO [main] org.apache.catalina.core.AprLifecycleListener.lifecycleEvent APR/OpenSSL configuration: useAprConnector [false], useOpenSSL [true]
28-Nov-2024 21:35:49.698 INFO [main] org.apache.catalina.core.AprLifecycleListener.initializeSSL OpenSSL inicializado correctamente [OpenSSL 3.0.14 4 Jun 2024]
28-Nov-2024 21:35:50.487 INFO [main] org.apache.coyote.AbstractProtocol.init Inicializando el manejador de protocolo ["http-nio-8080"]

28-Nov-2024 21:35:50.526 INFO [main] org.apache.catalina.startup.Catalina.load Server initialization in [1247] milliseconds
28-Nov-2024 21:35:50.563 WARNING [main] java.util.ArrayList.forEach Name = PgDB Property maxActive is not used in DBCP2, use maxTotal instead. maxTotal default value is 8. You have set value of "100" for "maxActive" property, which is being ignored.
28-Nov-2024 21:35:50.564 WARNING [main] java.util.ArrayList.forEach Name = PgDB Property maxWait is not used in DBCP2 , use maxWaitMillis instead. maxWaitMillis default value is PT-0.001S. You have set value of "10000" for "maxWait" property, which is being ignored.
28-Nov-2024 21:35:50.565 INFO [main] java.util.ArrayList.forEach Name = PgDB Ignoring unknown property: value of "jdbc/PgDB" for "global" property
28-Nov-2024 21:35:50.599 WARNING [main] java.util.ArrayList.forEach Name = ConexionInventario Property maxActive is not used in DBCP2, use maxTotal instead. maxTotal default value is 8. You have set value of "100" for "maxActive" property, which is being ignored.
28-Nov-2024 21:35:50.599 WARNING [main] java.util.ArrayList.forEach Name = ConexionInventario Property maxWait is not used in DBCP2 , use maxWaitMillis instead. maxWaitMillis default value is PT-0.001S. You have set value of "10000" for "maxWait" property, which is being ignored.
28-Nov-2024 21:35:50.600 INFO [main] java.util.ArrayList.forEach Name = ConexionInventario Ignoring unknown property: value of "jdbc/ConexionInventario" for "global" property
28-Nov-2024 21:35:50.643 INFO [main] org.apache.catalina.core.StandardService.startInternal Arrancando servicio [Catalina]
28-Nov-2024 21:35:50.644 INFO [main] org.apache.catalina.core.StandardEngine.startInternal Starting Servlet engine: [Apache Tomcat/9.0.96]
28-Nov-2024 21:35:50.679 INFO [main] org.apache.catalina.startup.HostConfig.deployWAR Despliegue del archivo [C:\Users\CHAMORRO\OneDrive\Imágenes\programacion sebas\Modulo 3\apache-tomcat-9.0.96\webapps\ejemploweb.war] de la aplicación web
28-Nov-2024 21:35:53.499 INFO [main] org.apache.jasper.servlet.TldScanner.scanJars Al menos un JAR, que se ha explorado buscando TLDs, aún no contenía TLDs. Activar historial de depuración para este historiador para una completa lista de los JARs que fueron explorados y de los que nos se halló TLDs. Saltarse JARs no necesarios durante la exploración puede dar lugar a una mejora de tiempo significativa en el arranque y compilación de JSP .
28-Nov-2024 21:35:55.389 INFO [main] org.apache.catalina.startup.HostConfig.deployWAR Deployment of web application archive [C:\Users\CHAMORRO\OneDrive\Imágenes\programacion sebas\Modulo 3\apache-tomcat-9.0.96\webapps\ejemploweb.war] has finished in [4.710] ms
28-Nov-2024 21:35:55.395 INFO [main] org.apache.catalina.startup.HostConfig.deployWAR Despliegue del archivo [C:\Users\CHAMORRO\OneDrive\Imágenes\programacion sebas\Modulo 3\apache-tomcat-9.0.96\webapps\EvaluacionGrupal1.war] de la aplicación web
28-Nov-2024 21:35:57.191 INFO [main] org.apache.jasper.servlet.TldScanner.scanJars Al menos un JAR, que se ha explorado buscando TLDs, aún no contenía TLDs. Activar historial de depuración para este historiador para una completa lista de los JARs que fueron explorados y de los que nos se halló TLDs. Saltarse JARs no necesarios durante la exploración puede dar lugar a una mejora de tiempo significativa en el arranque y compilación de JSP .
28-Nov-2024 21:35:58.709 INFO [main] org.apache.catalina.startup.HostConfig.deployWAR Deployment of web application archive [C:\Users\CHAMORRO\OneDrive\Imágenes\programacion sebas\Modulo 3\apache-tomcat-9.0.96\webapps\EvaluacionGrupal1.war] has finished in [3.314] ms
28-Nov-2024 21:35:58.712 INFO [main] org.apache.catalina.startup.HostConfig.deployWAR Despliegue del archivo [C:\Users\CHAMORRO\OneDrive\Imágenes\programacion sebas\Modulo 3\apache-tomcat-9.0.96\webapps\inventario.war] de la aplicación web
28-Nov-2024 21:36:00.399 INFO [main] org.apache.jasper.servlet.TldScanner.scanJars Al menos un JAR, que se ha explorado buscando TLDs, aún no contenía TLDs. Activar historial de depuración para este historiador para una completa lista de los JARs que fueron explorados y de los que nos se halló TLDs. Saltarse JARs no necesarios durante la exploración puede dar lugar a una mejora de tiempo significativa en el arranque y compilación de JSP .
28-Nov-2024 21:36:02.432 INFO [main] org.apache.catalina.startup.HostConfig.deployWAR Deployment of web application archive [C:\Users\CHAMORRO\OneDrive\Imágenes\programacion sebas\Modulo 3\apache-tomcat-9.0.96\webapps\inventario.war] has finished in [3.720] ms
28-Nov-2024 21:36:02.436 INFO [main] org.apache.catalina.startup.HostConfig.deployWAR Despliegue del archivo [C:\Users\CHAMORRO\OneDrive\Imágenes\programacion sebas\Modulo 3\apache-tomcat-9.0.96\webapps\inventarios-1.0.0.war] de la aplicación web
28-Nov-2024 21:36:02.440 INFO [main] org.apache.catalina.startup.ExpandWar.expand An expanded directory [C:\Users\CHAMORRO\OneDrive\Imágenes\programacion sebas\Modulo 3\apache-tomcat-9.0.96\webapps\inventarios-1.0.0] was found with a last modified time that did not match the associated WAR. It will be deleted.
28-Nov-2024 21:36:04.337 INFO [main] org.apache.jasper.servlet.TldScanner.scanJars Al menos un JAR, que se ha explorado buscando TLDs, aún no contenía TLDs. Activar historial de depuración para este historiador para una completa lista de los JARs que fueron explorados y de los que nos se halló TLDs. Saltarse JARs no necesarios durante la exploración puede dar lugar a una mejora de tiempo significativa en el arranque y compilación de JSP .
28-Nov-2024 21:36:04.370 INFO [main] org.apache.catalina.startup.HostConfig.deployWAR Deployment of web application archive [C:\Users\CHAMORRO\OneDrive\Imágenes\programacion sebas\Modulo 3\apache-tomcat-9.0.96\webapps\inventarios-1.0.0.war] has finished in [1.934] ms
28-Nov-2024 21:36:04.376 INFO [main] org.apache.catalina.startup.HostConfig.deployDirectory Desplegando el directorio [C:\Users\CHAMORRO\OneDrive\Imágenes\programacion sebas\Modulo 3\apache-tomcat-9.0.96\webapps\docs] de la aplicación web
28-Nov-2024 21:36:04.628 INFO [main] org.apache.jasper.servlet.TldScanner.scanJars Al menos un JAR, que se ha explorado buscando TLDs, aún no contenía TLDs. Activar historial de depuración para este historiador para una completa lista de los JARs que fueron explorados y de los que nos se halló TLDs. Saltarse JARs no necesarios durante la exploración puede dar lugar a una mejora de tiempo significativa en el arranque y compilación de JSP .
28-Nov-2024 21:36:04.633 INFO [main] org.apache.catalina.startup.HostConfig.deployDirectory Deployment of web application directory [C:\Users\CHAMORRO\OneDrive\Imágenes\programacion sebas\Modulo 3\apache-tomcat-9.0.96\webapps\docs] has finished in [256] ms
28-Nov-2024 21:36:04.633 INFO [main] org.apache.catalina.startup.HostConfig.deployDirectory Desplegando el directorio [C:\Users\CHAMORRO\OneDrive\Imágenes\programacion sebas\Modulo 3\apache-tomcat-9.0.96\webapps\examples] de la aplicación web
28-Nov-2024 21:36:05.426 INFO [main] org.apache.jasper.servlet.TldScanner.scanJars Al menos un JAR, que se ha explorado buscando TLDs, aún no contenía TLDs. Activar historial de depuración para este historiador para una completa lista de los JARs que fueron explorados y de los que nos se halló TLDs. Saltarse JARs no necesarios durante la exploración puede dar lugar a una mejora de tiempo significativa en el arranque y compilación de JSP .
28-Nov-2024 21:36:05.571 INFO [main] org.apache.catalina.startup.HostConfig.deployDirectory Deployment of web application directory [C:\Users\CHAMORRO\OneDrive\Imágenes\programacion sebas\Modulo 3\apache-tomcat-9.0.96\webapps\examples] has finished in [938] ms
28-Nov-2024 21:36:05.572 INFO [main] org.apache.catalina.startup.HostConfig.deployDirectory Desplegando el directorio [C:\Users\CHAMORRO\OneDrive\Imágenes\programacion sebas\Modulo 3\apache-tomcat-9.0.96\webapps\host-manager] de la aplicación web
28-Nov-2024 21:36:05.843 INFO [main] org.apache.jasper.servlet.TldScanner.scanJars Al menos un JAR, que se ha explorado buscando TLDs, aún no contenía TLDs. Activar historial de depuración para este historiador para una completa lista de los JARs que fueron explorados y de los que nos se halló TLDs. Saltarse JARs no necesarios durante la exploración puede dar lugar a una mejora de tiempo significativa en el arranque y compilación de JSP .
28-Nov-2024 21:36:05.853 INFO [main] org.apache.catalina.startup.HostConfig.deployDirectory Deployment of web application directory [C:\Users\CHAMORRO\OneDrive\Imágenes\programacion sebas\Modulo 3\apache-tomcat-9.0.96\webapps\host-manager] has finished in [281] ms
28-Nov-2024 21:36:05.854 INFO [main] org.apache.catalina.startup.HostConfig.deployDirectory Desplegando el directorio [C:\Users\CHAMORRO\OneDrive\Imágenes\programacion sebas\Modulo 3\apache-tomcat-9.0.96\webapps\manager] de la aplicación web
28-Nov-2024 21:36:06.099 INFO [main] org.apache.jasper.servlet.TldScanner.scanJars Al menos un JAR, que se ha explorado buscando TLDs, aún no contenía TLDs. Activar historial de depuración para este historiador para una completa lista de los JARs que fueron explorados y de los que nos se halló TLDs. Saltarse JARs no necesarios durante la exploración puede dar lugar a una mejora de tiempo significativa en el arranque y compilación de JSP .
28-Nov-2024 21:36:06.105 INFO [main] org.apache.catalina.startup.HostConfig.deployDirectory Deployment of web application directory [C:\Users\CHAMORRO\OneDrive\Imágenes\programacion sebas\Modulo 3\apache-tomcat-9.0.96\webapps\manager] has finished in [250] ms
28-Nov-2024 21:36:06.105 INFO [main] org.apache.catalina.startup.HostConfig.deployDirectory Desplegando el directorio [C:\Users\CHAMORRO\OneDrive\Imágenes\programacion sebas\Modulo 3\apache-tomcat-9.0.96\webapps\ROOT] de la aplicación web
28-Nov-2024 21:36:06.309 INFO [main] org.apache.jasper.servlet.TldScanner.scanJars Al menos un JAR, que se ha explorado buscando TLDs, aún no contenía TLDs. Activar historial de depuración para este historiador para una completa lista de los JARs que fueron explorados y de los que nos se halló TLDs. Saltarse JARs no necesarios durante la exploración puede dar lugar a una mejora de tiempo significativa en el arranque y compilación de JSP .
28-Nov-2024 21:36:06.314 INFO [main] org.apache.catalina.startup.HostConfig.deployDirectory Deployment of web application directory [C:\Users\CHAMORRO\OneDrive\Imágenes\programacion sebas\Modulo 3\apache-tomcat-9.0.96\webapps\ROOT] has finished in [208] ms
28-Nov-2024 21:36:06.321 INFO [main] org.apache.coyote.AbstractProtocol.start Starting ProtocolHandler ["http-nio-8080"]
28-Nov-2024 21:36:06.355 INFO [main] org.apache.catalina.startup.Catalina.start Server startup in [15824] milliseconds
28-Nov-2024 21:42:47.868 INFO [main] org.apache.catalina.startup.VersionLoggerListener.log Nombre de la versión del servidor: Apache Tomcat/9.0.96
28-Nov-2024 21:42:47.873 INFO [main] org.apache.catalina.startup.VersionLoggerListener.log Server built:                      Oct 3 2024 19:44:30 UTC
28-Nov-2024 21:42:47.874 INFO [main] org.apache.catalina.startup.VersionLoggerListener.log Número de versión de servidor:     9.0.96.0
28-Nov-2024 21:42:47.874 INFO [main] org.apache.catalina.startup.VersionLoggerListener.log OS Name:                           Windows 10
28-Nov-2024 21:42:47.875 INFO [main] org.apache.catalina.startup.VersionLoggerListener.log Versión de Systema Operativo:      10.0
28-Nov-2024 21:42:47.875 INFO [main] org.apache.catalina.startup.VersionLoggerListener.log Arquitectura:                      amd64
28-Nov-2024 21:42:47.875 INFO [main] org.apache.catalina.startup.VersionLoggerListener.log Java Home:                         C:\Program Files\Java\jdk-23
28-Nov-2024 21:42:47.875 INFO [main] org.apache.catalina.startup.VersionLoggerListener.log JVM Version:                       23+37-2369
28-Nov-2024 21:42:47.876 INFO [main] org.apache.catalina.startup.VersionLoggerListener.log Vededor JVM:                       Oracle Corporation
28-Nov-2024 21:42:47.876 INFO [main] org.apache.catalina.startup.VersionLoggerListener.log CATALINA_BASE:                     C:\Users\CHAMORRO\OneDrive\Imágenes\programacion sebas\Modulo 3\apache-tomcat-9.0.96
28-Nov-2024 21:42:47.876 INFO [main] org.apache.catalina.startup.VersionLoggerListener.log CATALINA_HOME:                     C:\Users\CHAMORRO\OneDrive\Imágenes\programacion sebas\Modulo 3\apache-tomcat-9.0.96
28-Nov-2024 21:42:47.887 INFO [main] org.apache.catalina.startup.VersionLoggerListener.log Command line argument:             --add-opens=java.base/java.lang=ALL-UNNAMED
28-Nov-2024 21:42:47.887 INFO [main] org.apache.catalina.startup.VersionLoggerListener.log Command line argument:             --add-opens=java.base/java.io=ALL-UNNAMED
28-Nov-2024 21:42:47.887 INFO [main] org.apache.catalina.startup.VersionLoggerListener.log Command line argument:             --add-opens=java.base/java.util=ALL-UNNAMED
28-Nov-2024 21:42:47.887 INFO [main] org.apache.catalina.startup.VersionLoggerListener.log Command line argument:             --add-opens=java.base/java.util.concurrent=ALL-UNNAMED
28-Nov-2024 21:42:47.888 INFO [main] org.apache.catalina.startup.VersionLoggerListener.log Command line argument:             --add-opens=java.rmi/sun.rmi.transport=ALL-UNNAMED
28-Nov-2024 21:42:47.889 INFO [main] org.apache.catalina.startup.VersionLoggerListener.log Command line argument:             -Djava.util.logging.config.file=C:\Users\CHAMORRO\OneDrive\Imágenes\programacion sebas\Modulo 3\apache-tomcat-9.0.96\conf\logging.properties
28-Nov-2024 21:42:47.889 INFO [main] org.apache.catalina.startup.VersionLoggerListener.log Command line argument:             -Djava.util.logging.manager=org.apache.juli.ClassLoaderLogManager
28-Nov-2024 21:42:47.890 INFO [main] org.apache.catalina.startup.VersionLoggerListener.log Command line argument:             -Djdk.tls.ephemeralDHKeySize=2048
28-Nov-2024 21:42:47.890 INFO [main] org.apache.catalina.startup.VersionLoggerListener.log Command line argument:             -Djava.protocol.handler.pkgs=org.apache.catalina.webresources
28-Nov-2024 21:42:47.891 INFO [main] org.apache.catalina.startup.VersionLoggerListener.log Command line argument:             -Dignore.endorsed.dirs=
28-Nov-2024 21:42:47.891 INFO [main] org.apache.catalina.startup.VersionLoggerListener.log Command line argument:             -Dcatalina.base=C:\Users\CHAMORRO\OneDrive\Imágenes\programacion sebas\Modulo 3\apache-tomcat-9.0.96
28-Nov-2024 21:42:47.892 INFO [main] org.apache.catalina.startup.VersionLoggerListener.log Command line argument:             -Dcatalina.home=C:\Users\CHAMORRO\OneDrive\Imágenes\programacion sebas\Modulo 3\apache-tomcat-9.0.96
28-Nov-2024 21:42:47.892 INFO [main] org.apache.catalina.startup.VersionLoggerListener.log Command line argument:             -Djava.io.tmpdir=C:\Users\CHAMORRO\OneDrive\Imágenes\programacion sebas\Modulo 3\apache-tomcat-9.0.96\temp
28-Nov-2024 21:42:47.897 INFO [main] org.apache.catalina.core.AprLifecycleListener.lifecycleEvent Cargada la biblioteca nativa APR de Apache Tomcat [1.3.1] con la versión APR [1.7.4].
28-Nov-2024 21:42:47.898 INFO [main] org.apache.catalina.core.AprLifecycleListener.lifecycleEvent Capacidades APR: IPv6 [true], enviar fichero [true], aceptar filtros [false], aleatorio [true], UDS [true].
28-Nov-2024 21:42:47.898 INFO [main] org.apache.catalina.core.AprLifecycleListener.lifecycleEvent APR/OpenSSL configuration: useAprConnector [false], useOpenSSL [true]
28-Nov-2024 21:42:47.907 INFO [main] org.apache.catalina.core.AprLifecycleListener.initializeSSL OpenSSL inicializado correctamente [OpenSSL 3.0.14 4 Jun 2024]
28-Nov-2024 21:42:48.475 INFO [main] org.apache.coyote.AbstractProtocol.init Inicializando el manejador de protocolo ["http-nio-8080"]

28-Nov-2024 21:42:48.524 INFO [main] org.apache.catalina.startup.Catalina.load Server initialization in [998] milliseconds
28-Nov-2024 21:42:48.563 WARNING [main] java.util.ArrayList.forEach Name = PgDB Property maxActive is not used in DBCP2, use maxTotal instead. maxTotal default value is 8. You have set value of "100" for "maxActive" property, which is being ignored.
28-Nov-2024 21:42:48.564 WARNING [main] java.util.ArrayList.forEach Name = PgDB Property maxWait is not used in DBCP2 , use maxWaitMillis instead. maxWaitMillis default value is PT-0.001S. You have set value of "10000" for "maxWait" property, which is being ignored.
28-Nov-2024 21:42:48.566 INFO [main] java.util.ArrayList.forEach Name = PgDB Ignoring unknown property: value of "jdbc/PgDB" for "global" property
28-Nov-2024 21:42:48.607 WARNING [main] java.util.ArrayList.forEach Name = ConexionInventario Property maxActive is not used in DBCP2, use maxTotal instead. maxTotal default value is 8. You have set value of "100" for "maxActive" property, which is being ignored.
28-Nov-2024 21:42:48.608 WARNING [main] java.util.ArrayList.forEach Name = ConexionInventario Property maxWait is not used in DBCP2 , use maxWaitMillis instead. maxWaitMillis default value is PT-0.001S. You have set value of "10000" for "maxWait" property, which is being ignored.
28-Nov-2024 21:42:48.609 INFO [main] java.util.ArrayList.forEach Name = ConexionInventario Ignoring unknown property: value of "jdbc/ConexionInventario" for "global" property
28-Nov-2024 21:42:48.654 INFO [main] org.apache.catalina.core.StandardService.startInternal Arrancando servicio [Catalina]
28-Nov-2024 21:42:48.656 INFO [main] org.apache.catalina.core.StandardEngine.startInternal Starting Servlet engine: [Apache Tomcat/9.0.96]
28-Nov-2024 21:42:48.682 INFO [main] org.apache.catalina.startup.HostConfig.deployWAR Despliegue del archivo [C:\Users\CHAMORRO\OneDrive\Imágenes\programacion sebas\Modulo 3\apache-tomcat-9.0.96\webapps\ejemploweb.war] de la aplicación web
28-Nov-2024 21:42:51.556 INFO [main] org.apache.jasper.servlet.TldScanner.scanJars Al menos un JAR, que se ha explorado buscando TLDs, aún no contenía TLDs. Activar historial de depuración para este historiador para una completa lista de los JARs que fueron explorados y de los que nos se halló TLDs. Saltarse JARs no necesarios durante la exploración puede dar lugar a una mejora de tiempo significativa en el arranque y compilación de JSP .
28-Nov-2024 21:42:53.342 INFO [main] org.apache.catalina.startup.HostConfig.deployWAR Deployment of web application archive [C:\Users\CHAMORRO\OneDrive\Imágenes\programacion sebas\Modulo 3\apache-tomcat-9.0.96\webapps\ejemploweb.war] has finished in [4.660] ms
28-Nov-2024 21:42:53.354 INFO [main] org.apache.catalina.startup.HostConfig.deployWAR Despliegue del archivo [C:\Users\CHAMORRO\OneDrive\Imágenes\programacion sebas\Modulo 3\apache-tomcat-9.0.96\webapps\EvaluacionGrupal1.war] de la aplicación web
28-Nov-2024 21:42:55.486 INFO [main] org.apache.jasper.servlet.TldScanner.scanJars Al menos un JAR, que se ha explorado buscando TLDs, aún no contenía TLDs. Activar historial de depuración para este historiador para una completa lista de los JARs que fueron explorados y de los que nos se halló TLDs. Saltarse JARs no necesarios durante la exploración puede dar lugar a una mejora de tiempo significativa en el arranque y compilación de JSP .
28-Nov-2024 21:42:57.182 INFO [main] org.apache.catalina.startup.HostConfig.deployWAR Deployment of web application archive [C:\Users\CHAMORRO\OneDrive\Imágenes\programacion sebas\Modulo 3\apache-tomcat-9.0.96\webapps\EvaluacionGrupal1.war] has finished in [3.828] ms
28-Nov-2024 21:42:57.186 INFO [main] org.apache.catalina.startup.HostConfig.deployWAR Despliegue del archivo [C:\Users\CHAMORRO\OneDrive\Imágenes\programacion sebas\Modulo 3\apache-tomcat-9.0.96\webapps\inventario.war] de la aplicación web
28-Nov-2024 21:42:58.828 INFO [main] org.apache.jasper.servlet.TldScanner.scanJars Al menos un JAR, que se ha explorado buscando TLDs, aún no contenía TLDs. Activar historial de depuración para este historiador para una completa lista de los JARs que fueron explorados y de los que nos se halló TLDs. Saltarse JARs no necesarios durante la exploración puede dar lugar a una mejora de tiempo significativa en el arranque y compilación de JSP .
28-Nov-2024 21:43:00.440 INFO [main] org.apache.catalina.startup.HostConfig.deployWAR Deployment of web application archive [C:\Users\CHAMORRO\OneDrive\Imágenes\programacion sebas\Modulo 3\apache-tomcat-9.0.96\webapps\inventario.war] has finished in [3.254] ms
28-Nov-2024 21:43:00.445 INFO [main] org.apache.catalina.startup.HostConfig.deployWAR Despliegue del archivo [C:\Users\CHAMORRO\OneDrive\Imágenes\programacion sebas\Modulo 3\apache-tomcat-9.0.96\webapps\inventarios-1.0.0.war] de la aplicación web
28-Nov-2024 21:43:00.460 INFO [main] org.apache.catalina.startup.ExpandWar.expand An expanded directory [C:\Users\CHAMORRO\OneDrive\Imágenes\programacion sebas\Modulo 3\apache-tomcat-9.0.96\webapps\inventarios-1.0.0] was found with a last modified time that did not match the associated WAR. It will be deleted.
28-Nov-2024 21:43:02.994 INFO [main] org.apache.jasper.servlet.TldScanner.scanJars Al menos un JAR, que se ha explorado buscando TLDs, aún no contenía TLDs. Activar historial de depuración para este historiador para una completa lista de los JARs que fueron explorados y de los que nos se halló TLDs. Saltarse JARs no necesarios durante la exploración puede dar lugar a una mejora de tiempo significativa en el arranque y compilación de JSP .
28-Nov-2024 21:43:03.023 INFO [main] org.apache.catalina.startup.HostConfig.deployWAR Deployment of web application archive [C:\Users\CHAMORRO\OneDrive\Imágenes\programacion sebas\Modulo 3\apache-tomcat-9.0.96\webapps\inventarios-1.0.0.war] has finished in [2.578] ms
28-Nov-2024 21:43:03.024 INFO [main] org.apache.catalina.startup.HostConfig.deployDirectory Desplegando el directorio [C:\Users\CHAMORRO\OneDrive\Imágenes\programacion sebas\Modulo 3\apache-tomcat-9.0.96\webapps\docs] de la aplicación web
28-Nov-2024 21:43:03.251 INFO [main] org.apache.jasper.servlet.TldScanner.scanJars Al menos un JAR, que se ha explorado buscando TLDs, aún no contenía TLDs. Activar historial de depuración para este historiador para una completa lista de los JARs que fueron explorados y de los que nos se halló TLDs. Saltarse JARs no necesarios durante la exploración puede dar lugar a una mejora de tiempo significativa en el arranque y compilación de JSP .
28-Nov-2024 21:43:03.256 INFO [main] org.apache.catalina.startup.HostConfig.deployDirectory Deployment of web application directory [C:\Users\CHAMORRO\OneDrive\Imágenes\programacion sebas\Modulo 3\apache-tomcat-9.0.96\webapps\docs] has finished in [231] ms
28-Nov-2024 21:43:03.256 INFO [main] org.apache.catalina.startup.HostConfig.deployDirectory Desplegando el directorio [C:\Users\CHAMORRO\OneDrive\Imágenes\programacion sebas\Modulo 3\apache-tomcat-9.0.96\webapps\examples] de la aplicación web
28-Nov-2024 21:43:04.258 INFO [main] org.apache.jasper.servlet.TldScanner.scanJars Al menos un JAR, que se ha explorado buscando TLDs, aún no contenía TLDs. Activar historial de depuración para este historiador para una completa lista de los JARs que fueron explorados y de los que nos se halló TLDs. Saltarse JARs no necesarios durante la exploración puede dar lugar a una mejora de tiempo significativa en el arranque y compilación de JSP .
28-Nov-2024 21:43:04.388 INFO [main] org.apache.catalina.startup.HostConfig.deployDirectory Deployment of web application directory [C:\Users\CHAMORRO\OneDrive\Imágenes\programacion sebas\Modulo 3\apache-tomcat-9.0.96\webapps\examples] has finished in [1.132] ms
28-Nov-2024 21:43:04.388 INFO [main] org.apache.catalina.startup.HostConfig.deployDirectory Desplegando el directorio [C:\Users\CHAMORRO\OneDrive\Imágenes\programacion sebas\Modulo 3\apache-tomcat-9.0.96\webapps\host-manager] de la aplicación web
28-Nov-2024 21:43:04.647 INFO [main] org.apache.jasper.servlet.TldScanner.scanJars Al menos un JAR, que se ha explorado buscando TLDs, aún no contenía TLDs. Activar historial de depuración para este historiador para una completa lista de los JARs que fueron explorados y de los que nos se halló TLDs. Saltarse JARs no necesarios durante la exploración puede dar lugar a una mejora de tiempo significativa en el arranque y compilación de JSP .
28-Nov-2024 21:43:04.657 INFO [main] org.apache.catalina.startup.HostConfig.deployDirectory Deployment of web application directory [C:\Users\CHAMORRO\OneDrive\Imágenes\programacion sebas\Modulo 3\apache-tomcat-9.0.96\webapps\host-manager] has finished in [268] ms
28-Nov-2024 21:43:04.657 INFO [main] org.apache.catalina.startup.HostConfig.deployDirectory Desplegando el directorio [C:\Users\CHAMORRO\OneDrive\Imágenes\programacion sebas\Modulo 3\apache-tomcat-9.0.96\webapps\manager] de la aplicación web
28-Nov-2024 21:43:04.922 INFO [main] org.apache.jasper.servlet.TldScanner.scanJars Al menos un JAR, que se ha explorado buscando TLDs, aún no contenía TLDs. Activar historial de depuración para este historiador para una completa lista de los JARs que fueron explorados y de los que nos se halló TLDs. Saltarse JARs no necesarios durante la exploración puede dar lugar a una mejora de tiempo significativa en el arranque y compilación de JSP .
28-Nov-2024 21:43:04.927 INFO [main] org.apache.catalina.startup.HostConfig.deployDirectory Deployment of web application directory [C:\Users\CHAMORRO\OneDrive\Imágenes\programacion sebas\Modulo 3\apache-tomcat-9.0.96\webapps\manager] has finished in [270] ms
28-Nov-2024 21:43:04.927 INFO [main] org.apache.catalina.startup.HostConfig.deployDirectory Desplegando el directorio [C:\Users\CHAMORRO\OneDrive\Imágenes\programacion sebas\Modulo 3\apache-tomcat-9.0.96\webapps\ROOT] de la aplicación web
28-Nov-2024 21:43:05.128 INFO [main] org.apache.jasper.servlet.TldScanner.scanJars Al menos un JAR, que se ha explorado buscando TLDs, aún no contenía TLDs. Activar historial de depuración para este historiador para una completa lista de los JARs que fueron explorados y de los que nos se halló TLDs. Saltarse JARs no necesarios durante la exploración puede dar lugar a una mejora de tiempo significativa en el arranque y compilación de JSP .
28-Nov-2024 21:43:05.132 INFO [main] org.apache.catalina.startup.HostConfig.deployDirectory Deployment of web application directory [C:\Users\CHAMORRO\OneDrive\Imágenes\programacion sebas\Modulo 3\apache-tomcat-9.0.96\webapps\ROOT] has finished in [205] ms
28-Nov-2024 21:43:05.139 INFO [main] org.apache.coyote.AbstractProtocol.start Starting ProtocolHandler ["http-nio-8080"]
28-Nov-2024 21:43:05.169 INFO [main] org.apache.catalina.startup.Catalina.start Server startup in [16638] milliseconds
28-Nov-2024 21:45:48.665 INFO [main] org.apache.catalina.startup.VersionLoggerListener.log Nombre de la versión del servidor: Apache Tomcat/9.0.96
28-Nov-2024 21:45:48.704 INFO [main] org.apache.catalina.startup.VersionLoggerListener.log Server built:                      Oct 3 2024 19:44:30 UTC
28-Nov-2024 21:45:48.707 INFO [main] org.apache.catalina.startup.VersionLoggerListener.log Número de versión de servidor:     9.0.96.0
28-Nov-2024 21:45:48.713 INFO [main] org.apache.catalina.startup.VersionLoggerListener.log OS Name:                           Windows 10
28-Nov-2024 21:45:48.713 INFO [main] org.apache.catalina.startup.VersionLoggerListener.log Versión de Systema Operativo:      10.0
28-Nov-2024 21:45:48.713 INFO [main] org.apache.catalina.startup.VersionLoggerListener.log Arquitectura:                      amd64
28-Nov-2024 21:45:48.714 INFO [main] org.apache.catalina.startup.VersionLoggerListener.log Java Home:                         C:\Program Files\Java\jdk-23
28-Nov-2024 21:45:48.715 INFO [main] org.apache.catalina.startup.VersionLoggerListener.log JVM Version:                       23+37-2369
28-Nov-2024 21:45:48.715 INFO [main] org.apache.catalina.startup.VersionLoggerListener.log Vededor JVM:                       Oracle Corporation
28-Nov-2024 21:45:48.715 INFO [main] org.apache.catalina.startup.VersionLoggerListener.log CATALINA_BASE:                     C:\Users\CHAMORRO\OneDrive\Imágenes\programacion sebas\Modulo 3\apache-tomcat-9.0.96
28-Nov-2024 21:45:48.716 INFO [main] org.apache.catalina.startup.VersionLoggerListener.log CATALINA_HOME:                     C:\Users\CHAMORRO\OneDrive\Imágenes\programacion sebas\Modulo 3\apache-tomcat-9.0.96
28-Nov-2024 21:45:48.736 INFO [main] org.apache.catalina.startup.VersionLoggerListener.log Command line argument:             --add-opens=java.base/java.lang=ALL-UNNAMED
28-Nov-2024 21:45:48.772 INFO [main] org.apache.catalina.startup.VersionLoggerListener.log Command line argument:             --add-opens=java.base/java.io=ALL-UNNAMED
28-Nov-2024 21:45:48.780 INFO [main] org.apache.catalina.startup.VersionLoggerListener.log Command line argument:             --add-opens=java.base/java.util=ALL-UNNAMED
28-Nov-2024 21:45:48.791 INFO [main] org.apache.catalina.startup.VersionLoggerListener.log Command line argument:             --add-opens=java.base/java.util.concurrent=ALL-UNNAMED
28-Nov-2024 21:45:48.793 INFO [main] org.apache.catalina.startup.VersionLoggerListener.log Command line argument:             --add-opens=java.rmi/sun.rmi.transport=ALL-UNNAMED
28-Nov-2024 21:45:48.796 INFO [main] org.apache.catalina.startup.VersionLoggerListener.log Command line argument:             -Djava.util.logging.config.file=C:\Users\CHAMORRO\OneDrive\Imágenes\programacion sebas\Modulo 3\apache-tomcat-9.0.96\conf\logging.properties
28-Nov-2024 21:45:48.797 INFO [main] org.apache.catalina.startup.VersionLoggerListener.log Command line argument:             -Djava.util.logging.manager=org.apache.juli.ClassLoaderLogManager
28-Nov-2024 21:45:48.798 INFO [main] org.apache.catalina.startup.VersionLoggerListener.log Command line argument:             -Djdk.tls.ephemeralDHKeySize=2048
28-Nov-2024 21:45:48.799 INFO [main] org.apache.catalina.startup.VersionLoggerListener.log Command line argument:             -Djava.protocol.handler.pkgs=org.apache.catalina.webresources
28-Nov-2024 21:45:48.800 INFO [main] org.apache.catalina.startup.VersionLoggerListener.log Command line argument:             -Dignore.endorsed.dirs=
28-Nov-2024 21:45:48.801 INFO [main] org.apache.catalina.startup.VersionLoggerListener.log Command line argument:             -Dcatalina.base=C:\Users\CHAMORRO\OneDrive\Imágenes\programacion sebas\Modulo 3\apache-tomcat-9.0.96
28-Nov-2024 21:45:48.802 INFO [main] org.apache.catalina.startup.VersionLoggerListener.log Command line argument:             -Dcatalina.home=C:\Users\CHAMORRO\OneDrive\Imágenes\programacion sebas\Modulo 3\apache-tomcat-9.0.96
28-Nov-2024 21:45:48.803 INFO [main] org.apache.catalina.startup.VersionLoggerListener.log Command line argument:             -Djava.io.tmpdir=C:\Users\CHAMORRO\OneDrive\Imágenes\programacion sebas\Modulo 3\apache-tomcat-9.0.96\temp
28-Nov-2024 21:45:48.830 INFO [main] org.apache.catalina.core.AprLifecycleListener.lifecycleEvent Cargada la biblioteca nativa APR de Apache Tomcat [1.3.1] con la versión APR [1.7.4].
28-Nov-2024 21:45:48.831 INFO [main] org.apache.catalina.core.AprLifecycleListener.lifecycleEvent Capacidades APR: IPv6 [true], enviar fichero [true], aceptar filtros [false], aleatorio [true], UDS [true].
28-Nov-2024 21:45:48.832 INFO [main] org.apache.catalina.core.AprLifecycleListener.lifecycleEvent APR/OpenSSL configuration: useAprConnector [false], useOpenSSL [true]
28-Nov-2024 21:45:48.841 INFO [main] org.apache.catalina.core.AprLifecycleListener.initializeSSL OpenSSL inicializado correctamente [OpenSSL 3.0.14 4 Jun 2024]
28-Nov-2024 21:45:49.431 INFO [main] org.apache.coyote.AbstractProtocol.init Inicializando el manejador de protocolo ["http-nio-8080"]

28-Nov-2024 21:45:49.468 INFO [main] org.apache.catalina.startup.Catalina.load Server initialization in [1145] milliseconds
28-Nov-2024 21:45:49.509 WARNING [main] java.util.ArrayList.forEach Name = PgDB Property maxActive is not used in DBCP2, use maxTotal instead. maxTotal default value is 8. You have set value of "100" for "maxActive" property, which is being ignored.
28-Nov-2024 21:45:49.512 WARNING [main] java.util.ArrayList.forEach Name = PgDB Property maxWait is not used in DBCP2 , use maxWaitMillis instead. maxWaitMillis default value is PT-0.001S. You have set value of "10000" for "maxWait" property, which is being ignored.
28-Nov-2024 21:45:49.513 INFO [main] java.util.ArrayList.forEach Name = PgDB Ignoring unknown property: value of "jdbc/PgDB" for "global" property
28-Nov-2024 21:45:49.564 WARNING [main] java.util.ArrayList.forEach Name = ConexionInventario Property maxActive is not used in DBCP2, use maxTotal instead. maxTotal default value is 8. You have set value of "100" for "maxActive" property, which is being ignored.
28-Nov-2024 21:45:49.565 WARNING [main] java.util.ArrayList.forEach Name = ConexionInventario Property maxWait is not used in DBCP2 , use maxWaitMillis instead. maxWaitMillis default value is PT-0.001S. You have set value of "10000" for "maxWait" property, which is being ignored.
28-Nov-2024 21:45:49.566 INFO [main] java.util.ArrayList.forEach Name = ConexionInventario Ignoring unknown property: value of "jdbc/ConexionInventario" for "global" property
28-Nov-2024 21:45:49.667 INFO [main] org.apache.catalina.core.StandardService.startInternal Arrancando servicio [Catalina]
28-Nov-2024 21:45:49.672 INFO [main] org.apache.catalina.core.StandardEngine.startInternal Starting Servlet engine: [Apache Tomcat/9.0.96]
28-Nov-2024 21:45:49.700 INFO [main] org.apache.catalina.startup.HostConfig.deployWAR Despliegue del archivo [C:\Users\CHAMORRO\OneDrive\Imágenes\programacion sebas\Modulo 3\apache-tomcat-9.0.96\webapps\ejemploweb.war] de la aplicación web
28-Nov-2024 21:45:52.505 INFO [main] org.apache.jasper.servlet.TldScanner.scanJars Al menos un JAR, que se ha explorado buscando TLDs, aún no contenía TLDs. Activar historial de depuración para este historiador para una completa lista de los JARs que fueron explorados y de los que nos se halló TLDs. Saltarse JARs no necesarios durante la exploración puede dar lugar a una mejora de tiempo significativa en el arranque y compilación de JSP .
28-Nov-2024 21:45:54.476 INFO [main] org.apache.catalina.startup.HostConfig.deployWAR Deployment of web application archive [C:\Users\CHAMORRO\OneDrive\Imágenes\programacion sebas\Modulo 3\apache-tomcat-9.0.96\webapps\ejemploweb.war] has finished in [4.776] ms
28-Nov-2024 21:45:54.498 INFO [main] org.apache.catalina.startup.HostConfig.deployWAR Despliegue del archivo [C:\Users\CHAMORRO\OneDrive\Imágenes\programacion sebas\Modulo 3\apache-tomcat-9.0.96\webapps\EvaluacionGrupal1.war] de la aplicación web
28-Nov-2024 21:45:56.445 INFO [main] org.apache.jasper.servlet.TldScanner.scanJars Al menos un JAR, que se ha explorado buscando TLDs, aún no contenía TLDs. Activar historial de depuración para este historiador para una completa lista de los JARs que fueron explorados y de los que nos se halló TLDs. Saltarse JARs no necesarios durante la exploración puede dar lugar a una mejora de tiempo significativa en el arranque y compilación de JSP .
28-Nov-2024 21:45:57.916 INFO [main] org.apache.catalina.startup.HostConfig.deployWAR Deployment of web application archive [C:\Users\CHAMORRO\OneDrive\Imágenes\programacion sebas\Modulo 3\apache-tomcat-9.0.96\webapps\EvaluacionGrupal1.war] has finished in [3.417] ms
28-Nov-2024 21:45:57.919 INFO [main] org.apache.catalina.startup.HostConfig.deployWAR Despliegue del archivo [C:\Users\CHAMORRO\OneDrive\Imágenes\programacion sebas\Modulo 3\apache-tomcat-9.0.96\webapps\inventario.war] de la aplicación web
28-Nov-2024 21:45:59.463 INFO [main] org.apache.jasper.servlet.TldScanner.scanJars Al menos un JAR, que se ha explorado buscando TLDs, aún no contenía TLDs. Activar historial de depuración para este historiador para una completa lista de los JARs que fueron explorados y de los que nos se halló TLDs. Saltarse JARs no necesarios durante la exploración puede dar lugar a una mejora de tiempo significativa en el arranque y compilación de JSP .
28-Nov-2024 21:46:01.140 INFO [main] org.apache.catalina.startup.HostConfig.deployWAR Deployment of web application archive [C:\Users\CHAMORRO\OneDrive\Imágenes\programacion sebas\Modulo 3\apache-tomcat-9.0.96\webapps\inventario.war] has finished in [3.221] ms
28-Nov-2024 21:46:01.143 INFO [main] org.apache.catalina.startup.HostConfig.deployWAR Despliegue del archivo [C:\Users\CHAMORRO\OneDrive\Imágenes\programacion sebas\Modulo 3\apache-tomcat-9.0.96\webapps\inventarios-1.0.0.war] de la aplicación web
28-Nov-2024 21:46:01.154 INFO [main] org.apache.catalina.startup.ExpandWar.expand An expanded directory [C:\Users\CHAMORRO\OneDrive\Imágenes\programacion sebas\Modulo 3\apache-tomcat-9.0.96\webapps\inventarios-1.0.0] was found with a last modified time that did not match the associated WAR. It will be deleted.
28-Nov-2024 21:46:02.943 INFO [main] org.apache.jasper.servlet.TldScanner.scanJars Al menos un JAR, que se ha explorado buscando TLDs, aún no contenía TLDs. Activar historial de depuración para este historiador para una completa lista de los JARs que fueron explorados y de los que nos se halló TLDs. Saltarse JARs no necesarios durante la exploración puede dar lugar a una mejora de tiempo significativa en el arranque y compilación de JSP .
28-Nov-2024 21:46:02.970 INFO [main] org.apache.catalina.startup.HostConfig.deployWAR Deployment of web application archive [C:\Users\CHAMORRO\OneDrive\Imágenes\programacion sebas\Modulo 3\apache-tomcat-9.0.96\webapps\inventarios-1.0.0.war] has finished in [1.827] ms
28-Nov-2024 21:46:02.971 INFO [main] org.apache.catalina.startup.HostConfig.deployDirectory Desplegando el directorio [C:\Users\CHAMORRO\OneDrive\Imágenes\programacion sebas\Modulo 3\apache-tomcat-9.0.96\webapps\docs] de la aplicación web
28-Nov-2024 21:46:03.183 INFO [main] org.apache.jasper.servlet.TldScanner.scanJars Al menos un JAR, que se ha explorado buscando TLDs, aún no contenía TLDs. Activar historial de depuración para este historiador para una completa lista de los JARs que fueron explorados y de los que nos se halló TLDs. Saltarse JARs no necesarios durante la exploración puede dar lugar a una mejora de tiempo significativa en el arranque y compilación de JSP .
28-Nov-2024 21:46:03.187 INFO [main] org.apache.catalina.startup.HostConfig.deployDirectory Deployment of web application directory [C:\Users\CHAMORRO\OneDrive\Imágenes\programacion sebas\Modulo 3\apache-tomcat-9.0.96\webapps\docs] has finished in [216] ms
28-Nov-2024 21:46:03.188 INFO [main] org.apache.catalina.startup.HostConfig.deployDirectory Desplegando el directorio [C:\Users\CHAMORRO\OneDrive\Imágenes\programacion sebas\Modulo 3\apache-tomcat-9.0.96\webapps\examples] de la aplicación web
28-Nov-2024 21:46:03.965 INFO [main] org.apache.jasper.servlet.TldScanner.scanJars Al menos un JAR, que se ha explorado buscando TLDs, aún no contenía TLDs. Activar historial de depuración para este historiador para una completa lista de los JARs que fueron explorados y de los que nos se halló TLDs. Saltarse JARs no necesarios durante la exploración puede dar lugar a una mejora de tiempo significativa en el arranque y compilación de JSP .
28-Nov-2024 21:46:04.125 INFO [main] org.apache.catalina.startup.HostConfig.deployDirectory Deployment of web application directory [C:\Users\CHAMORRO\OneDrive\Imágenes\programacion sebas\Modulo 3\apache-tomcat-9.0.96\webapps\examples] has finished in [936] ms
28-Nov-2024 21:46:04.125 INFO [main] org.apache.catalina.startup.HostConfig.deployDirectory Desplegando el directorio [C:\Users\CHAMORRO\OneDrive\Imágenes\programacion sebas\Modulo 3\apache-tomcat-9.0.96\webapps\host-manager] de la aplicación web
28-Nov-2024 21:46:04.398 INFO [main] org.apache.jasper.servlet.TldScanner.scanJars Al menos un JAR, que se ha explorado buscando TLDs, aún no contenía TLDs. Activar historial de depuración para este historiador para una completa lista de los JARs que fueron explorados y de los que nos se halló TLDs. Saltarse JARs no necesarios durante la exploración puede dar lugar a una mejora de tiempo significativa en el arranque y compilación de JSP .
28-Nov-2024 21:46:04.409 INFO [main] org.apache.catalina.startup.HostConfig.deployDirectory Deployment of web application directory [C:\Users\CHAMORRO\OneDrive\Imágenes\programacion sebas\Modulo 3\apache-tomcat-9.0.96\webapps\host-manager] has finished in [284] ms
28-Nov-2024 21:46:04.410 INFO [main] org.apache.catalina.startup.HostConfig.deployDirectory Desplegando el directorio [C:\Users\CHAMORRO\OneDrive\Imágenes\programacion sebas\Modulo 3\apache-tomcat-9.0.96\webapps\manager] de la aplicación web
28-Nov-2024 21:46:04.640 INFO [main] org.apache.jasper.servlet.TldScanner.scanJars Al menos un JAR, que se ha explorado buscando TLDs, aún no contenía TLDs. Activar historial de depuración para este historiador para una completa lista de los JARs que fueron explorados y de los que nos se halló TLDs. Saltarse JARs no necesarios durante la exploración puede dar lugar a una mejora de tiempo significativa en el arranque y compilación de JSP .
28-Nov-2024 21:46:04.649 INFO [main] org.apache.catalina.startup.HostConfig.deployDirectory Deployment of web application directory [C:\Users\CHAMORRO\OneDrive\Imágenes\programacion sebas\Modulo 3\apache-tomcat-9.0.96\webapps\manager] has finished in [239] ms
28-Nov-2024 21:46:04.651 INFO [main] org.apache.catalina.startup.HostConfig.deployDirectory Desplegando el directorio [C:\Users\CHAMORRO\OneDrive\Imágenes\programacion sebas\Modulo 3\apache-tomcat-9.0.96\webapps\ROOT] de la aplicación web
28-Nov-2024 21:46:04.871 INFO [main] org.apache.jasper.servlet.TldScanner.scanJars Al menos un JAR, que se ha explorado buscando TLDs, aún no contenía TLDs. Activar historial de depuración para este historiador para una completa lista de los JARs que fueron explorados y de los que nos se halló TLDs. Saltarse JARs no necesarios durante la exploración puede dar lugar a una mejora de tiempo significativa en el arranque y compilación de JSP .
28-Nov-2024 21:46:04.876 INFO [main] org.apache.catalina.startup.HostConfig.deployDirectory Deployment of web application directory [C:\Users\CHAMORRO\OneDrive\Imágenes\programacion sebas\Modulo 3\apache-tomcat-9.0.96\webapps\ROOT] has finished in [225] ms
28-Nov-2024 21:46:04.883 INFO [main] org.apache.coyote.AbstractProtocol.start Starting ProtocolHandler ["http-nio-8080"]
28-Nov-2024 21:46:04.912 INFO [main] org.apache.catalina.startup.Catalina.start Server startup in [15437] milliseconds
28-Nov-2024 21:50:05.333 INFO [Catalina-utility-1] org.apache.catalina.startup.HostConfig.undeploy Repliegue (undeploy) de la aplicación web que tiene como trayectoria de contexto [/inventarios-1.0.0]
28-Nov-2024 21:50:05.460 INFO [Catalina-utility-1] org.apache.catalina.startup.HostConfig.deployWAR Despliegue del archivo [C:\Users\CHAMORRO\OneDrive\Imágenes\programacion sebas\Modulo 3\apache-tomcat-9.0.96\webapps\inventarios-1.0.0.war] de la aplicación web
28-Nov-2024 21:50:07.832 INFO [Catalina-utility-1] org.apache.jasper.servlet.TldScanner.scanJars Al menos un JAR, que se ha explorado buscando TLDs, aún no contenía TLDs. Activar historial de depuración para este historiador para una completa lista de los JARs que fueron explorados y de los que nos se halló TLDs. Saltarse JARs no necesarios durante la exploración puede dar lugar a una mejora de tiempo significativa en el arranque y compilación de JSP .
28-Nov-2024 21:50:07.861 INFO [Catalina-utility-1] org.apache.catalina.startup.HostConfig.deployWAR Deployment of web application archive [C:\Users\CHAMORRO\OneDrive\Imágenes\programacion sebas\Modulo 3\apache-tomcat-9.0.96\webapps\inventarios-1.0.0.war] has finished in [2.401] ms
28-Nov-2024 21:50:12.626 INFO [main] org.apache.catalina.startup.VersionLoggerListener.log Nombre de la versión del servidor: Apache Tomcat/9.0.96
28-Nov-2024 21:50:12.634 INFO [main] org.apache.catalina.startup.VersionLoggerListener.log Server built:                      Oct 3 2024 19:44:30 UTC
28-Nov-2024 21:50:12.639 INFO [main] org.apache.catalina.startup.VersionLoggerListener.log Número de versión de servidor:     9.0.96.0
28-Nov-2024 21:50:12.640 INFO [main] org.apache.catalina.startup.VersionLoggerListener.log OS Name:                           Windows 10
28-Nov-2024 21:50:12.641 INFO [main] org.apache.catalina.startup.VersionLoggerListener.log Versión de Systema Operativo:      10.0
28-Nov-2024 21:50:12.642 INFO [main] org.apache.catalina.startup.VersionLoggerListener.log Arquitectura:                      amd64
28-Nov-2024 21:50:12.642 INFO [main] org.apache.catalina.startup.VersionLoggerListener.log Java Home:                         C:\Program Files\Java\jdk-23
28-Nov-2024 21:50:12.643 INFO [main] org.apache.catalina.startup.VersionLoggerListener.log JVM Version:                       23+37-2369
28-Nov-2024 21:50:12.643 INFO [main] org.apache.catalina.startup.VersionLoggerListener.log Vededor JVM:                       Oracle Corporation
28-Nov-2024 21:50:12.644 INFO [main] org.apache.catalina.startup.VersionLoggerListener.log CATALINA_BASE:                     C:\Users\CHAMORRO\OneDrive\Imágenes\programacion sebas\Modulo 3\apache-tomcat-9.0.96
28-Nov-2024 21:50:12.644 INFO [main] org.apache.catalina.startup.VersionLoggerListener.log CATALINA_HOME:                     C:\Users\CHAMORRO\OneDrive\Imágenes\programacion sebas\Modulo 3\apache-tomcat-9.0.96
28-Nov-2024 21:50:12.656 INFO [main] org.apache.catalina.startup.VersionLoggerListener.log Command line argument:             --add-opens=java.base/java.lang=ALL-UNNAMED
28-Nov-2024 21:50:12.657 INFO [main] org.apache.catalina.startup.VersionLoggerListener.log Command line argument:             --add-opens=java.base/java.io=ALL-UNNAMED
28-Nov-2024 21:50:12.657 INFO [main] org.apache.catalina.startup.VersionLoggerListener.log Command line argument:             --add-opens=java.base/java.util=ALL-UNNAMED
28-Nov-2024 21:50:12.657 INFO [main] org.apache.catalina.startup.VersionLoggerListener.log Command line argument:             --add-opens=java.base/java.util.concurrent=ALL-UNNAMED
28-Nov-2024 21:50:12.658 INFO [main] org.apache.catalina.startup.VersionLoggerListener.log Command line argument:             --add-opens=java.rmi/sun.rmi.transport=ALL-UNNAMED
28-Nov-2024 21:50:12.659 INFO [main] org.apache.catalina.startup.VersionLoggerListener.log Command line argument:             -Djava.util.logging.config.file=C:\Users\CHAMORRO\OneDrive\Imágenes\programacion sebas\Modulo 3\apache-tomcat-9.0.96\conf\logging.properties
28-Nov-2024 21:50:12.659 INFO [main] org.apache.catalina.startup.VersionLoggerListener.log Command line argument:             -Djava.util.logging.manager=org.apache.juli.ClassLoaderLogManager
28-Nov-2024 21:50:12.660 INFO [main] org.apache.catalina.startup.VersionLoggerListener.log Command line argument:             -Djdk.tls.ephemeralDHKeySize=2048
28-Nov-2024 21:50:12.660 INFO [main] org.apache.catalina.startup.VersionLoggerListener.log Command line argument:             -Djava.protocol.handler.pkgs=org.apache.catalina.webresources
28-Nov-2024 21:50:12.660 INFO [main] org.apache.catalina.startup.VersionLoggerListener.log Command line argument:             -Dignore.endorsed.dirs=
28-Nov-2024 21:50:12.661 INFO [main] org.apache.catalina.startup.VersionLoggerListener.log Command line argument:             -Dcatalina.base=C:\Users\CHAMORRO\OneDrive\Imágenes\programacion sebas\Modulo 3\apache-tomcat-9.0.96
28-Nov-2024 21:50:12.661 INFO [main] org.apache.catalina.startup.VersionLoggerListener.log Command line argument:             -Dcatalina.home=C:\Users\CHAMORRO\OneDrive\Imágenes\programacion sebas\Modulo 3\apache-tomcat-9.0.96
28-Nov-2024 21:50:12.662 INFO [main] org.apache.catalina.startup.VersionLoggerListener.log Command line argument:             -Djava.io.tmpdir=C:\Users\CHAMORRO\OneDrive\Imágenes\programacion sebas\Modulo 3\apache-tomcat-9.0.96\temp
28-Nov-2024 21:50:12.667 INFO [main] org.apache.catalina.core.AprLifecycleListener.lifecycleEvent Cargada la biblioteca nativa APR de Apache Tomcat [1.3.1] con la versión APR [1.7.4].
28-Nov-2024 21:50:12.668 INFO [main] org.apache.catalina.core.AprLifecycleListener.lifecycleEvent Capacidades APR: IPv6 [true], enviar fichero [true], aceptar filtros [false], aleatorio [true], UDS [true].
28-Nov-2024 21:50:12.671 INFO [main] org.apache.catalina.core.AprLifecycleListener.lifecycleEvent APR/OpenSSL configuration: useAprConnector [false], useOpenSSL [true]
28-Nov-2024 21:50:12.679 INFO [main] org.apache.catalina.core.AprLifecycleListener.initializeSSL OpenSSL inicializado correctamente [OpenSSL 3.0.14 4 Jun 2024]
28-Nov-2024 21:50:13.359 INFO [main] org.apache.coyote.AbstractProtocol.init Inicializando el manejador de protocolo ["http-nio-8080"]

28-Nov-2024 21:50:13.458 INFO [main] org.apache.catalina.startup.Catalina.load Server initialization in [1193] milliseconds
28-Nov-2024 21:50:13.526 WARNING [main] java.util.ArrayList.forEach Name = PgDB Property maxActive is not used in DBCP2, use maxTotal instead. maxTotal default value is 8. You have set value of "100" for "maxActive" property, which is being ignored.
28-Nov-2024 21:50:13.528 WARNING [main] java.util.ArrayList.forEach Name = PgDB Property maxWait is not used in DBCP2 , use maxWaitMillis instead. maxWaitMillis default value is PT-0.001S. You have set value of "10000" for "maxWait" property, which is being ignored.
28-Nov-2024 21:50:13.529 INFO [main] java.util.ArrayList.forEach Name = PgDB Ignoring unknown property: value of "jdbc/PgDB" for "global" property
28-Nov-2024 21:50:13.570 WARNING [main] java.util.ArrayList.forEach Name = ConexionInventario Property maxActive is not used in DBCP2, use maxTotal instead. maxTotal default value is 8. You have set value of "100" for "maxActive" property, which is being ignored.
28-Nov-2024 21:50:13.571 WARNING [main] java.util.ArrayList.forEach Name = ConexionInventario Property maxWait is not used in DBCP2 , use maxWaitMillis instead. maxWaitMillis default value is PT-0.001S. You have set value of "10000" for "maxWait" property, which is being ignored.
28-Nov-2024 21:50:13.571 INFO [main] java.util.ArrayList.forEach Name = ConexionInventario Ignoring unknown property: value of "jdbc/ConexionInventario" for "global" property
28-Nov-2024 21:50:13.615 INFO [main] org.apache.catalina.core.StandardService.startInternal Arrancando servicio [Catalina]
28-Nov-2024 21:50:13.615 INFO [main] org.apache.catalina.core.StandardEngine.startInternal Starting Servlet engine: [Apache Tomcat/9.0.96]
28-Nov-2024 21:50:13.640 INFO [main] org.apache.catalina.startup.HostConfig.deployWAR Despliegue del archivo [C:\Users\CHAMORRO\OneDrive\Imágenes\programacion sebas\Modulo 3\apache-tomcat-9.0.96\webapps\ejemploweb.war] de la aplicación web
28-Nov-2024 21:50:16.276 INFO [main] org.apache.jasper.servlet.TldScanner.scanJars Al menos un JAR, que se ha explorado buscando TLDs, aún no contenía TLDs. Activar historial de depuración para este historiador para una completa lista de los JARs que fueron explorados y de los que nos se halló TLDs. Saltarse JARs no necesarios durante la exploración puede dar lugar a una mejora de tiempo significativa en el arranque y compilación de JSP .
28-Nov-2024 21:50:18.240 INFO [main] org.apache.catalina.startup.HostConfig.deployWAR Deployment of web application archive [C:\Users\CHAMORRO\OneDrive\Imágenes\programacion sebas\Modulo 3\apache-tomcat-9.0.96\webapps\ejemploweb.war] has finished in [4.599] ms
28-Nov-2024 21:50:18.249 INFO [main] org.apache.catalina.startup.HostConfig.deployWAR Despliegue del archivo [C:\Users\CHAMORRO\OneDrive\Imágenes\programacion sebas\Modulo 3\apache-tomcat-9.0.96\webapps\EvaluacionGrupal1.war] de la aplicación web
28-Nov-2024 21:50:20.529 INFO [main] org.apache.jasper.servlet.TldScanner.scanJars Al menos un JAR, que se ha explorado buscando TLDs, aún no contenía TLDs. Activar historial de depuración para este historiador para una completa lista de los JARs que fueron explorados y de los que nos se halló TLDs. Saltarse JARs no necesarios durante la exploración puede dar lugar a una mejora de tiempo significativa en el arranque y compilación de JSP .
28-Nov-2024 21:50:22.202 INFO [main] org.apache.catalina.startup.HostConfig.deployWAR Deployment of web application archive [C:\Users\CHAMORRO\OneDrive\Imágenes\programacion sebas\Modulo 3\apache-tomcat-9.0.96\webapps\EvaluacionGrupal1.war] has finished in [3.953] ms
28-Nov-2024 21:50:22.205 INFO [main] org.apache.catalina.startup.HostConfig.deployWAR Despliegue del archivo [C:\Users\CHAMORRO\OneDrive\Imágenes\programacion sebas\Modulo 3\apache-tomcat-9.0.96\webapps\inventario.war] de la aplicación web
28-Nov-2024 21:50:24.098 INFO [main] org.apache.jasper.servlet.TldScanner.scanJars Al menos un JAR, que se ha explorado buscando TLDs, aún no contenía TLDs. Activar historial de depuración para este historiador para una completa lista de los JARs que fueron explorados y de los que nos se halló TLDs. Saltarse JARs no necesarios durante la exploración puede dar lugar a una mejora de tiempo significativa en el arranque y compilación de JSP .
28-Nov-2024 21:50:25.968 INFO [main] org.apache.catalina.startup.HostConfig.deployWAR Deployment of web application archive [C:\Users\CHAMORRO\OneDrive\Imágenes\programacion sebas\Modulo 3\apache-tomcat-9.0.96\webapps\inventario.war] has finished in [3.763] ms
28-Nov-2024 21:50:25.985 INFO [main] org.apache.catalina.startup.HostConfig.deployWAR Despliegue del archivo [C:\Users\CHAMORRO\OneDrive\Imágenes\programacion sebas\Modulo 3\apache-tomcat-9.0.96\webapps\inventarios-1.0.0.war] de la aplicación web
28-Nov-2024 21:50:27.934 INFO [main] org.apache.jasper.servlet.TldScanner.scanJars Al menos un JAR, que se ha explorado buscando TLDs, aún no contenía TLDs. Activar historial de depuración para este historiador para una completa lista de los JARs que fueron explorados y de los que nos se halló TLDs. Saltarse JARs no necesarios durante la exploración puede dar lugar a una mejora de tiempo significativa en el arranque y compilación de JSP .
28-Nov-2024 21:50:27.964 INFO [main] org.apache.catalina.startup.HostConfig.deployWAR Deployment of web application archive [C:\Users\CHAMORRO\OneDrive\Imágenes\programacion sebas\Modulo 3\apache-tomcat-9.0.96\webapps\inventarios-1.0.0.war] has finished in [1.979] ms
28-Nov-2024 21:50:27.966 INFO [main] org.apache.catalina.startup.HostConfig.deployDirectory Desplegando el directorio [C:\Users\CHAMORRO\OneDrive\Imágenes\programacion sebas\Modulo 3\apache-tomcat-9.0.96\webapps\docs] de la aplicación web
28-Nov-2024 21:50:28.197 INFO [main] org.apache.jasper.servlet.TldScanner.scanJars Al menos un JAR, que se ha explorado buscando TLDs, aún no contenía TLDs. Activar historial de depuración para este historiador para una completa lista de los JARs que fueron explorados y de los que nos se halló TLDs. Saltarse JARs no necesarios durante la exploración puede dar lugar a una mejora de tiempo significativa en el arranque y compilación de JSP .
28-Nov-2024 21:50:28.202 INFO [main] org.apache.catalina.startup.HostConfig.deployDirectory Deployment of web application directory [C:\Users\CHAMORRO\OneDrive\Imágenes\programacion sebas\Modulo 3\apache-tomcat-9.0.96\webapps\docs] has finished in [237] ms
28-Nov-2024 21:50:28.203 INFO [main] org.apache.catalina.startup.HostConfig.deployDirectory Desplegando el directorio [C:\Users\CHAMORRO\OneDrive\Imágenes\programacion sebas\Modulo 3\apache-tomcat-9.0.96\webapps\examples] de la aplicación web
28-Nov-2024 21:50:29.240 INFO [main] org.apache.jasper.servlet.TldScanner.scanJars Al menos un JAR, que se ha explorado buscando TLDs, aún no contenía TLDs. Activar historial de depuración para este historiador para una completa lista de los JARs que fueron explorados y de los que nos se halló TLDs. Saltarse JARs no necesarios durante la exploración puede dar lugar a una mejora de tiempo significativa en el arranque y compilación de JSP .
28-Nov-2024 21:50:29.380 INFO [main] org.apache.catalina.startup.HostConfig.deployDirectory Deployment of web application directory [C:\Users\CHAMORRO\OneDrive\Imágenes\programacion sebas\Modulo 3\apache-tomcat-9.0.96\webapps\examples] has finished in [1.177] ms
28-Nov-2024 21:50:29.382 INFO [main] org.apache.catalina.startup.HostConfig.deployDirectory Desplegando el directorio [C:\Users\CHAMORRO\OneDrive\Imágenes\programacion sebas\Modulo 3\apache-tomcat-9.0.96\webapps\host-manager] de la aplicación web
28-Nov-2024 21:50:29.774 INFO [main] org.apache.jasper.servlet.TldScanner.scanJars Al menos un JAR, que se ha explorado buscando TLDs, aún no contenía TLDs. Activar historial de depuración para este historiador para una completa lista de los JARs que fueron explorados y de los que nos se halló TLDs. Saltarse JARs no necesarios durante la exploración puede dar lugar a una mejora de tiempo significativa en el arranque y compilación de JSP .
28-Nov-2024 21:50:29.792 INFO [main] org.apache.catalina.startup.HostConfig.deployDirectory Deployment of web application directory [C:\Users\CHAMORRO\OneDrive\Imágenes\programacion sebas\Modulo 3\apache-tomcat-9.0.96\webapps\host-manager] has finished in [411] ms
28-Nov-2024 21:50:29.793 INFO [main] org.apache.catalina.startup.HostConfig.deployDirectory Desplegando el directorio [C:\Users\CHAMORRO\OneDrive\Imágenes\programacion sebas\Modulo 3\apache-tomcat-9.0.96\webapps\manager] de la aplicación web
28-Nov-2024 21:50:30.056 INFO [main] org.apache.jasper.servlet.TldScanner.scanJars Al menos un JAR, que se ha explorado buscando TLDs, aún no contenía TLDs. Activar historial de depuración para este historiador para una completa lista de los JARs que fueron explorados y de los que nos se halló TLDs. Saltarse JARs no necesarios durante la exploración puede dar lugar a una mejora de tiempo significativa en el arranque y compilación de JSP .
28-Nov-2024 21:50:30.061 INFO [main] org.apache.catalina.startup.HostConfig.deployDirectory Deployment of web application directory [C:\Users\CHAMORRO\OneDrive\Imágenes\programacion sebas\Modulo 3\apache-tomcat-9.0.96\webapps\manager] has finished in [268] ms
28-Nov-2024 21:50:30.062 INFO [main] org.apache.catalina.startup.HostConfig.deployDirectory Desplegando el directorio [C:\Users\CHAMORRO\OneDrive\Imágenes\programacion sebas\Modulo 3\apache-tomcat-9.0.96\webapps\ROOT] de la aplicación web
28-Nov-2024 21:50:30.286 INFO [main] org.apache.jasper.servlet.TldScanner.scanJars Al menos un JAR, que se ha explorado buscando TLDs, aún no contenía TLDs. Activar historial de depuración para este historiador para una completa lista de los JARs que fueron explorados y de los que nos se halló TLDs. Saltarse JARs no necesarios durante la exploración puede dar lugar a una mejora de tiempo significativa en el arranque y compilación de JSP .
28-Nov-2024 21:50:30.290 INFO [main] org.apache.catalina.startup.HostConfig.deployDirectory Deployment of web application directory [C:\Users\CHAMORRO\OneDrive\Imágenes\programacion sebas\Modulo 3\apache-tomcat-9.0.96\webapps\ROOT] has finished in [228] ms
28-Nov-2024 21:50:30.295 INFO [main] org.apache.coyote.AbstractProtocol.start Starting ProtocolHandler ["http-nio-8080"]
28-Nov-2024 21:50:30.326 INFO [main] org.apache.catalina.startup.Catalina.start Server startup in [16857] milliseconds
