21-Nov-2024 22:15:58.290 INFO [main] org.apache.catalina.startup.VersionLoggerListener.log Nombre de la versión del servidor: Apache Tomcat/9.0.96
21-Nov-2024 22:15:58.294 INFO [main] org.apache.catalina.startup.VersionLoggerListener.log Server built:                      Oct 3 2024 19:44:30 UTC
21-Nov-2024 22:15:58.295 INFO [main] org.apache.catalina.startup.VersionLoggerListener.log Número de versión de servidor:     9.0.96.0
21-Nov-2024 22:15:58.296 INFO [main] org.apache.catalina.startup.VersionLoggerListener.log OS Name:                           Windows 10
21-Nov-2024 22:15:58.296 INFO [main] org.apache.catalina.startup.VersionLoggerListener.log Versión de Systema Operativo:      10.0
21-Nov-2024 22:15:58.296 INFO [main] org.apache.catalina.startup.VersionLoggerListener.log Arquitectura:                      amd64
21-Nov-2024 22:15:58.296 INFO [main] org.apache.catalina.startup.VersionLoggerListener.log Java Home:                         C:\Program Files\Java\jdk-23
21-Nov-2024 22:15:58.297 INFO [main] org.apache.catalina.startup.VersionLoggerListener.log JVM Version:                       23+37-2369
21-Nov-2024 22:15:58.297 INFO [main] org.apache.catalina.startup.VersionLoggerListener.log Vededor JVM:                       Oracle Corporation
21-Nov-2024 22:15:58.297 INFO [main] org.apache.catalina.startup.VersionLoggerListener.log CATALINA_BASE:                     C:\Users\CHAMORRO\OneDrive\Imágenes\programacion sebas\Modulo 3\apache-tomcat-9.0.96
21-Nov-2024 22:15:58.297 INFO [main] org.apache.catalina.startup.VersionLoggerListener.log CATALINA_HOME:                     C:\Users\CHAMORRO\OneDrive\Imágenes\programacion sebas\Modulo 3\apache-tomcat-9.0.96
21-Nov-2024 22:15:58.307 INFO [main] org.apache.catalina.startup.VersionLoggerListener.log Command line argument:             --add-opens=java.base/java.lang=ALL-UNNAMED
21-Nov-2024 22:15:58.307 INFO [main] org.apache.catalina.startup.VersionLoggerListener.log Command line argument:             --add-opens=java.base/java.io=ALL-UNNAMED
21-Nov-2024 22:15:58.307 INFO [main] org.apache.catalina.startup.VersionLoggerListener.log Command line argument:             --add-opens=java.base/java.util=ALL-UNNAMED
21-Nov-2024 22:15:58.308 INFO [main] org.apache.catalina.startup.VersionLoggerListener.log Command line argument:             --add-opens=java.base/java.util.concurrent=ALL-UNNAMED
21-Nov-2024 22:15:58.308 INFO [main] org.apache.catalina.startup.VersionLoggerListener.log Command line argument:             --add-opens=java.rmi/sun.rmi.transport=ALL-UNNAMED
21-Nov-2024 22:15:58.309 INFO [main] org.apache.catalina.startup.VersionLoggerListener.log Command line argument:             -Djava.util.logging.config.file=C:\Users\CHAMORRO\OneDrive\Imágenes\programacion sebas\Modulo 3\apache-tomcat-9.0.96\conf\logging.properties
21-Nov-2024 22:15:58.309 INFO [main] org.apache.catalina.startup.VersionLoggerListener.log Command line argument:             -Djava.util.logging.manager=org.apache.juli.ClassLoaderLogManager
21-Nov-2024 22:15:58.310 INFO [main] org.apache.catalina.startup.VersionLoggerListener.log Command line argument:             -Djdk.tls.ephemeralDHKeySize=2048
21-Nov-2024 22:15:58.310 INFO [main] org.apache.catalina.startup.VersionLoggerListener.log Command line argument:             -Djava.protocol.handler.pkgs=org.apache.catalina.webresources
21-Nov-2024 22:15:58.310 INFO [main] org.apache.catalina.startup.VersionLoggerListener.log Command line argument:             -Dignore.endorsed.dirs=
21-Nov-2024 22:15:58.311 INFO [main] org.apache.catalina.startup.VersionLoggerListener.log Command line argument:             -Dcatalina.base=C:\Users\CHAMORRO\OneDrive\Imágenes\programacion sebas\Modulo 3\apache-tomcat-9.0.96
21-Nov-2024 22:15:58.311 INFO [main] org.apache.catalina.startup.VersionLoggerListener.log Command line argument:             -Dcatalina.home=C:\Users\CHAMORRO\OneDrive\Imágenes\programacion sebas\Modulo 3\apache-tomcat-9.0.96
21-Nov-2024 22:15:58.311 INFO [main] org.apache.catalina.startup.VersionLoggerListener.log Command line argument:             -Djava.io.tmpdir=C:\Users\CHAMORRO\OneDrive\Imágenes\programacion sebas\Modulo 3\apache-tomcat-9.0.96\temp
21-Nov-2024 22:15:58.320 INFO [main] org.apache.catalina.core.AprLifecycleListener.lifecycleEvent Cargada la biblioteca nativa APR de Apache Tomcat [1.3.1] con la versión APR [1.7.4].
21-Nov-2024 22:15:58.320 INFO [main] org.apache.catalina.core.AprLifecycleListener.lifecycleEvent Capacidades APR: IPv6 [true], enviar fichero [true], aceptar filtros [false], aleatorio [true], UDS [true].
21-Nov-2024 22:15:58.320 INFO [main] org.apache.catalina.core.AprLifecycleListener.lifecycleEvent APR/OpenSSL configuration: useAprConnector [false], useOpenSSL [true]
21-Nov-2024 22:15:58.343 INFO [main] org.apache.catalina.core.AprLifecycleListener.initializeSSL OpenSSL inicializado correctamente [OpenSSL 3.0.14 4 Jun 2024]
21-Nov-2024 22:15:58.721 INFO [main] org.apache.coyote.AbstractProtocol.init Inicializando el manejador de protocolo ["http-nio-8080"]

21-Nov-2024 22:15:58.751 INFO [main] org.apache.catalina.startup.Catalina.load Server initialization in [779] milliseconds
21-Nov-2024 22:15:58.779 WARNING [main] java.util.ArrayList.forEach Name = PgDB Property maxActive is not used in DBCP2, use maxTotal instead. maxTotal default value is 8. You have set value of "100" for "maxActive" property, which is being ignored.
21-Nov-2024 22:15:58.780 WARNING [main] java.util.ArrayList.forEach Name = PgDB Property maxWait is not used in DBCP2 , use maxWaitMillis instead. maxWaitMillis default value is PT-0.001S. You have set value of "10000" for "maxWait" property, which is being ignored.
21-Nov-2024 22:15:58.781 INFO [main] java.util.ArrayList.forEach Name = PgDB Ignoring unknown property: value of "jdbc/PgDB" for "global" property
21-Nov-2024 22:15:58.813 WARNING [main] java.util.ArrayList.forEach Name = ConexionInventario Property maxActive is not used in DBCP2, use maxTotal instead. maxTotal default value is 8. You have set value of "100" for "maxActive" property, which is being ignored.
21-Nov-2024 22:15:58.814 WARNING [main] java.util.ArrayList.forEach Name = ConexionInventario Property maxWait is not used in DBCP2 , use maxWaitMillis instead. maxWaitMillis default value is PT-0.001S. You have set value of "10000" for "maxWait" property, which is being ignored.
21-Nov-2024 22:15:58.815 INFO [main] java.util.ArrayList.forEach Name = ConexionInventario Ignoring unknown property: value of "jdbc/ConexionInventario" for "global" property
21-Nov-2024 22:15:58.864 INFO [main] org.apache.catalina.core.StandardService.startInternal Arrancando servicio [Catalina]
21-Nov-2024 22:15:58.866 INFO [main] org.apache.catalina.core.StandardEngine.startInternal Starting Servlet engine: [Apache Tomcat/9.0.96]
21-Nov-2024 22:15:58.892 INFO [main] org.apache.catalina.startup.HostConfig.deployWAR Despliegue del archivo [C:\Users\CHAMORRO\OneDrive\Imágenes\programacion sebas\Modulo 3\apache-tomcat-9.0.96\webapps\ejemploweb.war] de la aplicación web
21-Nov-2024 22:16:00.990 INFO [main] org.apache.jasper.servlet.TldScanner.scanJars Al menos un JAR, que se ha explorado buscando TLDs, aún no contenía TLDs. Activar historial de depuración para este historiador para una completa lista de los JARs que fueron explorados y de los que nos se halló TLDs. Saltarse JARs no necesarios durante la exploración puede dar lugar a una mejora de tiempo significativa en el arranque y compilación de JSP .
21-Nov-2024 22:16:02.402 INFO [main] org.apache.catalina.startup.HostConfig.deployWAR Deployment of web application archive [C:\Users\CHAMORRO\OneDrive\Imágenes\programacion sebas\Modulo 3\apache-tomcat-9.0.96\webapps\ejemploweb.war] has finished in [3.511] ms
21-Nov-2024 22:16:02.408 INFO [main] org.apache.catalina.startup.HostConfig.deployWAR Despliegue del archivo [C:\Users\CHAMORRO\OneDrive\Imágenes\programacion sebas\Modulo 3\apache-tomcat-9.0.96\webapps\EvaluacionGrupal1.war] de la aplicación web
21-Nov-2024 22:16:03.929 INFO [main] org.apache.jasper.servlet.TldScanner.scanJars Al menos un JAR, que se ha explorado buscando TLDs, aún no contenía TLDs. Activar historial de depuración para este historiador para una completa lista de los JARs que fueron explorados y de los que nos se halló TLDs. Saltarse JARs no necesarios durante la exploración puede dar lugar a una mejora de tiempo significativa en el arranque y compilación de JSP .
21-Nov-2024 22:16:05.097 INFO [main] org.apache.catalina.startup.HostConfig.deployWAR Deployment of web application archive [C:\Users\CHAMORRO\OneDrive\Imágenes\programacion sebas\Modulo 3\apache-tomcat-9.0.96\webapps\EvaluacionGrupal1.war] has finished in [2.689] ms
21-Nov-2024 22:16:05.101 INFO [main] org.apache.catalina.startup.HostConfig.deployWAR Despliegue del archivo [C:\Users\CHAMORRO\OneDrive\Imágenes\programacion sebas\Modulo 3\apache-tomcat-9.0.96\webapps\inventario.war] de la aplicación web
21-Nov-2024 22:16:06.531 INFO [main] org.apache.jasper.servlet.TldScanner.scanJars Al menos un JAR, que se ha explorado buscando TLDs, aún no contenía TLDs. Activar historial de depuración para este historiador para una completa lista de los JARs que fueron explorados y de los que nos se halló TLDs. Saltarse JARs no necesarios durante la exploración puede dar lugar a una mejora de tiempo significativa en el arranque y compilación de JSP .
21-Nov-2024 22:16:07.634 INFO [main] org.apache.catalina.startup.HostConfig.deployWAR Deployment of web application archive [C:\Users\CHAMORRO\OneDrive\Imágenes\programacion sebas\Modulo 3\apache-tomcat-9.0.96\webapps\inventario.war] has finished in [2.533] ms
21-Nov-2024 22:16:07.637 INFO [main] org.apache.catalina.startup.HostConfig.deployWAR Despliegue del archivo [C:\Users\CHAMORRO\OneDrive\Imágenes\programacion sebas\Modulo 3\apache-tomcat-9.0.96\webapps\inventarios-1.0.0.war] de la aplicación web
21-Nov-2024 22:16:07.641 INFO [main] org.apache.catalina.startup.ExpandWar.expand An expanded directory [C:\Users\CHAMORRO\OneDrive\Imágenes\programacion sebas\Modulo 3\apache-tomcat-9.0.96\webapps\inventarios-1.0.0] was found with a last modified time that did not match the associated WAR. It will be deleted.
21-Nov-2024 22:16:09.111 INFO [main] org.apache.jasper.servlet.TldScanner.scanJars Al menos un JAR, que se ha explorado buscando TLDs, aún no contenía TLDs. Activar historial de depuración para este historiador para una completa lista de los JARs que fueron explorados y de los que nos se halló TLDs. Saltarse JARs no necesarios durante la exploración puede dar lugar a una mejora de tiempo significativa en el arranque y compilación de JSP .
21-Nov-2024 22:16:09.135 INFO [main] org.apache.catalina.startup.HostConfig.deployWAR Deployment of web application archive [C:\Users\CHAMORRO\OneDrive\Imágenes\programacion sebas\Modulo 3\apache-tomcat-9.0.96\webapps\inventarios-1.0.0.war] has finished in [1.498] ms
21-Nov-2024 22:16:09.136 INFO [main] org.apache.catalina.startup.HostConfig.deployDirectory Desplegando el directorio [C:\Users\CHAMORRO\OneDrive\Imágenes\programacion sebas\Modulo 3\apache-tomcat-9.0.96\webapps\docs] de la aplicación web
21-Nov-2024 22:16:09.328 INFO [main] org.apache.jasper.servlet.TldScanner.scanJars Al menos un JAR, que se ha explorado buscando TLDs, aún no contenía TLDs. Activar historial de depuración para este historiador para una completa lista de los JARs que fueron explorados y de los que nos se halló TLDs. Saltarse JARs no necesarios durante la exploración puede dar lugar a una mejora de tiempo significativa en el arranque y compilación de JSP .
21-Nov-2024 22:16:09.332 INFO [main] org.apache.catalina.startup.HostConfig.deployDirectory Deployment of web application directory [C:\Users\CHAMORRO\OneDrive\Imágenes\programacion sebas\Modulo 3\apache-tomcat-9.0.96\webapps\docs] has finished in [196] ms
21-Nov-2024 22:16:09.332 INFO [main] org.apache.catalina.startup.HostConfig.deployDirectory Desplegando el directorio [C:\Users\CHAMORRO\OneDrive\Imágenes\programacion sebas\Modulo 3\apache-tomcat-9.0.96\webapps\examples] de la aplicación web
21-Nov-2024 22:16:09.996 INFO [main] org.apache.jasper.servlet.TldScanner.scanJars Al menos un JAR, que se ha explorado buscando TLDs, aún no contenía TLDs. Activar historial de depuración para este historiador para una completa lista de los JARs que fueron explorados y de los que nos se halló TLDs. Saltarse JARs no necesarios durante la exploración puede dar lugar a una mejora de tiempo significativa en el arranque y compilación de JSP .
21-Nov-2024 22:16:10.073 INFO [main] org.apache.catalina.startup.HostConfig.deployDirectory Deployment of web application directory [C:\Users\CHAMORRO\OneDrive\Imágenes\programacion sebas\Modulo 3\apache-tomcat-9.0.96\webapps\examples] has finished in [740] ms
21-Nov-2024 22:16:10.073 INFO [main] org.apache.catalina.startup.HostConfig.deployDirectory Desplegando el directorio [C:\Users\CHAMORRO\OneDrive\Imágenes\programacion sebas\Modulo 3\apache-tomcat-9.0.96\webapps\host-manager] de la aplicación web
21-Nov-2024 22:16:10.255 INFO [main] org.apache.jasper.servlet.TldScanner.scanJars Al menos un JAR, que se ha explorado buscando TLDs, aún no contenía TLDs. Activar historial de depuración para este historiador para una completa lista de los JARs que fueron explorados y de los que nos se halló TLDs. Saltarse JARs no necesarios durante la exploración puede dar lugar a una mejora de tiempo significativa en el arranque y compilación de JSP .
21-Nov-2024 22:16:10.263 INFO [main] org.apache.catalina.startup.HostConfig.deployDirectory Deployment of web application directory [C:\Users\CHAMORRO\OneDrive\Imágenes\programacion sebas\Modulo 3\apache-tomcat-9.0.96\webapps\host-manager] has finished in [190] ms
21-Nov-2024 22:16:10.264 INFO [main] org.apache.catalina.startup.HostConfig.deployDirectory Desplegando el directorio [C:\Users\CHAMORRO\OneDrive\Imágenes\programacion sebas\Modulo 3\apache-tomcat-9.0.96\webapps\manager] de la aplicación web
21-Nov-2024 22:16:10.465 INFO [main] org.apache.jasper.servlet.TldScanner.scanJars Al menos un JAR, que se ha explorado buscando TLDs, aún no contenía TLDs. Activar historial de depuración para este historiador para una completa lista de los JARs que fueron explorados y de los que nos se halló TLDs. Saltarse JARs no necesarios durante la exploración puede dar lugar a una mejora de tiempo significativa en el arranque y compilación de JSP .
21-Nov-2024 22:16:10.471 INFO [main] org.apache.catalina.startup.HostConfig.deployDirectory Deployment of web application directory [C:\Users\CHAMORRO\OneDrive\Imágenes\programacion sebas\Modulo 3\apache-tomcat-9.0.96\webapps\manager] has finished in [206] ms
21-Nov-2024 22:16:10.472 INFO [main] org.apache.catalina.startup.HostConfig.deployDirectory Desplegando el directorio [C:\Users\CHAMORRO\OneDrive\Imágenes\programacion sebas\Modulo 3\apache-tomcat-9.0.96\webapps\ROOT] de la aplicación web
21-Nov-2024 22:16:10.639 INFO [main] org.apache.jasper.servlet.TldScanner.scanJars Al menos un JAR, que se ha explorado buscando TLDs, aún no contenía TLDs. Activar historial de depuración para este historiador para una completa lista de los JARs que fueron explorados y de los que nos se halló TLDs. Saltarse JARs no necesarios durante la exploración puede dar lugar a una mejora de tiempo significativa en el arranque y compilación de JSP .
21-Nov-2024 22:16:10.643 INFO [main] org.apache.catalina.startup.HostConfig.deployDirectory Deployment of web application directory [C:\Users\CHAMORRO\OneDrive\Imágenes\programacion sebas\Modulo 3\apache-tomcat-9.0.96\webapps\ROOT] has finished in [171] ms
21-Nov-2024 22:16:10.648 INFO [main] org.apache.coyote.AbstractProtocol.start Starting ProtocolHandler ["http-nio-8080"]
21-Nov-2024 22:16:10.673 INFO [main] org.apache.catalina.startup.Catalina.start Server startup in [11920] milliseconds
21-Nov-2024 22:18:29.199 INFO [main] org.apache.catalina.startup.VersionLoggerListener.log Nombre de la versión del servidor: Apache Tomcat/9.0.96
21-Nov-2024 22:18:29.203 INFO [main] org.apache.catalina.startup.VersionLoggerListener.log Server built:                      Oct 3 2024 19:44:30 UTC
21-Nov-2024 22:18:29.203 INFO [main] org.apache.catalina.startup.VersionLoggerListener.log Número de versión de servidor:     9.0.96.0
21-Nov-2024 22:18:29.204 INFO [main] org.apache.catalina.startup.VersionLoggerListener.log OS Name:                           Windows 10
21-Nov-2024 22:18:29.204 INFO [main] org.apache.catalina.startup.VersionLoggerListener.log Versión de Systema Operativo:      10.0
21-Nov-2024 22:18:29.204 INFO [main] org.apache.catalina.startup.VersionLoggerListener.log Arquitectura:                      amd64
21-Nov-2024 22:18:29.204 INFO [main] org.apache.catalina.startup.VersionLoggerListener.log Java Home:                         C:\Program Files\Java\jdk-23
21-Nov-2024 22:18:29.204 INFO [main] org.apache.catalina.startup.VersionLoggerListener.log JVM Version:                       23+37-2369
21-Nov-2024 22:18:29.205 INFO [main] org.apache.catalina.startup.VersionLoggerListener.log Vededor JVM:                       Oracle Corporation
21-Nov-2024 22:18:29.205 INFO [main] org.apache.catalina.startup.VersionLoggerListener.log CATALINA_BASE:                     C:\Users\CHAMORRO\OneDrive\Imágenes\programacion sebas\Modulo 3\apache-tomcat-9.0.96
21-Nov-2024 22:18:29.205 INFO [main] org.apache.catalina.startup.VersionLoggerListener.log CATALINA_HOME:                     C:\Users\CHAMORRO\OneDrive\Imágenes\programacion sebas\Modulo 3\apache-tomcat-9.0.96
21-Nov-2024 22:18:29.215 INFO [main] org.apache.catalina.startup.VersionLoggerListener.log Command line argument:             --add-opens=java.base/java.lang=ALL-UNNAMED
21-Nov-2024 22:18:29.215 INFO [main] org.apache.catalina.startup.VersionLoggerListener.log Command line argument:             --add-opens=java.base/java.io=ALL-UNNAMED
21-Nov-2024 22:18:29.215 INFO [main] org.apache.catalina.startup.VersionLoggerListener.log Command line argument:             --add-opens=java.base/java.util=ALL-UNNAMED
21-Nov-2024 22:18:29.215 INFO [main] org.apache.catalina.startup.VersionLoggerListener.log Command line argument:             --add-opens=java.base/java.util.concurrent=ALL-UNNAMED
21-Nov-2024 22:18:29.216 INFO [main] org.apache.catalina.startup.VersionLoggerListener.log Command line argument:             --add-opens=java.rmi/sun.rmi.transport=ALL-UNNAMED
21-Nov-2024 22:18:29.216 INFO [main] org.apache.catalina.startup.VersionLoggerListener.log Command line argument:             -Djava.util.logging.config.file=C:\Users\CHAMORRO\OneDrive\Imágenes\programacion sebas\Modulo 3\apache-tomcat-9.0.96\conf\logging.properties
21-Nov-2024 22:18:29.217 INFO [main] org.apache.catalina.startup.VersionLoggerListener.log Command line argument:             -Djava.util.logging.manager=org.apache.juli.ClassLoaderLogManager
21-Nov-2024 22:18:29.217 INFO [main] org.apache.catalina.startup.VersionLoggerListener.log Command line argument:             -Djdk.tls.ephemeralDHKeySize=2048
21-Nov-2024 22:18:29.217 INFO [main] org.apache.catalina.startup.VersionLoggerListener.log Command line argument:             -Djava.protocol.handler.pkgs=org.apache.catalina.webresources
21-Nov-2024 22:18:29.218 INFO [main] org.apache.catalina.startup.VersionLoggerListener.log Command line argument:             -Dignore.endorsed.dirs=
21-Nov-2024 22:18:29.218 INFO [main] org.apache.catalina.startup.VersionLoggerListener.log Command line argument:             -Dcatalina.base=C:\Users\CHAMORRO\OneDrive\Imágenes\programacion sebas\Modulo 3\apache-tomcat-9.0.96
21-Nov-2024 22:18:29.218 INFO [main] org.apache.catalina.startup.VersionLoggerListener.log Command line argument:             -Dcatalina.home=C:\Users\CHAMORRO\OneDrive\Imágenes\programacion sebas\Modulo 3\apache-tomcat-9.0.96
21-Nov-2024 22:18:29.219 INFO [main] org.apache.catalina.startup.VersionLoggerListener.log Command line argument:             -Djava.io.tmpdir=C:\Users\CHAMORRO\OneDrive\Imágenes\programacion sebas\Modulo 3\apache-tomcat-9.0.96\temp
21-Nov-2024 22:18:29.225 INFO [main] org.apache.catalina.core.AprLifecycleListener.lifecycleEvent Cargada la biblioteca nativa APR de Apache Tomcat [1.3.1] con la versión APR [1.7.4].
21-Nov-2024 22:18:29.226 INFO [main] org.apache.catalina.core.AprLifecycleListener.lifecycleEvent Capacidades APR: IPv6 [true], enviar fichero [true], aceptar filtros [false], aleatorio [true], UDS [true].
21-Nov-2024 22:18:29.226 INFO [main] org.apache.catalina.core.AprLifecycleListener.lifecycleEvent APR/OpenSSL configuration: useAprConnector [false], useOpenSSL [true]
21-Nov-2024 22:18:29.233 INFO [main] org.apache.catalina.core.AprLifecycleListener.initializeSSL OpenSSL inicializado correctamente [OpenSSL 3.0.14 4 Jun 2024]
21-Nov-2024 22:18:29.634 INFO [main] org.apache.coyote.AbstractProtocol.init Inicializando el manejador de protocolo ["http-nio-8080"]

21-Nov-2024 22:18:29.669 INFO [main] org.apache.catalina.startup.Catalina.load Server initialization in [742] milliseconds
21-Nov-2024 22:18:29.707 WARNING [main] java.util.ArrayList.forEach Name = PgDB Property maxActive is not used in DBCP2, use maxTotal instead. maxTotal default value is 8. You have set value of "100" for "maxActive" property, which is being ignored.
21-Nov-2024 22:18:29.708 WARNING [main] java.util.ArrayList.forEach Name = PgDB Property maxWait is not used in DBCP2 , use maxWaitMillis instead. maxWaitMillis default value is PT-0.001S. You have set value of "10000" for "maxWait" property, which is being ignored.
21-Nov-2024 22:18:29.710 INFO [main] java.util.ArrayList.forEach Name = PgDB Ignoring unknown property: value of "jdbc/PgDB" for "global" property
21-Nov-2024 22:18:29.741 WARNING [main] java.util.ArrayList.forEach Name = ConexionInventario Property maxActive is not used in DBCP2, use maxTotal instead. maxTotal default value is 8. You have set value of "100" for "maxActive" property, which is being ignored.
21-Nov-2024 22:18:29.742 WARNING [main] java.util.ArrayList.forEach Name = ConexionInventario Property maxWait is not used in DBCP2 , use maxWaitMillis instead. maxWaitMillis default value is PT-0.001S. You have set value of "10000" for "maxWait" property, which is being ignored.
21-Nov-2024 22:18:29.743 INFO [main] java.util.ArrayList.forEach Name = ConexionInventario Ignoring unknown property: value of "jdbc/ConexionInventario" for "global" property
21-Nov-2024 22:18:29.777 INFO [main] org.apache.catalina.core.StandardService.startInternal Arrancando servicio [Catalina]
21-Nov-2024 22:18:29.779 INFO [main] org.apache.catalina.core.StandardEngine.startInternal Starting Servlet engine: [Apache Tomcat/9.0.96]
21-Nov-2024 22:18:29.800 INFO [main] org.apache.catalina.startup.HostConfig.deployWAR Despliegue del archivo [C:\Users\CHAMORRO\OneDrive\Imágenes\programacion sebas\Modulo 3\apache-tomcat-9.0.96\webapps\ejemploweb.war] de la aplicación web
21-Nov-2024 22:18:31.837 INFO [main] org.apache.jasper.servlet.TldScanner.scanJars Al menos un JAR, que se ha explorado buscando TLDs, aún no contenía TLDs. Activar historial de depuración para este historiador para una completa lista de los JARs que fueron explorados y de los que nos se halló TLDs. Saltarse JARs no necesarios durante la exploración puede dar lugar a una mejora de tiempo significativa en el arranque y compilación de JSP .
21-Nov-2024 22:18:33.316 INFO [main] org.apache.catalina.startup.HostConfig.deployWAR Deployment of web application archive [C:\Users\CHAMORRO\OneDrive\Imágenes\programacion sebas\Modulo 3\apache-tomcat-9.0.96\webapps\ejemploweb.war] has finished in [3.516] ms
21-Nov-2024 22:18:33.319 INFO [main] org.apache.catalina.startup.HostConfig.deployWAR Despliegue del archivo [C:\Users\CHAMORRO\OneDrive\Imágenes\programacion sebas\Modulo 3\apache-tomcat-9.0.96\webapps\EvaluacionGrupal1.war] de la aplicación web
21-Nov-2024 22:18:34.910 INFO [main] org.apache.jasper.servlet.TldScanner.scanJars Al menos un JAR, que se ha explorado buscando TLDs, aún no contenía TLDs. Activar historial de depuración para este historiador para una completa lista de los JARs que fueron explorados y de los que nos se halló TLDs. Saltarse JARs no necesarios durante la exploración puede dar lugar a una mejora de tiempo significativa en el arranque y compilación de JSP .
21-Nov-2024 22:18:36.099 INFO [main] org.apache.catalina.startup.HostConfig.deployWAR Deployment of web application archive [C:\Users\CHAMORRO\OneDrive\Imágenes\programacion sebas\Modulo 3\apache-tomcat-9.0.96\webapps\EvaluacionGrupal1.war] has finished in [2.780] ms
21-Nov-2024 22:18:36.101 INFO [main] org.apache.catalina.startup.HostConfig.deployWAR Despliegue del archivo [C:\Users\CHAMORRO\OneDrive\Imágenes\programacion sebas\Modulo 3\apache-tomcat-9.0.96\webapps\inventario.war] de la aplicación web
21-Nov-2024 22:18:37.422 INFO [main] org.apache.jasper.servlet.TldScanner.scanJars Al menos un JAR, que se ha explorado buscando TLDs, aún no contenía TLDs. Activar historial de depuración para este historiador para una completa lista de los JARs que fueron explorados y de los que nos se halló TLDs. Saltarse JARs no necesarios durante la exploración puede dar lugar a una mejora de tiempo significativa en el arranque y compilación de JSP .
21-Nov-2024 22:18:38.540 INFO [main] org.apache.catalina.startup.HostConfig.deployWAR Deployment of web application archive [C:\Users\CHAMORRO\OneDrive\Imágenes\programacion sebas\Modulo 3\apache-tomcat-9.0.96\webapps\inventario.war] has finished in [2.438] ms
21-Nov-2024 22:18:38.542 INFO [main] org.apache.catalina.startup.HostConfig.deployWAR Despliegue del archivo [C:\Users\CHAMORRO\OneDrive\Imágenes\programacion sebas\Modulo 3\apache-tomcat-9.0.96\webapps\inventarios-1.0.0.war] de la aplicación web
21-Nov-2024 22:18:38.546 INFO [main] org.apache.catalina.startup.ExpandWar.expand An expanded directory [C:\Users\CHAMORRO\OneDrive\Imágenes\programacion sebas\Modulo 3\apache-tomcat-9.0.96\webapps\inventarios-1.0.0] was found with a last modified time that did not match the associated WAR. It will be deleted.
21-Nov-2024 22:18:40.023 INFO [main] org.apache.jasper.servlet.TldScanner.scanJars Al menos un JAR, que se ha explorado buscando TLDs, aún no contenía TLDs. Activar historial de depuración para este historiador para una completa lista de los JARs que fueron explorados y de los que nos se halló TLDs. Saltarse JARs no necesarios durante la exploración puede dar lugar a una mejora de tiempo significativa en el arranque y compilación de JSP .
21-Nov-2024 22:18:40.045 INFO [main] org.apache.catalina.startup.HostConfig.deployWAR Deployment of web application archive [C:\Users\CHAMORRO\OneDrive\Imágenes\programacion sebas\Modulo 3\apache-tomcat-9.0.96\webapps\inventarios-1.0.0.war] has finished in [1.502] ms
21-Nov-2024 22:18:40.045 INFO [main] org.apache.catalina.startup.HostConfig.deployDirectory Desplegando el directorio [C:\Users\CHAMORRO\OneDrive\Imágenes\programacion sebas\Modulo 3\apache-tomcat-9.0.96\webapps\docs] de la aplicación web
21-Nov-2024 22:18:40.233 INFO [main] org.apache.jasper.servlet.TldScanner.scanJars Al menos un JAR, que se ha explorado buscando TLDs, aún no contenía TLDs. Activar historial de depuración para este historiador para una completa lista de los JARs que fueron explorados y de los que nos se halló TLDs. Saltarse JARs no necesarios durante la exploración puede dar lugar a una mejora de tiempo significativa en el arranque y compilación de JSP .
21-Nov-2024 22:18:40.237 INFO [main] org.apache.catalina.startup.HostConfig.deployDirectory Deployment of web application directory [C:\Users\CHAMORRO\OneDrive\Imágenes\programacion sebas\Modulo 3\apache-tomcat-9.0.96\webapps\docs] has finished in [192] ms
21-Nov-2024 22:18:40.238 INFO [main] org.apache.catalina.startup.HostConfig.deployDirectory Desplegando el directorio [C:\Users\CHAMORRO\OneDrive\Imágenes\programacion sebas\Modulo 3\apache-tomcat-9.0.96\webapps\examples] de la aplicación web
21-Nov-2024 22:18:40.858 INFO [main] org.apache.jasper.servlet.TldScanner.scanJars Al menos un JAR, que se ha explorado buscando TLDs, aún no contenía TLDs. Activar historial de depuración para este historiador para una completa lista de los JARs que fueron explorados y de los que nos se halló TLDs. Saltarse JARs no necesarios durante la exploración puede dar lugar a una mejora de tiempo significativa en el arranque y compilación de JSP .
21-Nov-2024 22:18:40.933 INFO [main] org.apache.catalina.startup.HostConfig.deployDirectory Deployment of web application directory [C:\Users\CHAMORRO\OneDrive\Imágenes\programacion sebas\Modulo 3\apache-tomcat-9.0.96\webapps\examples] has finished in [696] ms
21-Nov-2024 22:18:40.934 INFO [main] org.apache.catalina.startup.HostConfig.deployDirectory Desplegando el directorio [C:\Users\CHAMORRO\OneDrive\Imágenes\programacion sebas\Modulo 3\apache-tomcat-9.0.96\webapps\host-manager] de la aplicación web
21-Nov-2024 22:18:41.116 INFO [main] org.apache.jasper.servlet.TldScanner.scanJars Al menos un JAR, que se ha explorado buscando TLDs, aún no contenía TLDs. Activar historial de depuración para este historiador para una completa lista de los JARs que fueron explorados y de los que nos se halló TLDs. Saltarse JARs no necesarios durante la exploración puede dar lugar a una mejora de tiempo significativa en el arranque y compilación de JSP .
21-Nov-2024 22:18:41.125 INFO [main] org.apache.catalina.startup.HostConfig.deployDirectory Deployment of web application directory [C:\Users\CHAMORRO\OneDrive\Imágenes\programacion sebas\Modulo 3\apache-tomcat-9.0.96\webapps\host-manager] has finished in [191] ms
21-Nov-2024 22:18:41.126 INFO [main] org.apache.catalina.startup.HostConfig.deployDirectory Desplegando el directorio [C:\Users\CHAMORRO\OneDrive\Imágenes\programacion sebas\Modulo 3\apache-tomcat-9.0.96\webapps\manager] de la aplicación web
21-Nov-2024 22:18:41.322 INFO [main] org.apache.jasper.servlet.TldScanner.scanJars Al menos un JAR, que se ha explorado buscando TLDs, aún no contenía TLDs. Activar historial de depuración para este historiador para una completa lista de los JARs que fueron explorados y de los que nos se halló TLDs. Saltarse JARs no necesarios durante la exploración puede dar lugar a una mejora de tiempo significativa en el arranque y compilación de JSP .
21-Nov-2024 22:18:41.326 INFO [main] org.apache.catalina.startup.HostConfig.deployDirectory Deployment of web application directory [C:\Users\CHAMORRO\OneDrive\Imágenes\programacion sebas\Modulo 3\apache-tomcat-9.0.96\webapps\manager] has finished in [200] ms
21-Nov-2024 22:18:41.327 INFO [main] org.apache.catalina.startup.HostConfig.deployDirectory Desplegando el directorio [C:\Users\CHAMORRO\OneDrive\Imágenes\programacion sebas\Modulo 3\apache-tomcat-9.0.96\webapps\ROOT] de la aplicación web
21-Nov-2024 22:18:41.498 INFO [main] org.apache.jasper.servlet.TldScanner.scanJars Al menos un JAR, que se ha explorado buscando TLDs, aún no contenía TLDs. Activar historial de depuración para este historiador para una completa lista de los JARs que fueron explorados y de los que nos se halló TLDs. Saltarse JARs no necesarios durante la exploración puede dar lugar a una mejora de tiempo significativa en el arranque y compilación de JSP .
21-Nov-2024 22:18:41.502 INFO [main] org.apache.catalina.startup.HostConfig.deployDirectory Deployment of web application directory [C:\Users\CHAMORRO\OneDrive\Imágenes\programacion sebas\Modulo 3\apache-tomcat-9.0.96\webapps\ROOT] has finished in [175] ms
21-Nov-2024 22:18:41.507 INFO [main] org.apache.coyote.AbstractProtocol.start Starting ProtocolHandler ["http-nio-8080"]
21-Nov-2024 22:18:41.531 INFO [main] org.apache.catalina.startup.Catalina.start Server startup in [11859] milliseconds
