20-Dec-2024 18:53:00.481 INFO [main] org.apache.catalina.startup.VersionLoggerListener.log Nombre de la versión del servidor: Apache Tomcat/9.0.96
20-Dec-2024 18:53:00.488 INFO [main] org.apache.catalina.startup.VersionLoggerListener.log Server built:                      Oct 3 2024 19:44:30 UTC
20-Dec-2024 18:53:00.489 INFO [main] org.apache.catalina.startup.VersionLoggerListener.log Número de versión de servidor:     9.0.96.0
20-Dec-2024 18:53:00.489 INFO [main] org.apache.catalina.startup.VersionLoggerListener.log OS Name:                           Windows 10
20-Dec-2024 18:53:00.489 INFO [main] org.apache.catalina.startup.VersionLoggerListener.log Versión de Systema Operativo:      10.0
20-Dec-2024 18:53:00.489 INFO [main] org.apache.catalina.startup.VersionLoggerListener.log Arquitectura:                      amd64
20-Dec-2024 18:53:00.489 INFO [main] org.apache.catalina.startup.VersionLoggerListener.log Java Home:                         C:\Program Files\Java\jdk-23
20-Dec-2024 18:53:00.489 INFO [main] org.apache.catalina.startup.VersionLoggerListener.log JVM Version:                       23+37-2369
20-Dec-2024 18:53:00.490 INFO [main] org.apache.catalina.startup.VersionLoggerListener.log Vededor JVM:                       Oracle Corporation
20-Dec-2024 18:53:00.490 INFO [main] org.apache.catalina.startup.VersionLoggerListener.log CATALINA_BASE:                     C:\Users\CHAMORRO\OneDrive\Imágenes\programacion sebas\Modulo 3\apache-tomcat-9.0.96
20-Dec-2024 18:53:00.490 INFO [main] org.apache.catalina.startup.VersionLoggerListener.log CATALINA_HOME:                     C:\Users\CHAMORRO\OneDrive\Imágenes\programacion sebas\Modulo 3\apache-tomcat-9.0.96
20-Dec-2024 18:53:00.507 INFO [main] org.apache.catalina.startup.VersionLoggerListener.log Command line argument:             --add-opens=java.base/java.lang=ALL-UNNAMED
20-Dec-2024 18:53:00.507 INFO [main] org.apache.catalina.startup.VersionLoggerListener.log Command line argument:             --add-opens=java.base/java.io=ALL-UNNAMED
20-Dec-2024 18:53:00.508 INFO [main] org.apache.catalina.startup.VersionLoggerListener.log Command line argument:             --add-opens=java.base/java.util=ALL-UNNAMED
20-Dec-2024 18:53:00.508 INFO [main] org.apache.catalina.startup.VersionLoggerListener.log Command line argument:             --add-opens=java.base/java.util.concurrent=ALL-UNNAMED
20-Dec-2024 18:53:00.508 INFO [main] org.apache.catalina.startup.VersionLoggerListener.log Command line argument:             --add-opens=java.rmi/sun.rmi.transport=ALL-UNNAMED
20-Dec-2024 18:53:00.509 INFO [main] org.apache.catalina.startup.VersionLoggerListener.log Command line argument:             -Djava.util.logging.config.file=C:\Users\CHAMORRO\OneDrive\Imágenes\programacion sebas\Modulo 3\apache-tomcat-9.0.96\conf\logging.properties
20-Dec-2024 18:53:00.509 INFO [main] org.apache.catalina.startup.VersionLoggerListener.log Command line argument:             -Djava.util.logging.manager=org.apache.juli.ClassLoaderLogManager
20-Dec-2024 18:53:00.509 INFO [main] org.apache.catalina.startup.VersionLoggerListener.log Command line argument:             -Djdk.tls.ephemeralDHKeySize=2048
20-Dec-2024 18:53:00.510 INFO [main] org.apache.catalina.startup.VersionLoggerListener.log Command line argument:             -Djava.protocol.handler.pkgs=org.apache.catalina.webresources
20-Dec-2024 18:53:00.511 INFO [main] org.apache.catalina.startup.VersionLoggerListener.log Command line argument:             -Dignore.endorsed.dirs=
20-Dec-2024 18:53:00.511 INFO [main] org.apache.catalina.startup.VersionLoggerListener.log Command line argument:             -Dcatalina.base=C:\Users\CHAMORRO\OneDrive\Imágenes\programacion sebas\Modulo 3\apache-tomcat-9.0.96
20-Dec-2024 18:53:00.511 INFO [main] org.apache.catalina.startup.VersionLoggerListener.log Command line argument:             -Dcatalina.home=C:\Users\CHAMORRO\OneDrive\Imágenes\programacion sebas\Modulo 3\apache-tomcat-9.0.96
20-Dec-2024 18:53:00.513 INFO [main] org.apache.catalina.startup.VersionLoggerListener.log Command line argument:             -Djava.io.tmpdir=C:\Users\CHAMORRO\OneDrive\Imágenes\programacion sebas\Modulo 3\apache-tomcat-9.0.96\temp
20-Dec-2024 18:53:00.526 INFO [main] org.apache.catalina.core.AprLifecycleListener.lifecycleEvent Cargada la biblioteca nativa APR de Apache Tomcat [1.3.1] con la versión APR [1.7.4].
20-Dec-2024 18:53:00.526 INFO [main] org.apache.catalina.core.AprLifecycleListener.lifecycleEvent Capacidades APR: IPv6 [true], enviar fichero [true], aceptar filtros [false], aleatorio [true], UDS [true].
20-Dec-2024 18:53:00.526 INFO [main] org.apache.catalina.core.AprLifecycleListener.lifecycleEvent APR/OpenSSL configuration: useAprConnector [false], useOpenSSL [true]
20-Dec-2024 18:53:00.554 INFO [main] org.apache.catalina.core.AprLifecycleListener.initializeSSL OpenSSL inicializado correctamente [OpenSSL 3.0.14 4 Jun 2024]
20-Dec-2024 18:53:01.126 INFO [main] org.apache.coyote.AbstractProtocol.init Inicializando el manejador de protocolo ["http-nio-8080"]

20-Dec-2024 18:53:01.174 INFO [main] org.apache.catalina.startup.Catalina.load Server initialization in [1070] milliseconds
20-Dec-2024 18:53:01.208 WARNING [main] java.util.ArrayList.forEach Name = PgDB Property maxActive is not used in DBCP2, use maxTotal instead. maxTotal default value is 8. You have set value of "100" for "maxActive" property, which is being ignored.
20-Dec-2024 18:53:01.209 WARNING [main] java.util.ArrayList.forEach Name = PgDB Property maxWait is not used in DBCP2 , use maxWaitMillis instead. maxWaitMillis default value is PT-0.001S. You have set value of "10000" for "maxWait" property, which is being ignored.
20-Dec-2024 18:53:01.213 INFO [main] java.util.ArrayList.forEach Name = PgDB Ignoring unknown property: value of "jdbc/PgDB" for "global" property
20-Dec-2024 18:53:01.250 WARNING [main] java.util.ArrayList.forEach Name = ConexionInventario Property maxActive is not used in DBCP2, use maxTotal instead. maxTotal default value is 8. You have set value of "100" for "maxActive" property, which is being ignored.
20-Dec-2024 18:53:01.250 WARNING [main] java.util.ArrayList.forEach Name = ConexionInventario Property maxWait is not used in DBCP2 , use maxWaitMillis instead. maxWaitMillis default value is PT-0.001S. You have set value of "10000" for "maxWait" property, which is being ignored.
20-Dec-2024 18:53:01.252 INFO [main] java.util.ArrayList.forEach Name = ConexionInventario Ignoring unknown property: value of "jdbc/ConexionInventario" for "global" property
20-Dec-2024 18:53:01.291 INFO [main] org.apache.catalina.core.StandardService.startInternal Arrancando servicio [Catalina]
20-Dec-2024 18:53:01.293 INFO [main] org.apache.catalina.core.StandardEngine.startInternal Starting Servlet engine: [Apache Tomcat/9.0.96]
20-Dec-2024 18:53:01.320 INFO [main] org.apache.catalina.startup.HostConfig.deployWAR Despliegue del archivo [C:\Users\CHAMORRO\OneDrive\Imágenes\programacion sebas\Modulo 3\apache-tomcat-9.0.96\webapps\ejemploweb.war] de la aplicación web
20-Dec-2024 18:53:03.652 INFO [main] org.apache.jasper.servlet.TldScanner.scanJars Al menos un JAR, que se ha explorado buscando TLDs, aún no contenía TLDs. Activar historial de depuración para este historiador para una completa lista de los JARs que fueron explorados y de los que nos se halló TLDs. Saltarse JARs no necesarios durante la exploración puede dar lugar a una mejora de tiempo significativa en el arranque y compilación de JSP .
20-Dec-2024 18:53:05.232 INFO [main] org.apache.catalina.startup.HostConfig.deployWAR Deployment of web application archive [C:\Users\CHAMORRO\OneDrive\Imágenes\programacion sebas\Modulo 3\apache-tomcat-9.0.96\webapps\ejemploweb.war] has finished in [3.912] ms
20-Dec-2024 18:53:05.234 INFO [main] org.apache.catalina.startup.HostConfig.deployWAR Despliegue del archivo [C:\Users\CHAMORRO\OneDrive\Imágenes\programacion sebas\Modulo 3\apache-tomcat-9.0.96\webapps\EvaluacionGrupal1.war] de la aplicación web
20-Dec-2024 18:53:06.964 INFO [main] org.apache.jasper.servlet.TldScanner.scanJars Al menos un JAR, que se ha explorado buscando TLDs, aún no contenía TLDs. Activar historial de depuración para este historiador para una completa lista de los JARs que fueron explorados y de los que nos se halló TLDs. Saltarse JARs no necesarios durante la exploración puede dar lugar a una mejora de tiempo significativa en el arranque y compilación de JSP .
20-Dec-2024 18:53:08.550 INFO [main] org.apache.catalina.startup.HostConfig.deployWAR Deployment of web application archive [C:\Users\CHAMORRO\OneDrive\Imágenes\programacion sebas\Modulo 3\apache-tomcat-9.0.96\webapps\EvaluacionGrupal1.war] has finished in [3.316] ms
20-Dec-2024 18:53:08.553 INFO [main] org.apache.catalina.startup.HostConfig.deployWAR Despliegue del archivo [C:\Users\CHAMORRO\OneDrive\Imágenes\programacion sebas\Modulo 3\apache-tomcat-9.0.96\webapps\inventario.war] de la aplicación web
20-Dec-2024 18:53:10.310 INFO [main] org.apache.jasper.servlet.TldScanner.scanJars Al menos un JAR, que se ha explorado buscando TLDs, aún no contenía TLDs. Activar historial de depuración para este historiador para una completa lista de los JARs que fueron explorados y de los que nos se halló TLDs. Saltarse JARs no necesarios durante la exploración puede dar lugar a una mejora de tiempo significativa en el arranque y compilación de JSP .
20-Dec-2024 18:53:12.040 INFO [main] org.apache.catalina.startup.HostConfig.deployWAR Deployment of web application archive [C:\Users\CHAMORRO\OneDrive\Imágenes\programacion sebas\Modulo 3\apache-tomcat-9.0.96\webapps\inventario.war] has finished in [3.487] ms
20-Dec-2024 18:53:12.042 INFO [main] org.apache.catalina.startup.HostConfig.deployWAR Despliegue del archivo [C:\Users\CHAMORRO\OneDrive\Imágenes\programacion sebas\Modulo 3\apache-tomcat-9.0.96\webapps\inventarios-1.0.0.war] de la aplicación web
20-Dec-2024 18:53:12.046 INFO [main] org.apache.catalina.startup.ExpandWar.expand An expanded directory [C:\Users\CHAMORRO\OneDrive\Imágenes\programacion sebas\Modulo 3\apache-tomcat-9.0.96\webapps\inventarios-1.0.0] was found with a last modified time that did not match the associated WAR. It will be deleted.
20-Dec-2024 18:53:14.138 INFO [main] org.apache.jasper.servlet.TldScanner.scanJars Al menos un JAR, que se ha explorado buscando TLDs, aún no contenía TLDs. Activar historial de depuración para este historiador para una completa lista de los JARs que fueron explorados y de los que nos se halló TLDs. Saltarse JARs no necesarios durante la exploración puede dar lugar a una mejora de tiempo significativa en el arranque y compilación de JSP .
20-Dec-2024 18:53:14.179 INFO [main] org.apache.catalina.startup.HostConfig.deployWAR Deployment of web application archive [C:\Users\CHAMORRO\OneDrive\Imágenes\programacion sebas\Modulo 3\apache-tomcat-9.0.96\webapps\inventarios-1.0.0.war] has finished in [2.137] ms
20-Dec-2024 18:53:14.180 INFO [main] org.apache.catalina.startup.HostConfig.deployDirectory Desplegando el directorio [C:\Users\CHAMORRO\OneDrive\Imágenes\programacion sebas\Modulo 3\apache-tomcat-9.0.96\webapps\docs] de la aplicación web
20-Dec-2024 18:53:14.595 INFO [main] org.apache.jasper.servlet.TldScanner.scanJars Al menos un JAR, que se ha explorado buscando TLDs, aún no contenía TLDs. Activar historial de depuración para este historiador para una completa lista de los JARs que fueron explorados y de los que nos se halló TLDs. Saltarse JARs no necesarios durante la exploración puede dar lugar a una mejora de tiempo significativa en el arranque y compilación de JSP .
20-Dec-2024 18:53:14.601 INFO [main] org.apache.catalina.startup.HostConfig.deployDirectory Deployment of web application directory [C:\Users\CHAMORRO\OneDrive\Imágenes\programacion sebas\Modulo 3\apache-tomcat-9.0.96\webapps\docs] has finished in [421] ms
20-Dec-2024 18:53:14.604 INFO [main] org.apache.catalina.startup.HostConfig.deployDirectory Desplegando el directorio [C:\Users\CHAMORRO\OneDrive\Imágenes\programacion sebas\Modulo 3\apache-tomcat-9.0.96\webapps\examples] de la aplicación web
20-Dec-2024 18:53:15.652 INFO [main] org.apache.jasper.servlet.TldScanner.scanJars Al menos un JAR, que se ha explorado buscando TLDs, aún no contenía TLDs. Activar historial de depuración para este historiador para una completa lista de los JARs que fueron explorados y de los que nos se halló TLDs. Saltarse JARs no necesarios durante la exploración puede dar lugar a una mejora de tiempo significativa en el arranque y compilación de JSP .
20-Dec-2024 18:53:15.815 INFO [main] org.apache.catalina.startup.HostConfig.deployDirectory Deployment of web application directory [C:\Users\CHAMORRO\OneDrive\Imágenes\programacion sebas\Modulo 3\apache-tomcat-9.0.96\webapps\examples] has finished in [1.212] ms
20-Dec-2024 18:53:15.815 INFO [main] org.apache.catalina.startup.HostConfig.deployDirectory Desplegando el directorio [C:\Users\CHAMORRO\OneDrive\Imágenes\programacion sebas\Modulo 3\apache-tomcat-9.0.96\webapps\host-manager] de la aplicación web
20-Dec-2024 18:53:16.109 INFO [main] org.apache.jasper.servlet.TldScanner.scanJars Al menos un JAR, que se ha explorado buscando TLDs, aún no contenía TLDs. Activar historial de depuración para este historiador para una completa lista de los JARs que fueron explorados y de los que nos se halló TLDs. Saltarse JARs no necesarios durante la exploración puede dar lugar a una mejora de tiempo significativa en el arranque y compilación de JSP .
20-Dec-2024 18:53:16.118 INFO [main] org.apache.catalina.startup.HostConfig.deployDirectory Deployment of web application directory [C:\Users\CHAMORRO\OneDrive\Imágenes\programacion sebas\Modulo 3\apache-tomcat-9.0.96\webapps\host-manager] has finished in [303] ms
20-Dec-2024 18:53:16.119 INFO [main] org.apache.catalina.startup.HostConfig.deployDirectory Desplegando el directorio [C:\Users\CHAMORRO\OneDrive\Imágenes\programacion sebas\Modulo 3\apache-tomcat-9.0.96\webapps\manager] de la aplicación web
20-Dec-2024 18:53:16.389 INFO [main] org.apache.jasper.servlet.TldScanner.scanJars Al menos un JAR, que se ha explorado buscando TLDs, aún no contenía TLDs. Activar historial de depuración para este historiador para una completa lista de los JARs que fueron explorados y de los que nos se halló TLDs. Saltarse JARs no necesarios durante la exploración puede dar lugar a una mejora de tiempo significativa en el arranque y compilación de JSP .
20-Dec-2024 18:53:16.395 INFO [main] org.apache.catalina.startup.HostConfig.deployDirectory Deployment of web application directory [C:\Users\CHAMORRO\OneDrive\Imágenes\programacion sebas\Modulo 3\apache-tomcat-9.0.96\webapps\manager] has finished in [276] ms
20-Dec-2024 18:53:16.396 INFO [main] org.apache.catalina.startup.HostConfig.deployDirectory Desplegando el directorio [C:\Users\CHAMORRO\OneDrive\Imágenes\programacion sebas\Modulo 3\apache-tomcat-9.0.96\webapps\ROOT] de la aplicación web
20-Dec-2024 18:53:16.588 INFO [main] org.apache.jasper.servlet.TldScanner.scanJars Al menos un JAR, que se ha explorado buscando TLDs, aún no contenía TLDs. Activar historial de depuración para este historiador para una completa lista de los JARs que fueron explorados y de los que nos se halló TLDs. Saltarse JARs no necesarios durante la exploración puede dar lugar a una mejora de tiempo significativa en el arranque y compilación de JSP .
20-Dec-2024 18:53:16.591 INFO [main] org.apache.catalina.startup.HostConfig.deployDirectory Deployment of web application directory [C:\Users\CHAMORRO\OneDrive\Imágenes\programacion sebas\Modulo 3\apache-tomcat-9.0.96\webapps\ROOT] has finished in [195] ms
20-Dec-2024 18:53:16.598 INFO [main] org.apache.coyote.AbstractProtocol.start Starting ProtocolHandler ["http-nio-8080"]
20-Dec-2024 18:53:16.627 INFO [main] org.apache.catalina.startup.Catalina.start Server startup in [15451] milliseconds
20-Dec-2024 18:58:35.331 INFO [main] org.apache.catalina.startup.VersionLoggerListener.log Nombre de la versión del servidor: Apache Tomcat/9.0.96
20-Dec-2024 18:58:35.335 INFO [main] org.apache.catalina.startup.VersionLoggerListener.log Server built:                      Oct 3 2024 19:44:30 UTC
20-Dec-2024 18:58:35.335 INFO [main] org.apache.catalina.startup.VersionLoggerListener.log Número de versión de servidor:     9.0.96.0
20-Dec-2024 18:58:35.335 INFO [main] org.apache.catalina.startup.VersionLoggerListener.log OS Name:                           Windows 10
20-Dec-2024 18:58:35.335 INFO [main] org.apache.catalina.startup.VersionLoggerListener.log Versión de Systema Operativo:      10.0
20-Dec-2024 18:58:35.335 INFO [main] org.apache.catalina.startup.VersionLoggerListener.log Arquitectura:                      amd64
20-Dec-2024 18:58:35.336 INFO [main] org.apache.catalina.startup.VersionLoggerListener.log Java Home:                         C:\Program Files\Java\jdk-23
20-Dec-2024 18:58:35.336 INFO [main] org.apache.catalina.startup.VersionLoggerListener.log JVM Version:                       23+37-2369
20-Dec-2024 18:58:35.336 INFO [main] org.apache.catalina.startup.VersionLoggerListener.log Vededor JVM:                       Oracle Corporation
20-Dec-2024 18:58:35.336 INFO [main] org.apache.catalina.startup.VersionLoggerListener.log CATALINA_BASE:                     C:\Users\CHAMORRO\OneDrive\Imágenes\programacion sebas\Modulo 3\apache-tomcat-9.0.96
20-Dec-2024 18:58:35.336 INFO [main] org.apache.catalina.startup.VersionLoggerListener.log CATALINA_HOME:                     C:\Users\CHAMORRO\OneDrive\Imágenes\programacion sebas\Modulo 3\apache-tomcat-9.0.96
20-Dec-2024 18:58:35.378 INFO [main] org.apache.catalina.startup.VersionLoggerListener.log Command line argument:             --add-opens=java.base/java.lang=ALL-UNNAMED
20-Dec-2024 18:58:35.415 INFO [main] org.apache.catalina.startup.VersionLoggerListener.log Command line argument:             --add-opens=java.base/java.io=ALL-UNNAMED
20-Dec-2024 18:58:35.416 INFO [main] org.apache.catalina.startup.VersionLoggerListener.log Command line argument:             --add-opens=java.base/java.util=ALL-UNNAMED
20-Dec-2024 18:58:35.417 INFO [main] org.apache.catalina.startup.VersionLoggerListener.log Command line argument:             --add-opens=java.base/java.util.concurrent=ALL-UNNAMED
20-Dec-2024 18:58:35.420 INFO [main] org.apache.catalina.startup.VersionLoggerListener.log Command line argument:             --add-opens=java.rmi/sun.rmi.transport=ALL-UNNAMED
20-Dec-2024 18:58:35.421 INFO [main] org.apache.catalina.startup.VersionLoggerListener.log Command line argument:             -Djava.util.logging.config.file=C:\Users\CHAMORRO\OneDrive\Imágenes\programacion sebas\Modulo 3\apache-tomcat-9.0.96\conf\logging.properties
20-Dec-2024 18:58:35.421 INFO [main] org.apache.catalina.startup.VersionLoggerListener.log Command line argument:             -Djava.util.logging.manager=org.apache.juli.ClassLoaderLogManager
20-Dec-2024 18:58:35.422 INFO [main] org.apache.catalina.startup.VersionLoggerListener.log Command line argument:             -Djdk.tls.ephemeralDHKeySize=2048
20-Dec-2024 18:58:35.422 INFO [main] org.apache.catalina.startup.VersionLoggerListener.log Command line argument:             -Djava.protocol.handler.pkgs=org.apache.catalina.webresources
20-Dec-2024 18:58:35.423 INFO [main] org.apache.catalina.startup.VersionLoggerListener.log Command line argument:             -Dignore.endorsed.dirs=
20-Dec-2024 18:58:35.424 INFO [main] org.apache.catalina.startup.VersionLoggerListener.log Command line argument:             -Dcatalina.base=C:\Users\CHAMORRO\OneDrive\Imágenes\programacion sebas\Modulo 3\apache-tomcat-9.0.96
20-Dec-2024 18:58:35.424 INFO [main] org.apache.catalina.startup.VersionLoggerListener.log Command line argument:             -Dcatalina.home=C:\Users\CHAMORRO\OneDrive\Imágenes\programacion sebas\Modulo 3\apache-tomcat-9.0.96
20-Dec-2024 18:58:35.424 INFO [main] org.apache.catalina.startup.VersionLoggerListener.log Command line argument:             -Djava.io.tmpdir=C:\Users\CHAMORRO\OneDrive\Imágenes\programacion sebas\Modulo 3\apache-tomcat-9.0.96\temp
20-Dec-2024 18:58:35.435 INFO [main] org.apache.catalina.core.AprLifecycleListener.lifecycleEvent Cargada la biblioteca nativa APR de Apache Tomcat [1.3.1] con la versión APR [1.7.4].
20-Dec-2024 18:58:35.436 INFO [main] org.apache.catalina.core.AprLifecycleListener.lifecycleEvent Capacidades APR: IPv6 [true], enviar fichero [true], aceptar filtros [false], aleatorio [true], UDS [true].
20-Dec-2024 18:58:35.438 INFO [main] org.apache.catalina.core.AprLifecycleListener.lifecycleEvent APR/OpenSSL configuration: useAprConnector [false], useOpenSSL [true]
20-Dec-2024 18:58:35.460 INFO [main] org.apache.catalina.core.AprLifecycleListener.initializeSSL OpenSSL inicializado correctamente [OpenSSL 3.0.14 4 Jun 2024]
20-Dec-2024 18:58:35.846 INFO [main] org.apache.coyote.AbstractProtocol.init Inicializando el manejador de protocolo ["http-nio-8080"]

20-Dec-2024 18:58:35.875 INFO [main] org.apache.catalina.startup.Catalina.load Server initialization in [819] milliseconds
20-Dec-2024 18:58:35.901 WARNING [main] java.util.ArrayList.forEach Name = PgDB Property maxActive is not used in DBCP2, use maxTotal instead. maxTotal default value is 8. You have set value of "100" for "maxActive" property, which is being ignored.
20-Dec-2024 18:58:35.901 WARNING [main] java.util.ArrayList.forEach Name = PgDB Property maxWait is not used in DBCP2 , use maxWaitMillis instead. maxWaitMillis default value is PT-0.001S. You have set value of "10000" for "maxWait" property, which is being ignored.
20-Dec-2024 18:58:35.902 INFO [main] java.util.ArrayList.forEach Name = PgDB Ignoring unknown property: value of "jdbc/PgDB" for "global" property
20-Dec-2024 18:58:35.934 WARNING [main] java.util.ArrayList.forEach Name = ConexionInventario Property maxActive is not used in DBCP2, use maxTotal instead. maxTotal default value is 8. You have set value of "100" for "maxActive" property, which is being ignored.
20-Dec-2024 18:58:35.934 WARNING [main] java.util.ArrayList.forEach Name = ConexionInventario Property maxWait is not used in DBCP2 , use maxWaitMillis instead. maxWaitMillis default value is PT-0.001S. You have set value of "10000" for "maxWait" property, which is being ignored.
20-Dec-2024 18:58:35.935 INFO [main] java.util.ArrayList.forEach Name = ConexionInventario Ignoring unknown property: value of "jdbc/ConexionInventario" for "global" property
20-Dec-2024 18:58:35.965 INFO [main] org.apache.catalina.core.StandardService.startInternal Arrancando servicio [Catalina]
20-Dec-2024 18:58:35.966 INFO [main] org.apache.catalina.core.StandardEngine.startInternal Starting Servlet engine: [Apache Tomcat/9.0.96]
20-Dec-2024 18:58:35.988 INFO [main] org.apache.catalina.startup.HostConfig.deployWAR Despliegue del archivo [C:\Users\CHAMORRO\OneDrive\Imágenes\programacion sebas\Modulo 3\apache-tomcat-9.0.96\webapps\ejemploweb.war] de la aplicación web
20-Dec-2024 18:58:37.966 INFO [main] org.apache.jasper.servlet.TldScanner.scanJars Al menos un JAR, que se ha explorado buscando TLDs, aún no contenía TLDs. Activar historial de depuración para este historiador para una completa lista de los JARs que fueron explorados y de los que nos se halló TLDs. Saltarse JARs no necesarios durante la exploración puede dar lugar a una mejora de tiempo significativa en el arranque y compilación de JSP .
20-Dec-2024 18:58:39.423 INFO [main] org.apache.catalina.startup.HostConfig.deployWAR Deployment of web application archive [C:\Users\CHAMORRO\OneDrive\Imágenes\programacion sebas\Modulo 3\apache-tomcat-9.0.96\webapps\ejemploweb.war] has finished in [3.435] ms
20-Dec-2024 18:58:39.425 INFO [main] org.apache.catalina.startup.HostConfig.deployWAR Despliegue del archivo [C:\Users\CHAMORRO\OneDrive\Imágenes\programacion sebas\Modulo 3\apache-tomcat-9.0.96\webapps\EvaluacionGrupal1.war] de la aplicación web
20-Dec-2024 18:58:40.919 INFO [main] org.apache.jasper.servlet.TldScanner.scanJars Al menos un JAR, que se ha explorado buscando TLDs, aún no contenía TLDs. Activar historial de depuración para este historiador para una completa lista de los JARs que fueron explorados y de los que nos se halló TLDs. Saltarse JARs no necesarios durante la exploración puede dar lugar a una mejora de tiempo significativa en el arranque y compilación de JSP .
20-Dec-2024 18:58:42.102 INFO [main] org.apache.catalina.startup.HostConfig.deployWAR Deployment of web application archive [C:\Users\CHAMORRO\OneDrive\Imágenes\programacion sebas\Modulo 3\apache-tomcat-9.0.96\webapps\EvaluacionGrupal1.war] has finished in [2.677] ms
20-Dec-2024 18:58:42.104 INFO [main] org.apache.catalina.startup.HostConfig.deployWAR Despliegue del archivo [C:\Users\CHAMORRO\OneDrive\Imágenes\programacion sebas\Modulo 3\apache-tomcat-9.0.96\webapps\inventario.war] de la aplicación web
20-Dec-2024 18:58:43.463 INFO [main] org.apache.jasper.servlet.TldScanner.scanJars Al menos un JAR, que se ha explorado buscando TLDs, aún no contenía TLDs. Activar historial de depuración para este historiador para una completa lista de los JARs que fueron explorados y de los que nos se halló TLDs. Saltarse JARs no necesarios durante la exploración puede dar lugar a una mejora de tiempo significativa en el arranque y compilación de JSP .
20-Dec-2024 18:58:44.562 INFO [main] org.apache.catalina.startup.HostConfig.deployWAR Deployment of web application archive [C:\Users\CHAMORRO\OneDrive\Imágenes\programacion sebas\Modulo 3\apache-tomcat-9.0.96\webapps\inventario.war] has finished in [2.458] ms
20-Dec-2024 18:58:44.564 INFO [main] org.apache.catalina.startup.HostConfig.deployWAR Despliegue del archivo [C:\Users\CHAMORRO\OneDrive\Imágenes\programacion sebas\Modulo 3\apache-tomcat-9.0.96\webapps\inventarios-1.0.0.war] de la aplicación web
20-Dec-2024 18:58:45.901 INFO [main] org.apache.jasper.servlet.TldScanner.scanJars Al menos un JAR, que se ha explorado buscando TLDs, aún no contenía TLDs. Activar historial de depuración para este historiador para una completa lista de los JARs que fueron explorados y de los que nos se halló TLDs. Saltarse JARs no necesarios durante la exploración puede dar lugar a una mejora de tiempo significativa en el arranque y compilación de JSP .
20-Dec-2024 18:58:45.922 INFO [main] org.apache.catalina.startup.HostConfig.deployWAR Deployment of web application archive [C:\Users\CHAMORRO\OneDrive\Imágenes\programacion sebas\Modulo 3\apache-tomcat-9.0.96\webapps\inventarios-1.0.0.war] has finished in [1.358] ms
20-Dec-2024 18:58:45.923 INFO [main] org.apache.catalina.startup.HostConfig.deployDirectory Desplegando el directorio [C:\Users\CHAMORRO\OneDrive\Imágenes\programacion sebas\Modulo 3\apache-tomcat-9.0.96\webapps\docs] de la aplicación web
20-Dec-2024 18:58:46.105 INFO [main] org.apache.jasper.servlet.TldScanner.scanJars Al menos un JAR, que se ha explorado buscando TLDs, aún no contenía TLDs. Activar historial de depuración para este historiador para una completa lista de los JARs que fueron explorados y de los que nos se halló TLDs. Saltarse JARs no necesarios durante la exploración puede dar lugar a una mejora de tiempo significativa en el arranque y compilación de JSP .
20-Dec-2024 18:58:46.109 INFO [main] org.apache.catalina.startup.HostConfig.deployDirectory Deployment of web application directory [C:\Users\CHAMORRO\OneDrive\Imágenes\programacion sebas\Modulo 3\apache-tomcat-9.0.96\webapps\docs] has finished in [186] ms
20-Dec-2024 18:58:46.110 INFO [main] org.apache.catalina.startup.HostConfig.deployDirectory Desplegando el directorio [C:\Users\CHAMORRO\OneDrive\Imágenes\programacion sebas\Modulo 3\apache-tomcat-9.0.96\webapps\examples] de la aplicación web
20-Dec-2024 18:58:46.724 INFO [main] org.apache.jasper.servlet.TldScanner.scanJars Al menos un JAR, que se ha explorado buscando TLDs, aún no contenía TLDs. Activar historial de depuración para este historiador para una completa lista de los JARs que fueron explorados y de los que nos se halló TLDs. Saltarse JARs no necesarios durante la exploración puede dar lugar a una mejora de tiempo significativa en el arranque y compilación de JSP .
20-Dec-2024 18:58:46.808 INFO [main] org.apache.catalina.startup.HostConfig.deployDirectory Deployment of web application directory [C:\Users\CHAMORRO\OneDrive\Imágenes\programacion sebas\Modulo 3\apache-tomcat-9.0.96\webapps\examples] has finished in [698] ms
20-Dec-2024 18:58:46.808 INFO [main] org.apache.catalina.startup.HostConfig.deployDirectory Desplegando el directorio [C:\Users\CHAMORRO\OneDrive\Imágenes\programacion sebas\Modulo 3\apache-tomcat-9.0.96\webapps\host-manager] de la aplicación web
20-Dec-2024 18:58:46.994 INFO [main] org.apache.jasper.servlet.TldScanner.scanJars Al menos un JAR, que se ha explorado buscando TLDs, aún no contenía TLDs. Activar historial de depuración para este historiador para una completa lista de los JARs que fueron explorados y de los que nos se halló TLDs. Saltarse JARs no necesarios durante la exploración puede dar lugar a una mejora de tiempo significativa en el arranque y compilación de JSP .
20-Dec-2024 18:58:47.003 INFO [main] org.apache.catalina.startup.HostConfig.deployDirectory Deployment of web application directory [C:\Users\CHAMORRO\OneDrive\Imágenes\programacion sebas\Modulo 3\apache-tomcat-9.0.96\webapps\host-manager] has finished in [195] ms
20-Dec-2024 18:58:47.004 INFO [main] org.apache.catalina.startup.HostConfig.deployDirectory Desplegando el directorio [C:\Users\CHAMORRO\OneDrive\Imágenes\programacion sebas\Modulo 3\apache-tomcat-9.0.96\webapps\manager] de la aplicación web
20-Dec-2024 18:58:47.204 INFO [main] org.apache.jasper.servlet.TldScanner.scanJars Al menos un JAR, que se ha explorado buscando TLDs, aún no contenía TLDs. Activar historial de depuración para este historiador para una completa lista de los JARs que fueron explorados y de los que nos se halló TLDs. Saltarse JARs no necesarios durante la exploración puede dar lugar a una mejora de tiempo significativa en el arranque y compilación de JSP .
20-Dec-2024 18:58:47.208 INFO [main] org.apache.catalina.startup.HostConfig.deployDirectory Deployment of web application directory [C:\Users\CHAMORRO\OneDrive\Imágenes\programacion sebas\Modulo 3\apache-tomcat-9.0.96\webapps\manager] has finished in [204] ms
20-Dec-2024 18:58:47.209 INFO [main] org.apache.catalina.startup.HostConfig.deployDirectory Desplegando el directorio [C:\Users\CHAMORRO\OneDrive\Imágenes\programacion sebas\Modulo 3\apache-tomcat-9.0.96\webapps\ROOT] de la aplicación web
20-Dec-2024 18:58:47.379 INFO [main] org.apache.jasper.servlet.TldScanner.scanJars Al menos un JAR, que se ha explorado buscando TLDs, aún no contenía TLDs. Activar historial de depuración para este historiador para una completa lista de los JARs que fueron explorados y de los que nos se halló TLDs. Saltarse JARs no necesarios durante la exploración puede dar lugar a una mejora de tiempo significativa en el arranque y compilación de JSP .
20-Dec-2024 18:58:47.383 INFO [main] org.apache.catalina.startup.HostConfig.deployDirectory Deployment of web application directory [C:\Users\CHAMORRO\OneDrive\Imágenes\programacion sebas\Modulo 3\apache-tomcat-9.0.96\webapps\ROOT] has finished in [174] ms
20-Dec-2024 18:58:47.388 INFO [main] org.apache.coyote.AbstractProtocol.start Starting ProtocolHandler ["http-nio-8080"]
20-Dec-2024 18:58:47.411 INFO [main] org.apache.catalina.startup.Catalina.start Server startup in [11534] milliseconds
