04-Nov-2024 18:40:46.362 INFO [main] org.apache.catalina.startup.VersionLoggerListener.log Nombre de la versión del servidor: Apache Tomcat/9.0.96
04-Nov-2024 18:40:46.367 INFO [main] org.apache.catalina.startup.VersionLoggerListener.log Server built:                      Oct 3 2024 19:44:30 UTC
04-Nov-2024 18:40:46.368 INFO [main] org.apache.catalina.startup.VersionLoggerListener.log Número de versión de servidor:     9.0.96.0
04-Nov-2024 18:40:46.368 INFO [main] org.apache.catalina.startup.VersionLoggerListener.log OS Name:                           Windows 10
04-Nov-2024 18:40:46.368 INFO [main] org.apache.catalina.startup.VersionLoggerListener.log Versión de Systema Operativo:      10.0
04-Nov-2024 18:40:46.368 INFO [main] org.apache.catalina.startup.VersionLoggerListener.log Arquitectura:                      amd64
04-Nov-2024 18:40:46.369 INFO [main] org.apache.catalina.startup.VersionLoggerListener.log Java Home:                         C:\Program Files\Java\jdk-23
04-Nov-2024 18:40:46.369 INFO [main] org.apache.catalina.startup.VersionLoggerListener.log JVM Version:                       23+37-2369
04-Nov-2024 18:40:46.369 INFO [main] org.apache.catalina.startup.VersionLoggerListener.log Vededor JVM:                       Oracle Corporation
04-Nov-2024 18:40:46.369 INFO [main] org.apache.catalina.startup.VersionLoggerListener.log CATALINA_BASE:                     C:\Users\CHAMORRO\OneDrive\Imágenes\programacion sebas\apache-tomcat-9.0.96
04-Nov-2024 18:40:46.370 INFO [main] org.apache.catalina.startup.VersionLoggerListener.log CATALINA_HOME:                     C:\Users\CHAMORRO\OneDrive\Imágenes\programacion sebas\apache-tomcat-9.0.96
04-Nov-2024 18:40:46.385 INFO [main] org.apache.catalina.startup.VersionLoggerListener.log Command line argument:             --add-opens=java.base/java.lang=ALL-UNNAMED
04-Nov-2024 18:40:46.385 INFO [main] org.apache.catalina.startup.VersionLoggerListener.log Command line argument:             --add-opens=java.base/java.io=ALL-UNNAMED
04-Nov-2024 18:40:46.385 INFO [main] org.apache.catalina.startup.VersionLoggerListener.log Command line argument:             --add-opens=java.base/java.util=ALL-UNNAMED
04-Nov-2024 18:40:46.386 INFO [main] org.apache.catalina.startup.VersionLoggerListener.log Command line argument:             --add-opens=java.base/java.util.concurrent=ALL-UNNAMED
04-Nov-2024 18:40:46.386 INFO [main] org.apache.catalina.startup.VersionLoggerListener.log Command line argument:             --add-opens=java.rmi/sun.rmi.transport=ALL-UNNAMED
04-Nov-2024 18:40:46.387 INFO [main] org.apache.catalina.startup.VersionLoggerListener.log Command line argument:             -Djava.util.logging.config.file=C:\Users\CHAMORRO\OneDrive\Imágenes\programacion sebas\apache-tomcat-9.0.96\conf\logging.properties
04-Nov-2024 18:40:46.387 INFO [main] org.apache.catalina.startup.VersionLoggerListener.log Command line argument:             -Djava.util.logging.manager=org.apache.juli.ClassLoaderLogManager
04-Nov-2024 18:40:46.387 INFO [main] org.apache.catalina.startup.VersionLoggerListener.log Command line argument:             -Djdk.tls.ephemeralDHKeySize=2048
04-Nov-2024 18:40:46.388 INFO [main] org.apache.catalina.startup.VersionLoggerListener.log Command line argument:             -Djava.protocol.handler.pkgs=org.apache.catalina.webresources
04-Nov-2024 18:40:46.388 INFO [main] org.apache.catalina.startup.VersionLoggerListener.log Command line argument:             -Dignore.endorsed.dirs=
04-Nov-2024 18:40:46.389 INFO [main] org.apache.catalina.startup.VersionLoggerListener.log Command line argument:             -Dcatalina.base=C:\Users\CHAMORRO\OneDrive\Imágenes\programacion sebas\apache-tomcat-9.0.96
04-Nov-2024 18:40:46.389 INFO [main] org.apache.catalina.startup.VersionLoggerListener.log Command line argument:             -Dcatalina.home=C:\Users\CHAMORRO\OneDrive\Imágenes\programacion sebas\apache-tomcat-9.0.96
04-Nov-2024 18:40:46.389 INFO [main] org.apache.catalina.startup.VersionLoggerListener.log Command line argument:             -Djava.io.tmpdir=C:\Users\CHAMORRO\OneDrive\Imágenes\programacion sebas\apache-tomcat-9.0.96\temp
04-Nov-2024 18:40:46.398 INFO [main] org.apache.catalina.core.AprLifecycleListener.lifecycleEvent Cargada la biblioteca nativa APR de Apache Tomcat [1.3.1] con la versión APR [1.7.4].
04-Nov-2024 18:40:46.398 INFO [main] org.apache.catalina.core.AprLifecycleListener.lifecycleEvent Capacidades APR: IPv6 [true], enviar fichero [true], aceptar filtros [false], aleatorio [true], UDS [true].
04-Nov-2024 18:40:46.399 INFO [main] org.apache.catalina.core.AprLifecycleListener.lifecycleEvent APR/OpenSSL configuration: useAprConnector [false], useOpenSSL [true]
04-Nov-2024 18:40:46.425 INFO [main] org.apache.catalina.core.AprLifecycleListener.initializeSSL OpenSSL inicializado correctamente [OpenSSL 3.0.14 4 Jun 2024]
04-Nov-2024 18:40:46.890 INFO [main] org.apache.coyote.AbstractProtocol.init Inicializando el manejador de protocolo ["http-nio-8080"]

04-Nov-2024 18:40:46.920 INFO [main] org.apache.catalina.startup.Catalina.load Server initialization in [826] milliseconds
04-Nov-2024 18:40:46.948 WARNING [main] java.util.ArrayList.forEach Name = PgDB Property maxActive is not used in DBCP2, use maxTotal instead. maxTotal default value is 8. You have set value of "100" for "maxActive" property, which is being ignored.
04-Nov-2024 18:40:46.949 WARNING [main] java.util.ArrayList.forEach Name = PgDB Property maxWait is not used in DBCP2 , use maxWaitMillis instead. maxWaitMillis default value is PT-0.001S. You have set value of "10000" for "maxWait" property, which is being ignored.
04-Nov-2024 18:40:46.951 INFO [main] java.util.ArrayList.forEach Name = PgDB Ignoring unknown property: value of "jdbc/PgDB" for "global" property
04-Nov-2024 18:40:47.016 INFO [main] org.apache.catalina.core.StandardService.startInternal Arrancando servicio [Catalina]
04-Nov-2024 18:40:47.018 INFO [main] org.apache.catalina.core.StandardEngine.startInternal Starting Servlet engine: [Apache Tomcat/9.0.96]
04-Nov-2024 18:40:47.042 INFO [main] org.apache.catalina.startup.HostConfig.deployWAR Despliegue del archivo [C:\Users\CHAMORRO\OneDrive\Imágenes\programacion sebas\apache-tomcat-9.0.96\webapps\ejemploweb.war] de la aplicación web
04-Nov-2024 18:40:49.053 INFO [main] org.apache.jasper.servlet.TldScanner.scanJars Al menos un JAR, que se ha explorado buscando TLDs, aún no contenía TLDs. Activar historial de depuración para este historiador para una completa lista de los JARs que fueron explorados y de los que nos se halló TLDs. Saltarse JARs no necesarios durante la exploración puede dar lugar a una mejora de tiempo significativa en el arranque y compilación de JSP .
04-Nov-2024 18:40:50.338 INFO [main] org.apache.catalina.startup.HostConfig.deployWAR Deployment of web application archive [C:\Users\CHAMORRO\OneDrive\Imágenes\programacion sebas\apache-tomcat-9.0.96\webapps\ejemploweb.war] has finished in [3.297] ms
04-Nov-2024 18:40:50.342 INFO [main] org.apache.catalina.startup.HostConfig.deployWAR Despliegue del archivo [C:\Users\CHAMORRO\OneDrive\Imágenes\programacion sebas\apache-tomcat-9.0.96\webapps\EvaluacionGrupal1.war] de la aplicación web
04-Nov-2024 18:40:50.347 INFO [main] org.apache.catalina.startup.ExpandWar.expand An expanded directory [C:\Users\CHAMORRO\OneDrive\Imágenes\programacion sebas\apache-tomcat-9.0.96\webapps\EvaluacionGrupal1] was found with a last modified time that did not match the associated WAR. It will be deleted.
04-Nov-2024 18:40:51.872 INFO [main] org.apache.jasper.servlet.TldScanner.scanJars Al menos un JAR, que se ha explorado buscando TLDs, aún no contenía TLDs. Activar historial de depuración para este historiador para una completa lista de los JARs que fueron explorados y de los que nos se halló TLDs. Saltarse JARs no necesarios durante la exploración puede dar lugar a una mejora de tiempo significativa en el arranque y compilación de JSP .
04-Nov-2024 18:40:53.076 INFO [main] org.apache.catalina.startup.HostConfig.deployWAR Deployment of web application archive [C:\Users\CHAMORRO\OneDrive\Imágenes\programacion sebas\apache-tomcat-9.0.96\webapps\EvaluacionGrupal1.war] has finished in [2.734] ms
04-Nov-2024 18:40:53.082 INFO [main] org.apache.catalina.startup.HostConfig.deployWAR Despliegue del archivo [C:\Users\CHAMORRO\OneDrive\Imágenes\programacion sebas\apache-tomcat-9.0.96\webapps\inventario.war] de la aplicación web
04-Nov-2024 18:40:54.739 INFO [main] org.apache.jasper.servlet.TldScanner.scanJars Al menos un JAR, que se ha explorado buscando TLDs, aún no contenía TLDs. Activar historial de depuración para este historiador para una completa lista de los JARs que fueron explorados y de los que nos se halló TLDs. Saltarse JARs no necesarios durante la exploración puede dar lugar a una mejora de tiempo significativa en el arranque y compilación de JSP .
04-Nov-2024 18:40:56.297 INFO [main] org.apache.catalina.startup.HostConfig.deployWAR Deployment of web application archive [C:\Users\CHAMORRO\OneDrive\Imágenes\programacion sebas\apache-tomcat-9.0.96\webapps\inventario.war] has finished in [3.215] ms
04-Nov-2024 18:40:56.304 INFO [main] org.apache.catalina.startup.HostConfig.deployDirectory Desplegando el directorio [C:\Users\CHAMORRO\OneDrive\Imágenes\programacion sebas\apache-tomcat-9.0.96\webapps\docs] de la aplicación web
04-Nov-2024 18:40:56.638 INFO [main] org.apache.jasper.servlet.TldScanner.scanJars Al menos un JAR, que se ha explorado buscando TLDs, aún no contenía TLDs. Activar historial de depuración para este historiador para una completa lista de los JARs que fueron explorados y de los que nos se halló TLDs. Saltarse JARs no necesarios durante la exploración puede dar lugar a una mejora de tiempo significativa en el arranque y compilación de JSP .
04-Nov-2024 18:40:56.642 INFO [main] org.apache.catalina.startup.HostConfig.deployDirectory Deployment of web application directory [C:\Users\CHAMORRO\OneDrive\Imágenes\programacion sebas\apache-tomcat-9.0.96\webapps\docs] has finished in [339] ms
04-Nov-2024 18:40:56.643 INFO [main] org.apache.catalina.startup.HostConfig.deployDirectory Desplegando el directorio [C:\Users\CHAMORRO\OneDrive\Imágenes\programacion sebas\apache-tomcat-9.0.96\webapps\examples] de la aplicación web
04-Nov-2024 18:40:57.310 INFO [main] org.apache.jasper.servlet.TldScanner.scanJars Al menos un JAR, que se ha explorado buscando TLDs, aún no contenía TLDs. Activar historial de depuración para este historiador para una completa lista de los JARs que fueron explorados y de los que nos se halló TLDs. Saltarse JARs no necesarios durante la exploración puede dar lugar a una mejora de tiempo significativa en el arranque y compilación de JSP .
04-Nov-2024 18:40:57.395 INFO [main] org.apache.catalina.startup.HostConfig.deployDirectory Deployment of web application directory [C:\Users\CHAMORRO\OneDrive\Imágenes\programacion sebas\apache-tomcat-9.0.96\webapps\examples] has finished in [753] ms
04-Nov-2024 18:40:57.395 INFO [main] org.apache.catalina.startup.HostConfig.deployDirectory Desplegando el directorio [C:\Users\CHAMORRO\OneDrive\Imágenes\programacion sebas\apache-tomcat-9.0.96\webapps\host-manager] de la aplicación web
04-Nov-2024 18:40:57.584 INFO [main] org.apache.jasper.servlet.TldScanner.scanJars Al menos un JAR, que se ha explorado buscando TLDs, aún no contenía TLDs. Activar historial de depuración para este historiador para una completa lista de los JARs que fueron explorados y de los que nos se halló TLDs. Saltarse JARs no necesarios durante la exploración puede dar lugar a una mejora de tiempo significativa en el arranque y compilación de JSP .
04-Nov-2024 18:40:57.595 INFO [main] org.apache.catalina.startup.HostConfig.deployDirectory Deployment of web application directory [C:\Users\CHAMORRO\OneDrive\Imágenes\programacion sebas\apache-tomcat-9.0.96\webapps\host-manager] has finished in [199] ms
04-Nov-2024 18:40:57.595 INFO [main] org.apache.catalina.startup.HostConfig.deployDirectory Desplegando el directorio [C:\Users\CHAMORRO\OneDrive\Imágenes\programacion sebas\apache-tomcat-9.0.96\webapps\manager] de la aplicación web
04-Nov-2024 18:40:57.782 INFO [main] org.apache.jasper.servlet.TldScanner.scanJars Al menos un JAR, que se ha explorado buscando TLDs, aún no contenía TLDs. Activar historial de depuración para este historiador para una completa lista de los JARs que fueron explorados y de los que nos se halló TLDs. Saltarse JARs no necesarios durante la exploración puede dar lugar a una mejora de tiempo significativa en el arranque y compilación de JSP .
04-Nov-2024 18:40:57.786 INFO [main] org.apache.catalina.startup.HostConfig.deployDirectory Deployment of web application directory [C:\Users\CHAMORRO\OneDrive\Imágenes\programacion sebas\apache-tomcat-9.0.96\webapps\manager] has finished in [191] ms
04-Nov-2024 18:40:57.787 INFO [main] org.apache.catalina.startup.HostConfig.deployDirectory Desplegando el directorio [C:\Users\CHAMORRO\OneDrive\Imágenes\programacion sebas\apache-tomcat-9.0.96\webapps\ROOT] de la aplicación web
04-Nov-2024 18:40:57.945 INFO [main] org.apache.jasper.servlet.TldScanner.scanJars Al menos un JAR, que se ha explorado buscando TLDs, aún no contenía TLDs. Activar historial de depuración para este historiador para una completa lista de los JARs que fueron explorados y de los que nos se halló TLDs. Saltarse JARs no necesarios durante la exploración puede dar lugar a una mejora de tiempo significativa en el arranque y compilación de JSP .
04-Nov-2024 18:40:57.949 INFO [main] org.apache.catalina.startup.HostConfig.deployDirectory Deployment of web application directory [C:\Users\CHAMORRO\OneDrive\Imágenes\programacion sebas\apache-tomcat-9.0.96\webapps\ROOT] has finished in [163] ms
04-Nov-2024 18:40:57.954 INFO [main] org.apache.coyote.AbstractProtocol.start Starting ProtocolHandler ["http-nio-8080"]
04-Nov-2024 18:40:57.979 INFO [main] org.apache.catalina.startup.Catalina.start Server startup in [11057] milliseconds
04-Nov-2024 18:45:27.187 INFO [main] org.apache.catalina.startup.VersionLoggerListener.log Nombre de la versión del servidor: Apache Tomcat/9.0.96
04-Nov-2024 18:45:27.191 INFO [main] org.apache.catalina.startup.VersionLoggerListener.log Server built:                      Oct 3 2024 19:44:30 UTC
04-Nov-2024 18:45:27.191 INFO [main] org.apache.catalina.startup.VersionLoggerListener.log Número de versión de servidor:     9.0.96.0
04-Nov-2024 18:45:27.191 INFO [main] org.apache.catalina.startup.VersionLoggerListener.log OS Name:                           Windows 10
04-Nov-2024 18:45:27.191 INFO [main] org.apache.catalina.startup.VersionLoggerListener.log Versión de Systema Operativo:      10.0
04-Nov-2024 18:45:27.192 INFO [main] org.apache.catalina.startup.VersionLoggerListener.log Arquitectura:                      amd64
04-Nov-2024 18:45:27.192 INFO [main] org.apache.catalina.startup.VersionLoggerListener.log Java Home:                         C:\Program Files\Java\jdk-23
04-Nov-2024 18:45:27.192 INFO [main] org.apache.catalina.startup.VersionLoggerListener.log JVM Version:                       23+37-2369
04-Nov-2024 18:45:27.192 INFO [main] org.apache.catalina.startup.VersionLoggerListener.log Vededor JVM:                       Oracle Corporation
04-Nov-2024 18:45:27.192 INFO [main] org.apache.catalina.startup.VersionLoggerListener.log CATALINA_BASE:                     C:\Users\CHAMORRO\OneDrive\Imágenes\programacion sebas\apache-tomcat-9.0.96
04-Nov-2024 18:45:27.193 INFO [main] org.apache.catalina.startup.VersionLoggerListener.log CATALINA_HOME:                     C:\Users\CHAMORRO\OneDrive\Imágenes\programacion sebas\apache-tomcat-9.0.96
04-Nov-2024 18:45:27.205 INFO [main] org.apache.catalina.startup.VersionLoggerListener.log Command line argument:             --add-opens=java.base/java.lang=ALL-UNNAMED
04-Nov-2024 18:45:27.205 INFO [main] org.apache.catalina.startup.VersionLoggerListener.log Command line argument:             --add-opens=java.base/java.io=ALL-UNNAMED
04-Nov-2024 18:45:27.205 INFO [main] org.apache.catalina.startup.VersionLoggerListener.log Command line argument:             --add-opens=java.base/java.util=ALL-UNNAMED
04-Nov-2024 18:45:27.205 INFO [main] org.apache.catalina.startup.VersionLoggerListener.log Command line argument:             --add-opens=java.base/java.util.concurrent=ALL-UNNAMED
04-Nov-2024 18:45:27.206 INFO [main] org.apache.catalina.startup.VersionLoggerListener.log Command line argument:             --add-opens=java.rmi/sun.rmi.transport=ALL-UNNAMED
04-Nov-2024 18:45:27.206 INFO [main] org.apache.catalina.startup.VersionLoggerListener.log Command line argument:             -Djava.util.logging.config.file=C:\Users\CHAMORRO\OneDrive\Imágenes\programacion sebas\apache-tomcat-9.0.96\conf\logging.properties
04-Nov-2024 18:45:27.206 INFO [main] org.apache.catalina.startup.VersionLoggerListener.log Command line argument:             -Djava.util.logging.manager=org.apache.juli.ClassLoaderLogManager
04-Nov-2024 18:45:27.207 INFO [main] org.apache.catalina.startup.VersionLoggerListener.log Command line argument:             -Djdk.tls.ephemeralDHKeySize=2048
04-Nov-2024 18:45:27.207 INFO [main] org.apache.catalina.startup.VersionLoggerListener.log Command line argument:             -Djava.protocol.handler.pkgs=org.apache.catalina.webresources
04-Nov-2024 18:45:27.207 INFO [main] org.apache.catalina.startup.VersionLoggerListener.log Command line argument:             -Dignore.endorsed.dirs=
04-Nov-2024 18:45:27.208 INFO [main] org.apache.catalina.startup.VersionLoggerListener.log Command line argument:             -Dcatalina.base=C:\Users\CHAMORRO\OneDrive\Imágenes\programacion sebas\apache-tomcat-9.0.96
04-Nov-2024 18:45:27.208 INFO [main] org.apache.catalina.startup.VersionLoggerListener.log Command line argument:             -Dcatalina.home=C:\Users\CHAMORRO\OneDrive\Imágenes\programacion sebas\apache-tomcat-9.0.96
04-Nov-2024 18:45:27.209 INFO [main] org.apache.catalina.startup.VersionLoggerListener.log Command line argument:             -Djava.io.tmpdir=C:\Users\CHAMORRO\OneDrive\Imágenes\programacion sebas\apache-tomcat-9.0.96\temp
04-Nov-2024 18:45:27.215 INFO [main] org.apache.catalina.core.AprLifecycleListener.lifecycleEvent Cargada la biblioteca nativa APR de Apache Tomcat [1.3.1] con la versión APR [1.7.4].
04-Nov-2024 18:45:27.215 INFO [main] org.apache.catalina.core.AprLifecycleListener.lifecycleEvent Capacidades APR: IPv6 [true], enviar fichero [true], aceptar filtros [false], aleatorio [true], UDS [true].
04-Nov-2024 18:45:27.216 INFO [main] org.apache.catalina.core.AprLifecycleListener.lifecycleEvent APR/OpenSSL configuration: useAprConnector [false], useOpenSSL [true]
04-Nov-2024 18:45:27.222 INFO [main] org.apache.catalina.core.AprLifecycleListener.initializeSSL OpenSSL inicializado correctamente [OpenSSL 3.0.14 4 Jun 2024]
04-Nov-2024 18:45:27.626 INFO [main] org.apache.coyote.AbstractProtocol.init Inicializando el manejador de protocolo ["http-nio-8080"]

04-Nov-2024 18:45:27.656 INFO [main] org.apache.catalina.startup.Catalina.load Server initialization in [710] milliseconds
04-Nov-2024 18:45:27.682 WARNING [main] java.util.ArrayList.forEach Name = PgDB Property maxActive is not used in DBCP2, use maxTotal instead. maxTotal default value is 8. You have set value of "100" for "maxActive" property, which is being ignored.
04-Nov-2024 18:45:27.683 WARNING [main] java.util.ArrayList.forEach Name = PgDB Property maxWait is not used in DBCP2 , use maxWaitMillis instead. maxWaitMillis default value is PT-0.001S. You have set value of "10000" for "maxWait" property, which is being ignored.
04-Nov-2024 18:45:27.684 INFO [main] java.util.ArrayList.forEach Name = PgDB Ignoring unknown property: value of "jdbc/PgDB" for "global" property
04-Nov-2024 18:45:27.741 INFO [main] org.apache.catalina.core.StandardService.startInternal Arrancando servicio [Catalina]
04-Nov-2024 18:45:27.741 INFO [main] org.apache.catalina.core.StandardEngine.startInternal Starting Servlet engine: [Apache Tomcat/9.0.96]
04-Nov-2024 18:45:27.766 INFO [main] org.apache.catalina.startup.HostConfig.deployWAR Despliegue del archivo [C:\Users\CHAMORRO\OneDrive\Imágenes\programacion sebas\apache-tomcat-9.0.96\webapps\ejemploweb.war] de la aplicación web
04-Nov-2024 18:45:29.588 INFO [main] org.apache.jasper.servlet.TldScanner.scanJars Al menos un JAR, que se ha explorado buscando TLDs, aún no contenía TLDs. Activar historial de depuración para este historiador para una completa lista de los JARs que fueron explorados y de los que nos se halló TLDs. Saltarse JARs no necesarios durante la exploración puede dar lugar a una mejora de tiempo significativa en el arranque y compilación de JSP .
04-Nov-2024 18:45:30.905 INFO [main] org.apache.catalina.startup.HostConfig.deployWAR Deployment of web application archive [C:\Users\CHAMORRO\OneDrive\Imágenes\programacion sebas\apache-tomcat-9.0.96\webapps\ejemploweb.war] has finished in [3.138] ms
04-Nov-2024 18:45:30.907 INFO [main] org.apache.catalina.startup.HostConfig.deployWAR Despliegue del archivo [C:\Users\CHAMORRO\OneDrive\Imágenes\programacion sebas\apache-tomcat-9.0.96\webapps\EvaluacionGrupal1.war] de la aplicación web
04-Nov-2024 18:45:30.912 INFO [main] org.apache.catalina.startup.ExpandWar.expand An expanded directory [C:\Users\CHAMORRO\OneDrive\Imágenes\programacion sebas\apache-tomcat-9.0.96\webapps\EvaluacionGrupal1] was found with a last modified time that did not match the associated WAR. It will be deleted.
04-Nov-2024 18:45:32.725 INFO [main] org.apache.jasper.servlet.TldScanner.scanJars Al menos un JAR, que se ha explorado buscando TLDs, aún no contenía TLDs. Activar historial de depuración para este historiador para una completa lista de los JARs que fueron explorados y de los que nos se halló TLDs. Saltarse JARs no necesarios durante la exploración puede dar lugar a una mejora de tiempo significativa en el arranque y compilación de JSP .
04-Nov-2024 18:45:34.152 INFO [main] org.apache.catalina.startup.HostConfig.deployWAR Deployment of web application archive [C:\Users\CHAMORRO\OneDrive\Imágenes\programacion sebas\apache-tomcat-9.0.96\webapps\EvaluacionGrupal1.war] has finished in [3.245] ms
04-Nov-2024 18:45:34.155 INFO [main] org.apache.catalina.startup.HostConfig.deployWAR Despliegue del archivo [C:\Users\CHAMORRO\OneDrive\Imágenes\programacion sebas\apache-tomcat-9.0.96\webapps\inventario.war] de la aplicación web
04-Nov-2024 18:45:35.453 INFO [main] org.apache.jasper.servlet.TldScanner.scanJars Al menos un JAR, que se ha explorado buscando TLDs, aún no contenía TLDs. Activar historial de depuración para este historiador para una completa lista de los JARs que fueron explorados y de los que nos se halló TLDs. Saltarse JARs no necesarios durante la exploración puede dar lugar a una mejora de tiempo significativa en el arranque y compilación de JSP .
04-Nov-2024 18:45:36.516 INFO [main] org.apache.catalina.startup.HostConfig.deployWAR Deployment of web application archive [C:\Users\CHAMORRO\OneDrive\Imágenes\programacion sebas\apache-tomcat-9.0.96\webapps\inventario.war] has finished in [2.361] ms
04-Nov-2024 18:45:36.517 INFO [main] org.apache.catalina.startup.HostConfig.deployDirectory Desplegando el directorio [C:\Users\CHAMORRO\OneDrive\Imágenes\programacion sebas\apache-tomcat-9.0.96\webapps\docs] de la aplicación web
04-Nov-2024 18:45:36.687 INFO [main] org.apache.jasper.servlet.TldScanner.scanJars Al menos un JAR, que se ha explorado buscando TLDs, aún no contenía TLDs. Activar historial de depuración para este historiador para una completa lista de los JARs que fueron explorados y de los que nos se halló TLDs. Saltarse JARs no necesarios durante la exploración puede dar lugar a una mejora de tiempo significativa en el arranque y compilación de JSP .
04-Nov-2024 18:45:36.691 INFO [main] org.apache.catalina.startup.HostConfig.deployDirectory Deployment of web application directory [C:\Users\CHAMORRO\OneDrive\Imágenes\programacion sebas\apache-tomcat-9.0.96\webapps\docs] has finished in [174] ms
04-Nov-2024 18:45:36.692 INFO [main] org.apache.catalina.startup.HostConfig.deployDirectory Desplegando el directorio [C:\Users\CHAMORRO\OneDrive\Imágenes\programacion sebas\apache-tomcat-9.0.96\webapps\examples] de la aplicación web
04-Nov-2024 18:45:37.274 INFO [main] org.apache.jasper.servlet.TldScanner.scanJars Al menos un JAR, que se ha explorado buscando TLDs, aún no contenía TLDs. Activar historial de depuración para este historiador para una completa lista de los JARs que fueron explorados y de los que nos se halló TLDs. Saltarse JARs no necesarios durante la exploración puede dar lugar a una mejora de tiempo significativa en el arranque y compilación de JSP .
04-Nov-2024 18:45:37.347 INFO [main] org.apache.catalina.startup.HostConfig.deployDirectory Deployment of web application directory [C:\Users\CHAMORRO\OneDrive\Imágenes\programacion sebas\apache-tomcat-9.0.96\webapps\examples] has finished in [656] ms
04-Nov-2024 18:45:37.347 INFO [main] org.apache.catalina.startup.HostConfig.deployDirectory Desplegando el directorio [C:\Users\CHAMORRO\OneDrive\Imágenes\programacion sebas\apache-tomcat-9.0.96\webapps\host-manager] de la aplicación web
04-Nov-2024 18:45:37.521 INFO [main] org.apache.jasper.servlet.TldScanner.scanJars Al menos un JAR, que se ha explorado buscando TLDs, aún no contenía TLDs. Activar historial de depuración para este historiador para una completa lista de los JARs que fueron explorados y de los que nos se halló TLDs. Saltarse JARs no necesarios durante la exploración puede dar lugar a una mejora de tiempo significativa en el arranque y compilación de JSP .
04-Nov-2024 18:45:37.530 INFO [main] org.apache.catalina.startup.HostConfig.deployDirectory Deployment of web application directory [C:\Users\CHAMORRO\OneDrive\Imágenes\programacion sebas\apache-tomcat-9.0.96\webapps\host-manager] has finished in [183] ms
04-Nov-2024 18:45:37.531 INFO [main] org.apache.catalina.startup.HostConfig.deployDirectory Desplegando el directorio [C:\Users\CHAMORRO\OneDrive\Imágenes\programacion sebas\apache-tomcat-9.0.96\webapps\manager] de la aplicación web
04-Nov-2024 18:45:37.708 INFO [main] org.apache.jasper.servlet.TldScanner.scanJars Al menos un JAR, que se ha explorado buscando TLDs, aún no contenía TLDs. Activar historial de depuración para este historiador para una completa lista de los JARs que fueron explorados y de los que nos se halló TLDs. Saltarse JARs no necesarios durante la exploración puede dar lugar a una mejora de tiempo significativa en el arranque y compilación de JSP .
04-Nov-2024 18:45:37.712 INFO [main] org.apache.catalina.startup.HostConfig.deployDirectory Deployment of web application directory [C:\Users\CHAMORRO\OneDrive\Imágenes\programacion sebas\apache-tomcat-9.0.96\webapps\manager] has finished in [181] ms
04-Nov-2024 18:45:37.712 INFO [main] org.apache.catalina.startup.HostConfig.deployDirectory Desplegando el directorio [C:\Users\CHAMORRO\OneDrive\Imágenes\programacion sebas\apache-tomcat-9.0.96\webapps\ROOT] de la aplicación web
04-Nov-2024 18:45:37.874 INFO [main] org.apache.jasper.servlet.TldScanner.scanJars Al menos un JAR, que se ha explorado buscando TLDs, aún no contenía TLDs. Activar historial de depuración para este historiador para una completa lista de los JARs que fueron explorados y de los que nos se halló TLDs. Saltarse JARs no necesarios durante la exploración puede dar lugar a una mejora de tiempo significativa en el arranque y compilación de JSP .
04-Nov-2024 18:45:37.878 INFO [main] org.apache.catalina.startup.HostConfig.deployDirectory Deployment of web application directory [C:\Users\CHAMORRO\OneDrive\Imágenes\programacion sebas\apache-tomcat-9.0.96\webapps\ROOT] has finished in [165] ms
04-Nov-2024 18:45:37.883 INFO [main] org.apache.coyote.AbstractProtocol.start Starting ProtocolHandler ["http-nio-8080"]
04-Nov-2024 18:45:37.907 INFO [main] org.apache.catalina.startup.Catalina.start Server startup in [10249] milliseconds
04-Nov-2024 19:01:14.994 INFO [main] org.apache.catalina.startup.VersionLoggerListener.log Nombre de la versión del servidor: Apache Tomcat/9.0.96
04-Nov-2024 19:01:14.997 INFO [main] org.apache.catalina.startup.VersionLoggerListener.log Server built:                      Oct 3 2024 19:44:30 UTC
04-Nov-2024 19:01:14.997 INFO [main] org.apache.catalina.startup.VersionLoggerListener.log Número de versión de servidor:     9.0.96.0
04-Nov-2024 19:01:14.998 INFO [main] org.apache.catalina.startup.VersionLoggerListener.log OS Name:                           Windows 10
04-Nov-2024 19:01:14.998 INFO [main] org.apache.catalina.startup.VersionLoggerListener.log Versión de Systema Operativo:      10.0
04-Nov-2024 19:01:14.998 INFO [main] org.apache.catalina.startup.VersionLoggerListener.log Arquitectura:                      amd64
04-Nov-2024 19:01:14.998 INFO [main] org.apache.catalina.startup.VersionLoggerListener.log Java Home:                         C:\Program Files\Java\jdk-23
04-Nov-2024 19:01:14.998 INFO [main] org.apache.catalina.startup.VersionLoggerListener.log JVM Version:                       23+37-2369
04-Nov-2024 19:01:14.998 INFO [main] org.apache.catalina.startup.VersionLoggerListener.log Vededor JVM:                       Oracle Corporation
04-Nov-2024 19:01:14.998 INFO [main] org.apache.catalina.startup.VersionLoggerListener.log CATALINA_BASE:                     C:\Users\CHAMORRO\OneDrive\Imágenes\programacion sebas\apache-tomcat-9.0.96
04-Nov-2024 19:01:14.999 INFO [main] org.apache.catalina.startup.VersionLoggerListener.log CATALINA_HOME:                     C:\Users\CHAMORRO\OneDrive\Imágenes\programacion sebas\apache-tomcat-9.0.96
04-Nov-2024 19:01:15.009 INFO [main] org.apache.catalina.startup.VersionLoggerListener.log Command line argument:             --add-opens=java.base/java.lang=ALL-UNNAMED
04-Nov-2024 19:01:15.010 INFO [main] org.apache.catalina.startup.VersionLoggerListener.log Command line argument:             --add-opens=java.base/java.io=ALL-UNNAMED
04-Nov-2024 19:01:15.010 INFO [main] org.apache.catalina.startup.VersionLoggerListener.log Command line argument:             --add-opens=java.base/java.util=ALL-UNNAMED
04-Nov-2024 19:01:15.010 INFO [main] org.apache.catalina.startup.VersionLoggerListener.log Command line argument:             --add-opens=java.base/java.util.concurrent=ALL-UNNAMED
04-Nov-2024 19:01:15.011 INFO [main] org.apache.catalina.startup.VersionLoggerListener.log Command line argument:             --add-opens=java.rmi/sun.rmi.transport=ALL-UNNAMED
04-Nov-2024 19:01:15.011 INFO [main] org.apache.catalina.startup.VersionLoggerListener.log Command line argument:             -Djava.util.logging.config.file=C:\Users\CHAMORRO\OneDrive\Imágenes\programacion sebas\apache-tomcat-9.0.96\conf\logging.properties
04-Nov-2024 19:01:15.012 INFO [main] org.apache.catalina.startup.VersionLoggerListener.log Command line argument:             -Djava.util.logging.manager=org.apache.juli.ClassLoaderLogManager
04-Nov-2024 19:01:15.012 INFO [main] org.apache.catalina.startup.VersionLoggerListener.log Command line argument:             -Djdk.tls.ephemeralDHKeySize=2048
04-Nov-2024 19:01:15.012 INFO [main] org.apache.catalina.startup.VersionLoggerListener.log Command line argument:             -Djava.protocol.handler.pkgs=org.apache.catalina.webresources
04-Nov-2024 19:01:15.013 INFO [main] org.apache.catalina.startup.VersionLoggerListener.log Command line argument:             -Dignore.endorsed.dirs=
04-Nov-2024 19:01:15.013 INFO [main] org.apache.catalina.startup.VersionLoggerListener.log Command line argument:             -Dcatalina.base=C:\Users\CHAMORRO\OneDrive\Imágenes\programacion sebas\apache-tomcat-9.0.96
04-Nov-2024 19:01:15.013 INFO [main] org.apache.catalina.startup.VersionLoggerListener.log Command line argument:             -Dcatalina.home=C:\Users\CHAMORRO\OneDrive\Imágenes\programacion sebas\apache-tomcat-9.0.96
04-Nov-2024 19:01:15.014 INFO [main] org.apache.catalina.startup.VersionLoggerListener.log Command line argument:             -Djava.io.tmpdir=C:\Users\CHAMORRO\OneDrive\Imágenes\programacion sebas\apache-tomcat-9.0.96\temp
04-Nov-2024 19:01:15.017 INFO [main] org.apache.catalina.core.AprLifecycleListener.lifecycleEvent Cargada la biblioteca nativa APR de Apache Tomcat [1.3.1] con la versión APR [1.7.4].
04-Nov-2024 19:01:15.019 INFO [main] org.apache.catalina.core.AprLifecycleListener.lifecycleEvent Capacidades APR: IPv6 [true], enviar fichero [true], aceptar filtros [false], aleatorio [true], UDS [true].
04-Nov-2024 19:01:15.019 INFO [main] org.apache.catalina.core.AprLifecycleListener.lifecycleEvent APR/OpenSSL configuration: useAprConnector [false], useOpenSSL [true]
04-Nov-2024 19:01:15.026 INFO [main] org.apache.catalina.core.AprLifecycleListener.initializeSSL OpenSSL inicializado correctamente [OpenSSL 3.0.14 4 Jun 2024]
04-Nov-2024 19:01:15.436 INFO [main] org.apache.coyote.AbstractProtocol.init Inicializando el manejador de protocolo ["http-nio-8080"]

04-Nov-2024 19:01:15.467 INFO [main] org.apache.catalina.startup.Catalina.load Server initialization in [851] milliseconds
04-Nov-2024 19:01:15.495 WARNING [main] java.util.ArrayList.forEach Name = PgDB Property maxActive is not used in DBCP2, use maxTotal instead. maxTotal default value is 8. You have set value of "100" for "maxActive" property, which is being ignored.
04-Nov-2024 19:01:15.496 WARNING [main] java.util.ArrayList.forEach Name = PgDB Property maxWait is not used in DBCP2 , use maxWaitMillis instead. maxWaitMillis default value is PT-0.001S. You have set value of "10000" for "maxWait" property, which is being ignored.
04-Nov-2024 19:01:15.498 INFO [main] java.util.ArrayList.forEach Name = PgDB Ignoring unknown property: value of "jdbc/PgDB" for "global" property
04-Nov-2024 19:01:15.567 INFO [main] org.apache.catalina.core.StandardService.startInternal Arrancando servicio [Catalina]
04-Nov-2024 19:01:15.568 INFO [main] org.apache.catalina.core.StandardEngine.startInternal Starting Servlet engine: [Apache Tomcat/9.0.96]
04-Nov-2024 19:01:15.594 INFO [main] org.apache.catalina.startup.HostConfig.deployWAR Despliegue del archivo [C:\Users\CHAMORRO\OneDrive\Imágenes\programacion sebas\apache-tomcat-9.0.96\webapps\ejemploweb.war] de la aplicación web
04-Nov-2024 19:01:18.153 INFO [main] org.apache.jasper.servlet.TldScanner.scanJars Al menos un JAR, que se ha explorado buscando TLDs, aún no contenía TLDs. Activar historial de depuración para este historiador para una completa lista de los JARs que fueron explorados y de los que nos se halló TLDs. Saltarse JARs no necesarios durante la exploración puede dar lugar a una mejora de tiempo significativa en el arranque y compilación de JSP .
04-Nov-2024 19:01:20.189 INFO [main] org.apache.catalina.startup.HostConfig.deployWAR Deployment of web application archive [C:\Users\CHAMORRO\OneDrive\Imágenes\programacion sebas\apache-tomcat-9.0.96\webapps\ejemploweb.war] has finished in [4.595] ms
04-Nov-2024 19:01:20.192 INFO [main] org.apache.catalina.startup.HostConfig.deployWAR Despliegue del archivo [C:\Users\CHAMORRO\OneDrive\Imágenes\programacion sebas\apache-tomcat-9.0.96\webapps\EvaluacionGrupal1.war] de la aplicación web
04-Nov-2024 19:01:20.198 INFO [main] org.apache.catalina.startup.ExpandWar.expand An expanded directory [C:\Users\CHAMORRO\OneDrive\Imágenes\programacion sebas\apache-tomcat-9.0.96\webapps\EvaluacionGrupal1] was found with a last modified time that did not match the associated WAR. It will be deleted.
04-Nov-2024 19:01:22.477 INFO [main] org.apache.jasper.servlet.TldScanner.scanJars Al menos un JAR, que se ha explorado buscando TLDs, aún no contenía TLDs. Activar historial de depuración para este historiador para una completa lista de los JARs que fueron explorados y de los que nos se halló TLDs. Saltarse JARs no necesarios durante la exploración puede dar lugar a una mejora de tiempo significativa en el arranque y compilación de JSP .
04-Nov-2024 19:01:23.851 INFO [main] org.apache.catalina.startup.HostConfig.deployWAR Deployment of web application archive [C:\Users\CHAMORRO\OneDrive\Imágenes\programacion sebas\apache-tomcat-9.0.96\webapps\EvaluacionGrupal1.war] has finished in [3.659] ms
04-Nov-2024 19:01:23.855 INFO [main] org.apache.catalina.startup.HostConfig.deployWAR Despliegue del archivo [C:\Users\CHAMORRO\OneDrive\Imágenes\programacion sebas\apache-tomcat-9.0.96\webapps\inventario.war] de la aplicación web
04-Nov-2024 19:01:25.629 INFO [main] org.apache.jasper.servlet.TldScanner.scanJars Al menos un JAR, que se ha explorado buscando TLDs, aún no contenía TLDs. Activar historial de depuración para este historiador para una completa lista de los JARs que fueron explorados y de los que nos se halló TLDs. Saltarse JARs no necesarios durante la exploración puede dar lugar a una mejora de tiempo significativa en el arranque y compilación de JSP .
04-Nov-2024 19:01:27.078 INFO [main] org.apache.catalina.startup.HostConfig.deployWAR Deployment of web application archive [C:\Users\CHAMORRO\OneDrive\Imágenes\programacion sebas\apache-tomcat-9.0.96\webapps\inventario.war] has finished in [3.223] ms
04-Nov-2024 19:01:27.079 INFO [main] org.apache.catalina.startup.HostConfig.deployDirectory Desplegando el directorio [C:\Users\CHAMORRO\OneDrive\Imágenes\programacion sebas\apache-tomcat-9.0.96\webapps\docs] de la aplicación web
04-Nov-2024 19:01:27.324 INFO [main] org.apache.jasper.servlet.TldScanner.scanJars Al menos un JAR, que se ha explorado buscando TLDs, aún no contenía TLDs. Activar historial de depuración para este historiador para una completa lista de los JARs que fueron explorados y de los que nos se halló TLDs. Saltarse JARs no necesarios durante la exploración puede dar lugar a una mejora de tiempo significativa en el arranque y compilación de JSP .
04-Nov-2024 19:01:27.328 INFO [main] org.apache.catalina.startup.HostConfig.deployDirectory Deployment of web application directory [C:\Users\CHAMORRO\OneDrive\Imágenes\programacion sebas\apache-tomcat-9.0.96\webapps\docs] has finished in [249] ms
04-Nov-2024 19:01:27.332 INFO [main] org.apache.catalina.startup.HostConfig.deployDirectory Desplegando el directorio [C:\Users\CHAMORRO\OneDrive\Imágenes\programacion sebas\apache-tomcat-9.0.96\webapps\examples] de la aplicación web
04-Nov-2024 19:01:28.022 INFO [main] org.apache.jasper.servlet.TldScanner.scanJars Al menos un JAR, que se ha explorado buscando TLDs, aún no contenía TLDs. Activar historial de depuración para este historiador para una completa lista de los JARs que fueron explorados y de los que nos se halló TLDs. Saltarse JARs no necesarios durante la exploración puede dar lugar a una mejora de tiempo significativa en el arranque y compilación de JSP .
04-Nov-2024 19:01:28.124 INFO [main] org.apache.catalina.startup.HostConfig.deployDirectory Deployment of web application directory [C:\Users\CHAMORRO\OneDrive\Imágenes\programacion sebas\apache-tomcat-9.0.96\webapps\examples] has finished in [793] ms
04-Nov-2024 19:01:28.125 INFO [main] org.apache.catalina.startup.HostConfig.deployDirectory Desplegando el directorio [C:\Users\CHAMORRO\OneDrive\Imágenes\programacion sebas\apache-tomcat-9.0.96\webapps\host-manager] de la aplicación web
04-Nov-2024 19:01:28.342 INFO [main] org.apache.jasper.servlet.TldScanner.scanJars Al menos un JAR, que se ha explorado buscando TLDs, aún no contenía TLDs. Activar historial de depuración para este historiador para una completa lista de los JARs que fueron explorados y de los que nos se halló TLDs. Saltarse JARs no necesarios durante la exploración puede dar lugar a una mejora de tiempo significativa en el arranque y compilación de JSP .
04-Nov-2024 19:01:28.351 INFO [main] org.apache.catalina.startup.HostConfig.deployDirectory Deployment of web application directory [C:\Users\CHAMORRO\OneDrive\Imágenes\programacion sebas\apache-tomcat-9.0.96\webapps\host-manager] has finished in [227] ms
04-Nov-2024 19:01:28.352 INFO [main] org.apache.catalina.startup.HostConfig.deployDirectory Desplegando el directorio [C:\Users\CHAMORRO\OneDrive\Imágenes\programacion sebas\apache-tomcat-9.0.96\webapps\manager] de la aplicación web
04-Nov-2024 19:01:28.549 INFO [main] org.apache.jasper.servlet.TldScanner.scanJars Al menos un JAR, que se ha explorado buscando TLDs, aún no contenía TLDs. Activar historial de depuración para este historiador para una completa lista de los JARs que fueron explorados y de los que nos se halló TLDs. Saltarse JARs no necesarios durante la exploración puede dar lugar a una mejora de tiempo significativa en el arranque y compilación de JSP .
04-Nov-2024 19:01:28.553 INFO [main] org.apache.catalina.startup.HostConfig.deployDirectory Deployment of web application directory [C:\Users\CHAMORRO\OneDrive\Imágenes\programacion sebas\apache-tomcat-9.0.96\webapps\manager] has finished in [201] ms
04-Nov-2024 19:01:28.554 INFO [main] org.apache.catalina.startup.HostConfig.deployDirectory Desplegando el directorio [C:\Users\CHAMORRO\OneDrive\Imágenes\programacion sebas\apache-tomcat-9.0.96\webapps\ROOT] de la aplicación web
04-Nov-2024 19:01:28.734 INFO [main] org.apache.jasper.servlet.TldScanner.scanJars Al menos un JAR, que se ha explorado buscando TLDs, aún no contenía TLDs. Activar historial de depuración para este historiador para una completa lista de los JARs que fueron explorados y de los que nos se halló TLDs. Saltarse JARs no necesarios durante la exploración puede dar lugar a una mejora de tiempo significativa en el arranque y compilación de JSP .
04-Nov-2024 19:01:28.738 INFO [main] org.apache.catalina.startup.HostConfig.deployDirectory Deployment of web application directory [C:\Users\CHAMORRO\OneDrive\Imágenes\programacion sebas\apache-tomcat-9.0.96\webapps\ROOT] has finished in [184] ms
04-Nov-2024 19:01:28.743 INFO [main] org.apache.coyote.AbstractProtocol.start Starting ProtocolHandler ["http-nio-8080"]
04-Nov-2024 19:01:28.775 INFO [main] org.apache.catalina.startup.Catalina.start Server startup in [13306] milliseconds
04-Nov-2024 19:05:54.806 INFO [main] org.apache.catalina.startup.VersionLoggerListener.log Nombre de la versión del servidor: Apache Tomcat/9.0.96
04-Nov-2024 19:05:54.810 INFO [main] org.apache.catalina.startup.VersionLoggerListener.log Server built:                      Oct 3 2024 19:44:30 UTC
04-Nov-2024 19:05:54.811 INFO [main] org.apache.catalina.startup.VersionLoggerListener.log Número de versión de servidor:     9.0.96.0
04-Nov-2024 19:05:54.811 INFO [main] org.apache.catalina.startup.VersionLoggerListener.log OS Name:                           Windows 10
04-Nov-2024 19:05:54.811 INFO [main] org.apache.catalina.startup.VersionLoggerListener.log Versión de Systema Operativo:      10.0
04-Nov-2024 19:05:54.811 INFO [main] org.apache.catalina.startup.VersionLoggerListener.log Arquitectura:                      amd64
04-Nov-2024 19:05:54.811 INFO [main] org.apache.catalina.startup.VersionLoggerListener.log Java Home:                         C:\Program Files\Java\jdk-23
04-Nov-2024 19:05:54.811 INFO [main] org.apache.catalina.startup.VersionLoggerListener.log JVM Version:                       23+37-2369
04-Nov-2024 19:05:54.812 INFO [main] org.apache.catalina.startup.VersionLoggerListener.log Vededor JVM:                       Oracle Corporation
04-Nov-2024 19:05:54.812 INFO [main] org.apache.catalina.startup.VersionLoggerListener.log CATALINA_BASE:                     C:\Users\CHAMORRO\OneDrive\Imágenes\programacion sebas\apache-tomcat-9.0.96
04-Nov-2024 19:05:54.812 INFO [main] org.apache.catalina.startup.VersionLoggerListener.log CATALINA_HOME:                     C:\Users\CHAMORRO\OneDrive\Imágenes\programacion sebas\apache-tomcat-9.0.96
04-Nov-2024 19:05:54.834 INFO [main] org.apache.catalina.startup.VersionLoggerListener.log Command line argument:             --add-opens=java.base/java.lang=ALL-UNNAMED
04-Nov-2024 19:05:54.841 INFO [main] org.apache.catalina.startup.VersionLoggerListener.log Command line argument:             --add-opens=java.base/java.io=ALL-UNNAMED
04-Nov-2024 19:05:54.841 INFO [main] org.apache.catalina.startup.VersionLoggerListener.log Command line argument:             --add-opens=java.base/java.util=ALL-UNNAMED
04-Nov-2024 19:05:54.842 INFO [main] org.apache.catalina.startup.VersionLoggerListener.log Command line argument:             --add-opens=java.base/java.util.concurrent=ALL-UNNAMED
04-Nov-2024 19:05:54.842 INFO [main] org.apache.catalina.startup.VersionLoggerListener.log Command line argument:             --add-opens=java.rmi/sun.rmi.transport=ALL-UNNAMED
04-Nov-2024 19:05:54.843 INFO [main] org.apache.catalina.startup.VersionLoggerListener.log Command line argument:             -Djava.util.logging.config.file=C:\Users\CHAMORRO\OneDrive\Imágenes\programacion sebas\apache-tomcat-9.0.96\conf\logging.properties
04-Nov-2024 19:05:54.845 INFO [main] org.apache.catalina.startup.VersionLoggerListener.log Command line argument:             -Djava.util.logging.manager=org.apache.juli.ClassLoaderLogManager
04-Nov-2024 19:05:54.847 INFO [main] org.apache.catalina.startup.VersionLoggerListener.log Command line argument:             -Djdk.tls.ephemeralDHKeySize=2048
04-Nov-2024 19:05:54.848 INFO [main] org.apache.catalina.startup.VersionLoggerListener.log Command line argument:             -Djava.protocol.handler.pkgs=org.apache.catalina.webresources
04-Nov-2024 19:05:54.849 INFO [main] org.apache.catalina.startup.VersionLoggerListener.log Command line argument:             -Dignore.endorsed.dirs=
04-Nov-2024 19:05:54.850 INFO [main] org.apache.catalina.startup.VersionLoggerListener.log Command line argument:             -Dcatalina.base=C:\Users\CHAMORRO\OneDrive\Imágenes\programacion sebas\apache-tomcat-9.0.96
04-Nov-2024 19:05:54.854 INFO [main] org.apache.catalina.startup.VersionLoggerListener.log Command line argument:             -Dcatalina.home=C:\Users\CHAMORRO\OneDrive\Imágenes\programacion sebas\apache-tomcat-9.0.96
04-Nov-2024 19:05:54.855 INFO [main] org.apache.catalina.startup.VersionLoggerListener.log Command line argument:             -Djava.io.tmpdir=C:\Users\CHAMORRO\OneDrive\Imágenes\programacion sebas\apache-tomcat-9.0.96\temp
04-Nov-2024 19:05:54.860 INFO [main] org.apache.catalina.core.AprLifecycleListener.lifecycleEvent Cargada la biblioteca nativa APR de Apache Tomcat [1.3.1] con la versión APR [1.7.4].
04-Nov-2024 19:05:54.861 INFO [main] org.apache.catalina.core.AprLifecycleListener.lifecycleEvent Capacidades APR: IPv6 [true], enviar fichero [true], aceptar filtros [false], aleatorio [true], UDS [true].
04-Nov-2024 19:05:54.862 INFO [main] org.apache.catalina.core.AprLifecycleListener.lifecycleEvent APR/OpenSSL configuration: useAprConnector [false], useOpenSSL [true]
04-Nov-2024 19:05:54.875 INFO [main] org.apache.catalina.core.AprLifecycleListener.initializeSSL OpenSSL inicializado correctamente [OpenSSL 3.0.14 4 Jun 2024]
04-Nov-2024 19:05:55.559 INFO [main] org.apache.coyote.AbstractProtocol.init Inicializando el manejador de protocolo ["http-nio-8080"]

04-Nov-2024 19:05:55.589 INFO [main] org.apache.catalina.startup.Catalina.load Server initialization in [1038] milliseconds
04-Nov-2024 19:05:55.615 WARNING [main] java.util.ArrayList.forEach Name = PgDB Property maxActive is not used in DBCP2, use maxTotal instead. maxTotal default value is 8. You have set value of "100" for "maxActive" property, which is being ignored.
04-Nov-2024 19:05:55.616 WARNING [main] java.util.ArrayList.forEach Name = PgDB Property maxWait is not used in DBCP2 , use maxWaitMillis instead. maxWaitMillis default value is PT-0.001S. You have set value of "10000" for "maxWait" property, which is being ignored.
04-Nov-2024 19:05:55.617 INFO [main] java.util.ArrayList.forEach Name = PgDB Ignoring unknown property: value of "jdbc/PgDB" for "global" property
04-Nov-2024 19:05:55.680 INFO [main] org.apache.catalina.core.StandardService.startInternal Arrancando servicio [Catalina]
04-Nov-2024 19:05:55.681 INFO [main] org.apache.catalina.core.StandardEngine.startInternal Starting Servlet engine: [Apache Tomcat/9.0.96]
04-Nov-2024 19:05:55.706 INFO [main] org.apache.catalina.startup.HostConfig.deployWAR Despliegue del archivo [C:\Users\CHAMORRO\OneDrive\Imágenes\programacion sebas\apache-tomcat-9.0.96\webapps\ejemploweb.war] de la aplicación web
04-Nov-2024 19:05:57.602 INFO [main] org.apache.jasper.servlet.TldScanner.scanJars Al menos un JAR, que se ha explorado buscando TLDs, aún no contenía TLDs. Activar historial de depuración para este historiador para una completa lista de los JARs que fueron explorados y de los que nos se halló TLDs. Saltarse JARs no necesarios durante la exploración puede dar lugar a una mejora de tiempo significativa en el arranque y compilación de JSP .
04-Nov-2024 19:05:59.051 INFO [main] org.apache.catalina.startup.HostConfig.deployWAR Deployment of web application archive [C:\Users\CHAMORRO\OneDrive\Imágenes\programacion sebas\apache-tomcat-9.0.96\webapps\ejemploweb.war] has finished in [3.344] ms
04-Nov-2024 19:05:59.054 INFO [main] org.apache.catalina.startup.HostConfig.deployWAR Despliegue del archivo [C:\Users\CHAMORRO\OneDrive\Imágenes\programacion sebas\apache-tomcat-9.0.96\webapps\EvaluacionGrupal1.war] de la aplicación web
04-Nov-2024 19:05:59.065 INFO [main] org.apache.catalina.startup.ExpandWar.expand An expanded directory [C:\Users\CHAMORRO\OneDrive\Imágenes\programacion sebas\apache-tomcat-9.0.96\webapps\EvaluacionGrupal1] was found with a last modified time that did not match the associated WAR. It will be deleted.
04-Nov-2024 19:06:01.110 INFO [main] org.apache.jasper.servlet.TldScanner.scanJars Al menos un JAR, que se ha explorado buscando TLDs, aún no contenía TLDs. Activar historial de depuración para este historiador para una completa lista de los JARs que fueron explorados y de los que nos se halló TLDs. Saltarse JARs no necesarios durante la exploración puede dar lugar a una mejora de tiempo significativa en el arranque y compilación de JSP .
04-Nov-2024 19:06:02.335 INFO [main] org.apache.catalina.startup.HostConfig.deployWAR Deployment of web application archive [C:\Users\CHAMORRO\OneDrive\Imágenes\programacion sebas\apache-tomcat-9.0.96\webapps\EvaluacionGrupal1.war] has finished in [3.281] ms
04-Nov-2024 19:06:02.338 INFO [main] org.apache.catalina.startup.HostConfig.deployWAR Despliegue del archivo [C:\Users\CHAMORRO\OneDrive\Imágenes\programacion sebas\apache-tomcat-9.0.96\webapps\inventario.war] de la aplicación web
04-Nov-2024 19:06:03.774 INFO [main] org.apache.jasper.servlet.TldScanner.scanJars Al menos un JAR, que se ha explorado buscando TLDs, aún no contenía TLDs. Activar historial de depuración para este historiador para una completa lista de los JARs que fueron explorados y de los que nos se halló TLDs. Saltarse JARs no necesarios durante la exploración puede dar lugar a una mejora de tiempo significativa en el arranque y compilación de JSP .
04-Nov-2024 19:06:04.996 INFO [main] org.apache.catalina.startup.HostConfig.deployWAR Deployment of web application archive [C:\Users\CHAMORRO\OneDrive\Imágenes\programacion sebas\apache-tomcat-9.0.96\webapps\inventario.war] has finished in [2.659] ms
04-Nov-2024 19:06:04.997 INFO [main] org.apache.catalina.startup.HostConfig.deployDirectory Desplegando el directorio [C:\Users\CHAMORRO\OneDrive\Imágenes\programacion sebas\apache-tomcat-9.0.96\webapps\docs] de la aplicación web
04-Nov-2024 19:06:05.170 INFO [main] org.apache.jasper.servlet.TldScanner.scanJars Al menos un JAR, que se ha explorado buscando TLDs, aún no contenía TLDs. Activar historial de depuración para este historiador para una completa lista de los JARs que fueron explorados y de los que nos se halló TLDs. Saltarse JARs no necesarios durante la exploración puede dar lugar a una mejora de tiempo significativa en el arranque y compilación de JSP .
04-Nov-2024 19:06:05.175 INFO [main] org.apache.catalina.startup.HostConfig.deployDirectory Deployment of web application directory [C:\Users\CHAMORRO\OneDrive\Imágenes\programacion sebas\apache-tomcat-9.0.96\webapps\docs] has finished in [177] ms
04-Nov-2024 19:06:05.175 INFO [main] org.apache.catalina.startup.HostConfig.deployDirectory Desplegando el directorio [C:\Users\CHAMORRO\OneDrive\Imágenes\programacion sebas\apache-tomcat-9.0.96\webapps\examples] de la aplicación web
04-Nov-2024 19:06:05.770 INFO [main] org.apache.jasper.servlet.TldScanner.scanJars Al menos un JAR, que se ha explorado buscando TLDs, aún no contenía TLDs. Activar historial de depuración para este historiador para una completa lista de los JARs que fueron explorados y de los que nos se halló TLDs. Saltarse JARs no necesarios durante la exploración puede dar lugar a una mejora de tiempo significativa en el arranque y compilación de JSP .
04-Nov-2024 19:06:05.846 INFO [main] org.apache.catalina.startup.HostConfig.deployDirectory Deployment of web application directory [C:\Users\CHAMORRO\OneDrive\Imágenes\programacion sebas\apache-tomcat-9.0.96\webapps\examples] has finished in [671] ms
04-Nov-2024 19:06:05.847 INFO [main] org.apache.catalina.startup.HostConfig.deployDirectory Desplegando el directorio [C:\Users\CHAMORRO\OneDrive\Imágenes\programacion sebas\apache-tomcat-9.0.96\webapps\host-manager] de la aplicación web
04-Nov-2024 19:06:06.024 INFO [main] org.apache.jasper.servlet.TldScanner.scanJars Al menos un JAR, que se ha explorado buscando TLDs, aún no contenía TLDs. Activar historial de depuración para este historiador para una completa lista de los JARs que fueron explorados y de los que nos se halló TLDs. Saltarse JARs no necesarios durante la exploración puede dar lugar a una mejora de tiempo significativa en el arranque y compilación de JSP .
04-Nov-2024 19:06:06.032 INFO [main] org.apache.catalina.startup.HostConfig.deployDirectory Deployment of web application directory [C:\Users\CHAMORRO\OneDrive\Imágenes\programacion sebas\apache-tomcat-9.0.96\webapps\host-manager] has finished in [185] ms
04-Nov-2024 19:06:06.033 INFO [main] org.apache.catalina.startup.HostConfig.deployDirectory Desplegando el directorio [C:\Users\CHAMORRO\OneDrive\Imágenes\programacion sebas\apache-tomcat-9.0.96\webapps\manager] de la aplicación web
04-Nov-2024 19:06:06.205 INFO [main] org.apache.jasper.servlet.TldScanner.scanJars Al menos un JAR, que se ha explorado buscando TLDs, aún no contenía TLDs. Activar historial de depuración para este historiador para una completa lista de los JARs que fueron explorados y de los que nos se halló TLDs. Saltarse JARs no necesarios durante la exploración puede dar lugar a una mejora de tiempo significativa en el arranque y compilación de JSP .
04-Nov-2024 19:06:06.209 INFO [main] org.apache.catalina.startup.HostConfig.deployDirectory Deployment of web application directory [C:\Users\CHAMORRO\OneDrive\Imágenes\programacion sebas\apache-tomcat-9.0.96\webapps\manager] has finished in [177] ms
04-Nov-2024 19:06:06.209 INFO [main] org.apache.catalina.startup.HostConfig.deployDirectory Desplegando el directorio [C:\Users\CHAMORRO\OneDrive\Imágenes\programacion sebas\apache-tomcat-9.0.96\webapps\ROOT] de la aplicación web
04-Nov-2024 19:06:06.371 INFO [main] org.apache.jasper.servlet.TldScanner.scanJars Al menos un JAR, que se ha explorado buscando TLDs, aún no contenía TLDs. Activar historial de depuración para este historiador para una completa lista de los JARs que fueron explorados y de los que nos se halló TLDs. Saltarse JARs no necesarios durante la exploración puede dar lugar a una mejora de tiempo significativa en el arranque y compilación de JSP .
04-Nov-2024 19:06:06.375 INFO [main] org.apache.catalina.startup.HostConfig.deployDirectory Deployment of web application directory [C:\Users\CHAMORRO\OneDrive\Imágenes\programacion sebas\apache-tomcat-9.0.96\webapps\ROOT] has finished in [165] ms
04-Nov-2024 19:06:06.380 INFO [main] org.apache.coyote.AbstractProtocol.start Starting ProtocolHandler ["http-nio-8080"]
04-Nov-2024 19:06:06.403 INFO [main] org.apache.catalina.startup.Catalina.start Server startup in [10812] milliseconds
04-Nov-2024 19:26:08.626 INFO [main] org.apache.catalina.startup.VersionLoggerListener.log Nombre de la versión del servidor: Apache Tomcat/9.0.96
04-Nov-2024 19:26:08.632 INFO [main] org.apache.catalina.startup.VersionLoggerListener.log Server built:                      Oct 3 2024 19:44:30 UTC
04-Nov-2024 19:26:08.633 INFO [main] org.apache.catalina.startup.VersionLoggerListener.log Número de versión de servidor:     9.0.96.0
04-Nov-2024 19:26:08.634 INFO [main] org.apache.catalina.startup.VersionLoggerListener.log OS Name:                           Windows 10
04-Nov-2024 19:26:08.634 INFO [main] org.apache.catalina.startup.VersionLoggerListener.log Versión de Systema Operativo:      10.0
04-Nov-2024 19:26:08.634 INFO [main] org.apache.catalina.startup.VersionLoggerListener.log Arquitectura:                      amd64
04-Nov-2024 19:26:08.635 INFO [main] org.apache.catalina.startup.VersionLoggerListener.log Java Home:                         C:\Program Files\Java\jdk-23
04-Nov-2024 19:26:08.635 INFO [main] org.apache.catalina.startup.VersionLoggerListener.log JVM Version:                       23+37-2369
04-Nov-2024 19:26:08.635 INFO [main] org.apache.catalina.startup.VersionLoggerListener.log Vededor JVM:                       Oracle Corporation
04-Nov-2024 19:26:08.635 INFO [main] org.apache.catalina.startup.VersionLoggerListener.log CATALINA_BASE:                     C:\Users\CHAMORRO\OneDrive\Imágenes\programacion sebas\apache-tomcat-9.0.96
04-Nov-2024 19:26:08.635 INFO [main] org.apache.catalina.startup.VersionLoggerListener.log CATALINA_HOME:                     C:\Users\CHAMORRO\OneDrive\Imágenes\programacion sebas\apache-tomcat-9.0.96
04-Nov-2024 19:26:08.643 INFO [main] org.apache.catalina.startup.VersionLoggerListener.log Command line argument:             --add-opens=java.base/java.lang=ALL-UNNAMED
04-Nov-2024 19:26:08.643 INFO [main] org.apache.catalina.startup.VersionLoggerListener.log Command line argument:             --add-opens=java.base/java.io=ALL-UNNAMED
04-Nov-2024 19:26:08.643 INFO [main] org.apache.catalina.startup.VersionLoggerListener.log Command line argument:             --add-opens=java.base/java.util=ALL-UNNAMED
04-Nov-2024 19:26:08.644 INFO [main] org.apache.catalina.startup.VersionLoggerListener.log Command line argument:             --add-opens=java.base/java.util.concurrent=ALL-UNNAMED
04-Nov-2024 19:26:08.644 INFO [main] org.apache.catalina.startup.VersionLoggerListener.log Command line argument:             --add-opens=java.rmi/sun.rmi.transport=ALL-UNNAMED
04-Nov-2024 19:26:08.645 INFO [main] org.apache.catalina.startup.VersionLoggerListener.log Command line argument:             -Djava.util.logging.config.file=C:\Users\CHAMORRO\OneDrive\Imágenes\programacion sebas\apache-tomcat-9.0.96\conf\logging.properties
04-Nov-2024 19:26:08.645 INFO [main] org.apache.catalina.startup.VersionLoggerListener.log Command line argument:             -Djava.util.logging.manager=org.apache.juli.ClassLoaderLogManager
04-Nov-2024 19:26:08.645 INFO [main] org.apache.catalina.startup.VersionLoggerListener.log Command line argument:             -Djdk.tls.ephemeralDHKeySize=2048
04-Nov-2024 19:26:08.646 INFO [main] org.apache.catalina.startup.VersionLoggerListener.log Command line argument:             -Djava.protocol.handler.pkgs=org.apache.catalina.webresources
04-Nov-2024 19:26:08.646 INFO [main] org.apache.catalina.startup.VersionLoggerListener.log Command line argument:             -Dignore.endorsed.dirs=
04-Nov-2024 19:26:08.646 INFO [main] org.apache.catalina.startup.VersionLoggerListener.log Command line argument:             -Dcatalina.base=C:\Users\CHAMORRO\OneDrive\Imágenes\programacion sebas\apache-tomcat-9.0.96
04-Nov-2024 19:26:08.647 INFO [main] org.apache.catalina.startup.VersionLoggerListener.log Command line argument:             -Dcatalina.home=C:\Users\CHAMORRO\OneDrive\Imágenes\programacion sebas\apache-tomcat-9.0.96
04-Nov-2024 19:26:08.647 INFO [main] org.apache.catalina.startup.VersionLoggerListener.log Command line argument:             -Djava.io.tmpdir=C:\Users\CHAMORRO\OneDrive\Imágenes\programacion sebas\apache-tomcat-9.0.96\temp
04-Nov-2024 19:26:08.652 INFO [main] org.apache.catalina.core.AprLifecycleListener.lifecycleEvent Cargada la biblioteca nativa APR de Apache Tomcat [1.3.1] con la versión APR [1.7.4].
04-Nov-2024 19:26:08.652 INFO [main] org.apache.catalina.core.AprLifecycleListener.lifecycleEvent Capacidades APR: IPv6 [true], enviar fichero [true], aceptar filtros [false], aleatorio [true], UDS [true].
04-Nov-2024 19:26:08.653 INFO [main] org.apache.catalina.core.AprLifecycleListener.lifecycleEvent APR/OpenSSL configuration: useAprConnector [false], useOpenSSL [true]
04-Nov-2024 19:26:08.660 INFO [main] org.apache.catalina.core.AprLifecycleListener.initializeSSL OpenSSL inicializado correctamente [OpenSSL 3.0.14 4 Jun 2024]
04-Nov-2024 19:26:09.045 INFO [main] org.apache.coyote.AbstractProtocol.init Inicializando el manejador de protocolo ["http-nio-8080"]

04-Nov-2024 19:26:09.077 INFO [main] org.apache.catalina.startup.Catalina.load Server initialization in [696] milliseconds
04-Nov-2024 19:26:09.105 WARNING [main] java.util.ArrayList.forEach Name = PgDB Property maxActive is not used in DBCP2, use maxTotal instead. maxTotal default value is 8. You have set value of "100" for "maxActive" property, which is being ignored.
04-Nov-2024 19:26:09.106 WARNING [main] java.util.ArrayList.forEach Name = PgDB Property maxWait is not used in DBCP2 , use maxWaitMillis instead. maxWaitMillis default value is PT-0.001S. You have set value of "10000" for "maxWait" property, which is being ignored.
04-Nov-2024 19:26:09.107 INFO [main] java.util.ArrayList.forEach Name = PgDB Ignoring unknown property: value of "jdbc/PgDB" for "global" property
04-Nov-2024 19:26:09.170 INFO [main] org.apache.catalina.core.StandardService.startInternal Arrancando servicio [Catalina]
04-Nov-2024 19:26:09.170 INFO [main] org.apache.catalina.core.StandardEngine.startInternal Starting Servlet engine: [Apache Tomcat/9.0.96]
04-Nov-2024 19:26:09.193 INFO [main] org.apache.catalina.startup.HostConfig.deployWAR Despliegue del archivo [C:\Users\CHAMORRO\OneDrive\Imágenes\programacion sebas\apache-tomcat-9.0.96\webapps\ejemploweb.war] de la aplicación web
04-Nov-2024 19:26:11.040 INFO [main] org.apache.jasper.servlet.TldScanner.scanJars Al menos un JAR, que se ha explorado buscando TLDs, aún no contenía TLDs. Activar historial de depuración para este historiador para una completa lista de los JARs que fueron explorados y de los que nos se halló TLDs. Saltarse JARs no necesarios durante la exploración puede dar lugar a una mejora de tiempo significativa en el arranque y compilación de JSP .
04-Nov-2024 19:26:12.495 INFO [main] org.apache.catalina.startup.HostConfig.deployWAR Deployment of web application archive [C:\Users\CHAMORRO\OneDrive\Imágenes\programacion sebas\apache-tomcat-9.0.96\webapps\ejemploweb.war] has finished in [3.302] ms
04-Nov-2024 19:26:12.497 INFO [main] org.apache.catalina.startup.HostConfig.deployWAR Despliegue del archivo [C:\Users\CHAMORRO\OneDrive\Imágenes\programacion sebas\apache-tomcat-9.0.96\webapps\EvaluacionGrupal1.war] de la aplicación web
04-Nov-2024 19:26:14.098 INFO [main] org.apache.jasper.servlet.TldScanner.scanJars Al menos un JAR, que se ha explorado buscando TLDs, aún no contenía TLDs. Activar historial de depuración para este historiador para una completa lista de los JARs que fueron explorados y de los que nos se halló TLDs. Saltarse JARs no necesarios durante la exploración puede dar lugar a una mejora de tiempo significativa en el arranque y compilación de JSP .
04-Nov-2024 19:26:15.345 INFO [main] org.apache.catalina.startup.HostConfig.deployWAR Deployment of web application archive [C:\Users\CHAMORRO\OneDrive\Imágenes\programacion sebas\apache-tomcat-9.0.96\webapps\EvaluacionGrupal1.war] has finished in [2.848] ms
04-Nov-2024 19:26:15.348 INFO [main] org.apache.catalina.startup.HostConfig.deployWAR Despliegue del archivo [C:\Users\CHAMORRO\OneDrive\Imágenes\programacion sebas\apache-tomcat-9.0.96\webapps\inventario.war] de la aplicación web
04-Nov-2024 19:26:16.646 INFO [main] org.apache.jasper.servlet.TldScanner.scanJars Al menos un JAR, que se ha explorado buscando TLDs, aún no contenía TLDs. Activar historial de depuración para este historiador para una completa lista de los JARs que fueron explorados y de los que nos se halló TLDs. Saltarse JARs no necesarios durante la exploración puede dar lugar a una mejora de tiempo significativa en el arranque y compilación de JSP .
04-Nov-2024 19:26:17.717 INFO [main] org.apache.catalina.startup.HostConfig.deployWAR Deployment of web application archive [C:\Users\CHAMORRO\OneDrive\Imágenes\programacion sebas\apache-tomcat-9.0.96\webapps\inventario.war] has finished in [2.369] ms
04-Nov-2024 19:26:17.718 INFO [main] org.apache.catalina.startup.HostConfig.deployDirectory Desplegando el directorio [C:\Users\CHAMORRO\OneDrive\Imágenes\programacion sebas\apache-tomcat-9.0.96\webapps\docs] de la aplicación web
04-Nov-2024 19:26:17.894 INFO [main] org.apache.jasper.servlet.TldScanner.scanJars Al menos un JAR, que se ha explorado buscando TLDs, aún no contenía TLDs. Activar historial de depuración para este historiador para una completa lista de los JARs que fueron explorados y de los que nos se halló TLDs. Saltarse JARs no necesarios durante la exploración puede dar lugar a una mejora de tiempo significativa en el arranque y compilación de JSP .
04-Nov-2024 19:26:17.898 INFO [main] org.apache.catalina.startup.HostConfig.deployDirectory Deployment of web application directory [C:\Users\CHAMORRO\OneDrive\Imágenes\programacion sebas\apache-tomcat-9.0.96\webapps\docs] has finished in [180] ms
04-Nov-2024 19:26:17.899 INFO [main] org.apache.catalina.startup.HostConfig.deployDirectory Desplegando el directorio [C:\Users\CHAMORRO\OneDrive\Imágenes\programacion sebas\apache-tomcat-9.0.96\webapps\examples] de la aplicación web
04-Nov-2024 19:26:18.512 INFO [main] org.apache.jasper.servlet.TldScanner.scanJars Al menos un JAR, que se ha explorado buscando TLDs, aún no contenía TLDs. Activar historial de depuración para este historiador para una completa lista de los JARs que fueron explorados y de los que nos se halló TLDs. Saltarse JARs no necesarios durante la exploración puede dar lugar a una mejora de tiempo significativa en el arranque y compilación de JSP .
04-Nov-2024 19:26:18.584 INFO [main] org.apache.catalina.startup.HostConfig.deployDirectory Deployment of web application directory [C:\Users\CHAMORRO\OneDrive\Imágenes\programacion sebas\apache-tomcat-9.0.96\webapps\examples] has finished in [685] ms
04-Nov-2024 19:26:18.585 INFO [main] org.apache.catalina.startup.HostConfig.deployDirectory Desplegando el directorio [C:\Users\CHAMORRO\OneDrive\Imágenes\programacion sebas\apache-tomcat-9.0.96\webapps\host-manager] de la aplicación web
04-Nov-2024 19:26:18.763 INFO [main] org.apache.jasper.servlet.TldScanner.scanJars Al menos un JAR, que se ha explorado buscando TLDs, aún no contenía TLDs. Activar historial de depuración para este historiador para una completa lista de los JARs que fueron explorados y de los que nos se halló TLDs. Saltarse JARs no necesarios durante la exploración puede dar lugar a una mejora de tiempo significativa en el arranque y compilación de JSP .
04-Nov-2024 19:26:18.772 INFO [main] org.apache.catalina.startup.HostConfig.deployDirectory Deployment of web application directory [C:\Users\CHAMORRO\OneDrive\Imágenes\programacion sebas\apache-tomcat-9.0.96\webapps\host-manager] has finished in [187] ms
04-Nov-2024 19:26:18.773 INFO [main] org.apache.catalina.startup.HostConfig.deployDirectory Desplegando el directorio [C:\Users\CHAMORRO\OneDrive\Imágenes\programacion sebas\apache-tomcat-9.0.96\webapps\manager] de la aplicación web
04-Nov-2024 19:26:18.954 INFO [main] org.apache.jasper.servlet.TldScanner.scanJars Al menos un JAR, que se ha explorado buscando TLDs, aún no contenía TLDs. Activar historial de depuración para este historiador para una completa lista de los JARs que fueron explorados y de los que nos se halló TLDs. Saltarse JARs no necesarios durante la exploración puede dar lugar a una mejora de tiempo significativa en el arranque y compilación de JSP .
04-Nov-2024 19:26:18.958 INFO [main] org.apache.catalina.startup.HostConfig.deployDirectory Deployment of web application directory [C:\Users\CHAMORRO\OneDrive\Imágenes\programacion sebas\apache-tomcat-9.0.96\webapps\manager] has finished in [184] ms
04-Nov-2024 19:26:18.958 INFO [main] org.apache.catalina.startup.HostConfig.deployDirectory Desplegando el directorio [C:\Users\CHAMORRO\OneDrive\Imágenes\programacion sebas\apache-tomcat-9.0.96\webapps\ROOT] de la aplicación web
04-Nov-2024 19:26:19.127 INFO [main] org.apache.jasper.servlet.TldScanner.scanJars Al menos un JAR, que se ha explorado buscando TLDs, aún no contenía TLDs. Activar historial de depuración para este historiador para una completa lista de los JARs que fueron explorados y de los que nos se halló TLDs. Saltarse JARs no necesarios durante la exploración puede dar lugar a una mejora de tiempo significativa en el arranque y compilación de JSP .
04-Nov-2024 19:26:19.131 INFO [main] org.apache.catalina.startup.HostConfig.deployDirectory Deployment of web application directory [C:\Users\CHAMORRO\OneDrive\Imágenes\programacion sebas\apache-tomcat-9.0.96\webapps\ROOT] has finished in [173] ms
04-Nov-2024 19:26:19.135 INFO [main] org.apache.coyote.AbstractProtocol.start Starting ProtocolHandler ["http-nio-8080"]
04-Nov-2024 19:26:19.157 INFO [main] org.apache.catalina.startup.Catalina.start Server startup in [10078] milliseconds
