01-Nov-2024 17:08:08.325 INFO [main] org.apache.catalina.startup.VersionLoggerListener.log Nombre de la versión del servidor: Apache Tomcat/9.0.96
01-Nov-2024 17:08:08.329 INFO [main] org.apache.catalina.startup.VersionLoggerListener.log Server built:                      Oct 3 2024 19:44:30 UTC
01-Nov-2024 17:08:08.331 INFO [main] org.apache.catalina.startup.VersionLoggerListener.log Número de versión de servidor:     9.0.96.0
01-Nov-2024 17:08:08.331 INFO [main] org.apache.catalina.startup.VersionLoggerListener.log OS Name:                           Windows 10
01-Nov-2024 17:08:08.332 INFO [main] org.apache.catalina.startup.VersionLoggerListener.log Versión de Systema Operativo:      10.0
01-Nov-2024 17:08:08.332 INFO [main] org.apache.catalina.startup.VersionLoggerListener.log Arquitectura:                      amd64
01-Nov-2024 17:08:08.332 INFO [main] org.apache.catalina.startup.VersionLoggerListener.log Java Home:                         C:\Program Files\Java\jdk-23
01-Nov-2024 17:08:08.332 INFO [main] org.apache.catalina.startup.VersionLoggerListener.log JVM Version:                       23+37-2369
01-Nov-2024 17:08:08.332 INFO [main] org.apache.catalina.startup.VersionLoggerListener.log Vededor JVM:                       Oracle Corporation
01-Nov-2024 17:08:08.332 INFO [main] org.apache.catalina.startup.VersionLoggerListener.log CATALINA_BASE:                     C:\Users\CHAMORRO\OneDrive\Imágenes\programacion sebas\apache-tomcat-9.0.96
01-Nov-2024 17:08:08.333 INFO [main] org.apache.catalina.startup.VersionLoggerListener.log CATALINA_HOME:                     C:\Users\CHAMORRO\OneDrive\Imágenes\programacion sebas\apache-tomcat-9.0.96
01-Nov-2024 17:08:08.342 INFO [main] org.apache.catalina.startup.VersionLoggerListener.log Command line argument:             --add-opens=java.base/java.lang=ALL-UNNAMED
01-Nov-2024 17:08:08.342 INFO [main] org.apache.catalina.startup.VersionLoggerListener.log Command line argument:             --add-opens=java.base/java.io=ALL-UNNAMED
01-Nov-2024 17:08:08.342 INFO [main] org.apache.catalina.startup.VersionLoggerListener.log Command line argument:             --add-opens=java.base/java.util=ALL-UNNAMED
01-Nov-2024 17:08:08.342 INFO [main] org.apache.catalina.startup.VersionLoggerListener.log Command line argument:             --add-opens=java.base/java.util.concurrent=ALL-UNNAMED
01-Nov-2024 17:08:08.343 INFO [main] org.apache.catalina.startup.VersionLoggerListener.log Command line argument:             --add-opens=java.rmi/sun.rmi.transport=ALL-UNNAMED
01-Nov-2024 17:08:08.343 INFO [main] org.apache.catalina.startup.VersionLoggerListener.log Command line argument:             -Djava.util.logging.config.file=C:\Users\CHAMORRO\OneDrive\Imágenes\programacion sebas\apache-tomcat-9.0.96\conf\logging.properties
01-Nov-2024 17:08:08.343 INFO [main] org.apache.catalina.startup.VersionLoggerListener.log Command line argument:             -Djava.util.logging.manager=org.apache.juli.ClassLoaderLogManager
01-Nov-2024 17:08:08.344 INFO [main] org.apache.catalina.startup.VersionLoggerListener.log Command line argument:             -Djdk.tls.ephemeralDHKeySize=2048
01-Nov-2024 17:08:08.344 INFO [main] org.apache.catalina.startup.VersionLoggerListener.log Command line argument:             -Djava.protocol.handler.pkgs=org.apache.catalina.webresources
01-Nov-2024 17:08:08.344 INFO [main] org.apache.catalina.startup.VersionLoggerListener.log Command line argument:             -Dignore.endorsed.dirs=
01-Nov-2024 17:08:08.345 INFO [main] org.apache.catalina.startup.VersionLoggerListener.log Command line argument:             -Dcatalina.base=C:\Users\CHAMORRO\OneDrive\Imágenes\programacion sebas\apache-tomcat-9.0.96
01-Nov-2024 17:08:08.345 INFO [main] org.apache.catalina.startup.VersionLoggerListener.log Command line argument:             -Dcatalina.home=C:\Users\CHAMORRO\OneDrive\Imágenes\programacion sebas\apache-tomcat-9.0.96
01-Nov-2024 17:08:08.346 INFO [main] org.apache.catalina.startup.VersionLoggerListener.log Command line argument:             -Djava.io.tmpdir=C:\Users\CHAMORRO\OneDrive\Imágenes\programacion sebas\apache-tomcat-9.0.96\temp
01-Nov-2024 17:08:08.353 INFO [main] org.apache.catalina.core.AprLifecycleListener.lifecycleEvent Cargada la biblioteca nativa APR de Apache Tomcat [1.3.1] con la versión APR [1.7.4].
01-Nov-2024 17:08:08.353 INFO [main] org.apache.catalina.core.AprLifecycleListener.lifecycleEvent Capacidades APR: IPv6 [true], enviar fichero [true], aceptar filtros [false], aleatorio [true], UDS [true].
01-Nov-2024 17:08:08.353 INFO [main] org.apache.catalina.core.AprLifecycleListener.lifecycleEvent APR/OpenSSL configuration: useAprConnector [false], useOpenSSL [true]
01-Nov-2024 17:08:08.376 INFO [main] org.apache.catalina.core.AprLifecycleListener.initializeSSL OpenSSL inicializado correctamente [OpenSSL 3.0.14 4 Jun 2024]
01-Nov-2024 17:08:08.746 INFO [main] org.apache.coyote.AbstractProtocol.init Inicializando el manejador de protocolo ["http-nio-8080"]

01-Nov-2024 17:08:08.773 INFO [main] org.apache.catalina.startup.Catalina.load Server initialization in [721] milliseconds
01-Nov-2024 17:08:08.801 WARNING [main] java.util.ArrayList.forEach Name = ConexionPG Property maxActive is not used in DBCP2, use maxTotal instead. maxTotal default value is 8. You have set value of "100" for "maxActive" property, which is being ignored.
01-Nov-2024 17:08:08.801 WARNING [main] java.util.ArrayList.forEach Name = ConexionPG Property maxWait is not used in DBCP2 , use maxWaitMillis instead. maxWaitMillis default value is PT-0.001S. You have set value of "10000" for "maxWait" property, which is being ignored.
01-Nov-2024 17:08:08.803 INFO [main] java.util.ArrayList.forEach Name = ConexionPG Ignoring unknown property: value of "jdbc/ConexionPG" for "global" property
01-Nov-2024 17:08:08.862 INFO [main] org.apache.catalina.core.StandardService.startInternal Arrancando servicio [Catalina]
01-Nov-2024 17:08:08.864 INFO [main] org.apache.catalina.core.StandardEngine.startInternal Starting Servlet engine: [Apache Tomcat/9.0.96]
01-Nov-2024 17:08:08.888 INFO [main] org.apache.catalina.startup.HostConfig.deployWAR Despliegue del archivo [C:\Users\CHAMORRO\OneDrive\Imágenes\programacion sebas\apache-tomcat-9.0.96\webapps\ejemploweb.war] de la aplicación web
01-Nov-2024 17:08:10.741 INFO [main] org.apache.jasper.servlet.TldScanner.scanJars Al menos un JAR, que se ha explorado buscando TLDs, aún no contenía TLDs. Activar historial de depuración para este historiador para una completa lista de los JARs que fueron explorados y de los que nos se halló TLDs. Saltarse JARs no necesarios durante la exploración puede dar lugar a una mejora de tiempo significativa en el arranque y compilación de JSP .
01-Nov-2024 17:08:12.082 INFO [main] org.apache.catalina.startup.HostConfig.deployWAR Deployment of web application archive [C:\Users\CHAMORRO\OneDrive\Imágenes\programacion sebas\apache-tomcat-9.0.96\webapps\ejemploweb.war] has finished in [3.195] ms
01-Nov-2024 17:08:12.085 INFO [main] org.apache.catalina.startup.HostConfig.deployWAR Despliegue del archivo [C:\Users\CHAMORRO\OneDrive\Imágenes\programacion sebas\apache-tomcat-9.0.96\webapps\EvaluacionGrupal1.war] de la aplicación web
01-Nov-2024 17:08:13.842 INFO [main] org.apache.jasper.servlet.TldScanner.scanJars Al menos un JAR, que se ha explorado buscando TLDs, aún no contenía TLDs. Activar historial de depuración para este historiador para una completa lista de los JARs que fueron explorados y de los que nos se halló TLDs. Saltarse JARs no necesarios durante la exploración puede dar lugar a una mejora de tiempo significativa en el arranque y compilación de JSP .
01-Nov-2024 17:08:15.217 INFO [main] org.apache.catalina.startup.HostConfig.deployWAR Deployment of web application archive [C:\Users\CHAMORRO\OneDrive\Imágenes\programacion sebas\apache-tomcat-9.0.96\webapps\EvaluacionGrupal1.war] has finished in [3.131] ms
01-Nov-2024 17:08:15.222 INFO [main] org.apache.catalina.startup.HostConfig.deployWAR Despliegue del archivo [C:\Users\CHAMORRO\OneDrive\Imágenes\programacion sebas\apache-tomcat-9.0.96\webapps\inventario.war] de la aplicación web
01-Nov-2024 17:08:16.611 INFO [main] org.apache.jasper.servlet.TldScanner.scanJars Al menos un JAR, que se ha explorado buscando TLDs, aún no contenía TLDs. Activar historial de depuración para este historiador para una completa lista de los JARs que fueron explorados y de los que nos se halló TLDs. Saltarse JARs no necesarios durante la exploración puede dar lugar a una mejora de tiempo significativa en el arranque y compilación de JSP .
01-Nov-2024 17:08:17.792 INFO [main] org.apache.catalina.startup.HostConfig.deployWAR Deployment of web application archive [C:\Users\CHAMORRO\OneDrive\Imágenes\programacion sebas\apache-tomcat-9.0.96\webapps\inventario.war] has finished in [2.570] ms
01-Nov-2024 17:08:17.794 INFO [main] org.apache.catalina.startup.HostConfig.deployDirectory Desplegando el directorio [C:\Users\CHAMORRO\OneDrive\Imágenes\programacion sebas\apache-tomcat-9.0.96\webapps\docs] de la aplicación web
01-Nov-2024 17:08:18.001 INFO [main] org.apache.jasper.servlet.TldScanner.scanJars Al menos un JAR, que se ha explorado buscando TLDs, aún no contenía TLDs. Activar historial de depuración para este historiador para una completa lista de los JARs que fueron explorados y de los que nos se halló TLDs. Saltarse JARs no necesarios durante la exploración puede dar lugar a una mejora de tiempo significativa en el arranque y compilación de JSP .
01-Nov-2024 17:08:18.006 INFO [main] org.apache.catalina.startup.HostConfig.deployDirectory Deployment of web application directory [C:\Users\CHAMORRO\OneDrive\Imágenes\programacion sebas\apache-tomcat-9.0.96\webapps\docs] has finished in [211] ms
01-Nov-2024 17:08:18.006 INFO [main] org.apache.catalina.startup.HostConfig.deployDirectory Desplegando el directorio [C:\Users\CHAMORRO\OneDrive\Imágenes\programacion sebas\apache-tomcat-9.0.96\webapps\examples] de la aplicación web
01-Nov-2024 17:08:18.665 INFO [main] org.apache.jasper.servlet.TldScanner.scanJars Al menos un JAR, que se ha explorado buscando TLDs, aún no contenía TLDs. Activar historial de depuración para este historiador para una completa lista de los JARs que fueron explorados y de los que nos se halló TLDs. Saltarse JARs no necesarios durante la exploración puede dar lugar a una mejora de tiempo significativa en el arranque y compilación de JSP .
01-Nov-2024 17:08:18.739 INFO [main] org.apache.catalina.startup.HostConfig.deployDirectory Deployment of web application directory [C:\Users\CHAMORRO\OneDrive\Imágenes\programacion sebas\apache-tomcat-9.0.96\webapps\examples] has finished in [733] ms
01-Nov-2024 17:08:18.739 INFO [main] org.apache.catalina.startup.HostConfig.deployDirectory Desplegando el directorio [C:\Users\CHAMORRO\OneDrive\Imágenes\programacion sebas\apache-tomcat-9.0.96\webapps\host-manager] de la aplicación web
01-Nov-2024 17:08:18.918 INFO [main] org.apache.jasper.servlet.TldScanner.scanJars Al menos un JAR, que se ha explorado buscando TLDs, aún no contenía TLDs. Activar historial de depuración para este historiador para una completa lista de los JARs que fueron explorados y de los que nos se halló TLDs. Saltarse JARs no necesarios durante la exploración puede dar lugar a una mejora de tiempo significativa en el arranque y compilación de JSP .
01-Nov-2024 17:08:18.928 INFO [main] org.apache.catalina.startup.HostConfig.deployDirectory Deployment of web application directory [C:\Users\CHAMORRO\OneDrive\Imágenes\programacion sebas\apache-tomcat-9.0.96\webapps\host-manager] has finished in [188] ms
01-Nov-2024 17:08:18.929 INFO [main] org.apache.catalina.startup.HostConfig.deployDirectory Desplegando el directorio [C:\Users\CHAMORRO\OneDrive\Imágenes\programacion sebas\apache-tomcat-9.0.96\webapps\manager] de la aplicación web
01-Nov-2024 17:08:19.109 INFO [main] org.apache.jasper.servlet.TldScanner.scanJars Al menos un JAR, que se ha explorado buscando TLDs, aún no contenía TLDs. Activar historial de depuración para este historiador para una completa lista de los JARs que fueron explorados y de los que nos se halló TLDs. Saltarse JARs no necesarios durante la exploración puede dar lugar a una mejora de tiempo significativa en el arranque y compilación de JSP .
01-Nov-2024 17:08:19.113 INFO [main] org.apache.catalina.startup.HostConfig.deployDirectory Deployment of web application directory [C:\Users\CHAMORRO\OneDrive\Imágenes\programacion sebas\apache-tomcat-9.0.96\webapps\manager] has finished in [185] ms
01-Nov-2024 17:08:19.114 INFO [main] org.apache.catalina.startup.HostConfig.deployDirectory Desplegando el directorio [C:\Users\CHAMORRO\OneDrive\Imágenes\programacion sebas\apache-tomcat-9.0.96\webapps\ROOT] de la aplicación web
01-Nov-2024 17:08:19.278 INFO [main] org.apache.jasper.servlet.TldScanner.scanJars Al menos un JAR, que se ha explorado buscando TLDs, aún no contenía TLDs. Activar historial de depuración para este historiador para una completa lista de los JARs que fueron explorados y de los que nos se halló TLDs. Saltarse JARs no necesarios durante la exploración puede dar lugar a una mejora de tiempo significativa en el arranque y compilación de JSP .
01-Nov-2024 17:08:19.283 INFO [main] org.apache.catalina.startup.HostConfig.deployDirectory Deployment of web application directory [C:\Users\CHAMORRO\OneDrive\Imágenes\programacion sebas\apache-tomcat-9.0.96\webapps\ROOT] has finished in [168] ms
01-Nov-2024 17:08:19.287 INFO [main] org.apache.coyote.AbstractProtocol.start Starting ProtocolHandler ["http-nio-8080"]
01-Nov-2024 17:08:19.312 INFO [main] org.apache.catalina.startup.Catalina.start Server startup in [10537] milliseconds
01-Nov-2024 17:15:53.247 INFO [main] org.apache.catalina.startup.VersionLoggerListener.log Nombre de la versión del servidor: Apache Tomcat/9.0.96
01-Nov-2024 17:15:53.252 INFO [main] org.apache.catalina.startup.VersionLoggerListener.log Server built:                      Oct 3 2024 19:44:30 UTC
01-Nov-2024 17:15:53.253 INFO [main] org.apache.catalina.startup.VersionLoggerListener.log Número de versión de servidor:     9.0.96.0
01-Nov-2024 17:15:53.253 INFO [main] org.apache.catalina.startup.VersionLoggerListener.log OS Name:                           Windows 10
01-Nov-2024 17:15:53.253 INFO [main] org.apache.catalina.startup.VersionLoggerListener.log Versión de Systema Operativo:      10.0
01-Nov-2024 17:15:53.254 INFO [main] org.apache.catalina.startup.VersionLoggerListener.log Arquitectura:                      amd64
01-Nov-2024 17:15:53.254 INFO [main] org.apache.catalina.startup.VersionLoggerListener.log Java Home:                         C:\Program Files\Java\jdk-23
01-Nov-2024 17:15:53.254 INFO [main] org.apache.catalina.startup.VersionLoggerListener.log JVM Version:                       23+37-2369
01-Nov-2024 17:15:53.254 INFO [main] org.apache.catalina.startup.VersionLoggerListener.log Vededor JVM:                       Oracle Corporation
01-Nov-2024 17:15:53.254 INFO [main] org.apache.catalina.startup.VersionLoggerListener.log CATALINA_BASE:                     C:\Users\CHAMORRO\OneDrive\Imágenes\programacion sebas\apache-tomcat-9.0.96
01-Nov-2024 17:15:53.254 INFO [main] org.apache.catalina.startup.VersionLoggerListener.log CATALINA_HOME:                     C:\Users\CHAMORRO\OneDrive\Imágenes\programacion sebas\apache-tomcat-9.0.96
01-Nov-2024 17:15:53.262 INFO [main] org.apache.catalina.startup.VersionLoggerListener.log Command line argument:             --add-opens=java.base/java.lang=ALL-UNNAMED
01-Nov-2024 17:15:53.262 INFO [main] org.apache.catalina.startup.VersionLoggerListener.log Command line argument:             --add-opens=java.base/java.io=ALL-UNNAMED
01-Nov-2024 17:15:53.263 INFO [main] org.apache.catalina.startup.VersionLoggerListener.log Command line argument:             --add-opens=java.base/java.util=ALL-UNNAMED
01-Nov-2024 17:15:53.263 INFO [main] org.apache.catalina.startup.VersionLoggerListener.log Command line argument:             --add-opens=java.base/java.util.concurrent=ALL-UNNAMED
01-Nov-2024 17:15:53.263 INFO [main] org.apache.catalina.startup.VersionLoggerListener.log Command line argument:             --add-opens=java.rmi/sun.rmi.transport=ALL-UNNAMED
01-Nov-2024 17:15:53.264 INFO [main] org.apache.catalina.startup.VersionLoggerListener.log Command line argument:             -Djava.util.logging.config.file=C:\Users\CHAMORRO\OneDrive\Imágenes\programacion sebas\apache-tomcat-9.0.96\conf\logging.properties
01-Nov-2024 17:15:53.264 INFO [main] org.apache.catalina.startup.VersionLoggerListener.log Command line argument:             -Djava.util.logging.manager=org.apache.juli.ClassLoaderLogManager
01-Nov-2024 17:15:53.264 INFO [main] org.apache.catalina.startup.VersionLoggerListener.log Command line argument:             -Djdk.tls.ephemeralDHKeySize=2048
01-Nov-2024 17:15:53.265 INFO [main] org.apache.catalina.startup.VersionLoggerListener.log Command line argument:             -Djava.protocol.handler.pkgs=org.apache.catalina.webresources
01-Nov-2024 17:15:53.265 INFO [main] org.apache.catalina.startup.VersionLoggerListener.log Command line argument:             -Dignore.endorsed.dirs=
01-Nov-2024 17:15:53.265 INFO [main] org.apache.catalina.startup.VersionLoggerListener.log Command line argument:             -Dcatalina.base=C:\Users\CHAMORRO\OneDrive\Imágenes\programacion sebas\apache-tomcat-9.0.96
01-Nov-2024 17:15:53.266 INFO [main] org.apache.catalina.startup.VersionLoggerListener.log Command line argument:             -Dcatalina.home=C:\Users\CHAMORRO\OneDrive\Imágenes\programacion sebas\apache-tomcat-9.0.96
01-Nov-2024 17:15:53.268 INFO [main] org.apache.catalina.startup.VersionLoggerListener.log Command line argument:             -Djava.io.tmpdir=C:\Users\CHAMORRO\OneDrive\Imágenes\programacion sebas\apache-tomcat-9.0.96\temp
01-Nov-2024 17:15:53.272 INFO [main] org.apache.catalina.core.AprLifecycleListener.lifecycleEvent Cargada la biblioteca nativa APR de Apache Tomcat [1.3.1] con la versión APR [1.7.4].
01-Nov-2024 17:15:53.272 INFO [main] org.apache.catalina.core.AprLifecycleListener.lifecycleEvent Capacidades APR: IPv6 [true], enviar fichero [true], aceptar filtros [false], aleatorio [true], UDS [true].
01-Nov-2024 17:15:53.272 INFO [main] org.apache.catalina.core.AprLifecycleListener.lifecycleEvent APR/OpenSSL configuration: useAprConnector [false], useOpenSSL [true]
01-Nov-2024 17:15:53.279 INFO [main] org.apache.catalina.core.AprLifecycleListener.initializeSSL OpenSSL inicializado correctamente [OpenSSL 3.0.14 4 Jun 2024]
01-Nov-2024 17:15:53.624 INFO [main] org.apache.coyote.AbstractProtocol.init Inicializando el manejador de protocolo ["http-nio-8080"]

01-Nov-2024 17:15:53.651 INFO [main] org.apache.catalina.startup.Catalina.load Server initialization in [647] milliseconds
01-Nov-2024 17:15:53.675 WARNING [main] java.util.ArrayList.forEach Name = PgDB Property maxActive is not used in DBCP2, use maxTotal instead. maxTotal default value is 8. You have set value of "100" for "maxActive" property, which is being ignored.
01-Nov-2024 17:15:53.675 WARNING [main] java.util.ArrayList.forEach Name = PgDB Property maxWait is not used in DBCP2 , use maxWaitMillis instead. maxWaitMillis default value is PT-0.001S. You have set value of "10000" for "maxWait" property, which is being ignored.
01-Nov-2024 17:15:53.677 INFO [main] java.util.ArrayList.forEach Name = PgDB Ignoring unknown property: value of "jdbc/PgDB" for "global" property
01-Nov-2024 17:15:53.736 INFO [main] org.apache.catalina.core.StandardService.startInternal Arrancando servicio [Catalina]
01-Nov-2024 17:15:53.737 INFO [main] org.apache.catalina.core.StandardEngine.startInternal Starting Servlet engine: [Apache Tomcat/9.0.96]
01-Nov-2024 17:15:53.758 INFO [main] org.apache.catalina.startup.HostConfig.deployWAR Despliegue del archivo [C:\Users\CHAMORRO\OneDrive\Imágenes\programacion sebas\apache-tomcat-9.0.96\webapps\ejemploweb.war] de la aplicación web
01-Nov-2024 17:15:55.519 INFO [main] org.apache.jasper.servlet.TldScanner.scanJars Al menos un JAR, que se ha explorado buscando TLDs, aún no contenía TLDs. Activar historial de depuración para este historiador para una completa lista de los JARs que fueron explorados y de los que nos se halló TLDs. Saltarse JARs no necesarios durante la exploración puede dar lugar a una mejora de tiempo significativa en el arranque y compilación de JSP .
01-Nov-2024 17:15:56.795 INFO [main] org.apache.catalina.startup.HostConfig.deployWAR Deployment of web application archive [C:\Users\CHAMORRO\OneDrive\Imágenes\programacion sebas\apache-tomcat-9.0.96\webapps\ejemploweb.war] has finished in [3.036] ms
01-Nov-2024 17:15:56.797 INFO [main] org.apache.catalina.startup.HostConfig.deployWAR Despliegue del archivo [C:\Users\CHAMORRO\OneDrive\Imágenes\programacion sebas\apache-tomcat-9.0.96\webapps\EvaluacionGrupal1.war] de la aplicación web
01-Nov-2024 17:15:58.151 INFO [main] org.apache.jasper.servlet.TldScanner.scanJars Al menos un JAR, que se ha explorado buscando TLDs, aún no contenía TLDs. Activar historial de depuración para este historiador para una completa lista de los JARs que fueron explorados y de los que nos se halló TLDs. Saltarse JARs no necesarios durante la exploración puede dar lugar a una mejora de tiempo significativa en el arranque y compilación de JSP .
01-Nov-2024 17:15:59.234 INFO [main] org.apache.catalina.startup.HostConfig.deployWAR Deployment of web application archive [C:\Users\CHAMORRO\OneDrive\Imágenes\programacion sebas\apache-tomcat-9.0.96\webapps\EvaluacionGrupal1.war] has finished in [2.437] ms
01-Nov-2024 17:15:59.236 INFO [main] org.apache.catalina.startup.HostConfig.deployWAR Despliegue del archivo [C:\Users\CHAMORRO\OneDrive\Imágenes\programacion sebas\apache-tomcat-9.0.96\webapps\inventario.war] de la aplicación web
01-Nov-2024 17:16:00.557 INFO [main] org.apache.jasper.servlet.TldScanner.scanJars Al menos un JAR, que se ha explorado buscando TLDs, aún no contenía TLDs. Activar historial de depuración para este historiador para una completa lista de los JARs que fueron explorados y de los que nos se halló TLDs. Saltarse JARs no necesarios durante la exploración puede dar lugar a una mejora de tiempo significativa en el arranque y compilación de JSP .
01-Nov-2024 17:16:01.722 INFO [main] org.apache.catalina.startup.HostConfig.deployWAR Deployment of web application archive [C:\Users\CHAMORRO\OneDrive\Imágenes\programacion sebas\apache-tomcat-9.0.96\webapps\inventario.war] has finished in [2.486] ms
01-Nov-2024 17:16:01.723 INFO [main] org.apache.catalina.startup.HostConfig.deployDirectory Desplegando el directorio [C:\Users\CHAMORRO\OneDrive\Imágenes\programacion sebas\apache-tomcat-9.0.96\webapps\docs] de la aplicación web
01-Nov-2024 17:16:01.895 INFO [main] org.apache.jasper.servlet.TldScanner.scanJars Al menos un JAR, que se ha explorado buscando TLDs, aún no contenía TLDs. Activar historial de depuración para este historiador para una completa lista de los JARs que fueron explorados y de los que nos se halló TLDs. Saltarse JARs no necesarios durante la exploración puede dar lugar a una mejora de tiempo significativa en el arranque y compilación de JSP .
01-Nov-2024 17:16:01.898 INFO [main] org.apache.catalina.startup.HostConfig.deployDirectory Deployment of web application directory [C:\Users\CHAMORRO\OneDrive\Imágenes\programacion sebas\apache-tomcat-9.0.96\webapps\docs] has finished in [175] ms
01-Nov-2024 17:16:01.899 INFO [main] org.apache.catalina.startup.HostConfig.deployDirectory Desplegando el directorio [C:\Users\CHAMORRO\OneDrive\Imágenes\programacion sebas\apache-tomcat-9.0.96\webapps\examples] de la aplicación web
01-Nov-2024 17:16:02.462 INFO [main] org.apache.jasper.servlet.TldScanner.scanJars Al menos un JAR, que se ha explorado buscando TLDs, aún no contenía TLDs. Activar historial de depuración para este historiador para una completa lista de los JARs que fueron explorados y de los que nos se halló TLDs. Saltarse JARs no necesarios durante la exploración puede dar lugar a una mejora de tiempo significativa en el arranque y compilación de JSP .
01-Nov-2024 17:16:02.543 INFO [main] org.apache.catalina.startup.HostConfig.deployDirectory Deployment of web application directory [C:\Users\CHAMORRO\OneDrive\Imágenes\programacion sebas\apache-tomcat-9.0.96\webapps\examples] has finished in [643] ms
01-Nov-2024 17:16:02.543 INFO [main] org.apache.catalina.startup.HostConfig.deployDirectory Desplegando el directorio [C:\Users\CHAMORRO\OneDrive\Imágenes\programacion sebas\apache-tomcat-9.0.96\webapps\host-manager] de la aplicación web
01-Nov-2024 17:16:02.719 INFO [main] org.apache.jasper.servlet.TldScanner.scanJars Al menos un JAR, que se ha explorado buscando TLDs, aún no contenía TLDs. Activar historial de depuración para este historiador para una completa lista de los JARs que fueron explorados y de los que nos se halló TLDs. Saltarse JARs no necesarios durante la exploración puede dar lugar a una mejora de tiempo significativa en el arranque y compilación de JSP .
01-Nov-2024 17:16:02.727 INFO [main] org.apache.catalina.startup.HostConfig.deployDirectory Deployment of web application directory [C:\Users\CHAMORRO\OneDrive\Imágenes\programacion sebas\apache-tomcat-9.0.96\webapps\host-manager] has finished in [184] ms
01-Nov-2024 17:16:02.728 INFO [main] org.apache.catalina.startup.HostConfig.deployDirectory Desplegando el directorio [C:\Users\CHAMORRO\OneDrive\Imágenes\programacion sebas\apache-tomcat-9.0.96\webapps\manager] de la aplicación web
01-Nov-2024 17:16:02.900 INFO [main] org.apache.jasper.servlet.TldScanner.scanJars Al menos un JAR, que se ha explorado buscando TLDs, aún no contenía TLDs. Activar historial de depuración para este historiador para una completa lista de los JARs que fueron explorados y de los que nos se halló TLDs. Saltarse JARs no necesarios durante la exploración puede dar lugar a una mejora de tiempo significativa en el arranque y compilación de JSP .
01-Nov-2024 17:16:02.905 INFO [main] org.apache.catalina.startup.HostConfig.deployDirectory Deployment of web application directory [C:\Users\CHAMORRO\OneDrive\Imágenes\programacion sebas\apache-tomcat-9.0.96\webapps\manager] has finished in [176] ms
01-Nov-2024 17:16:02.905 INFO [main] org.apache.catalina.startup.HostConfig.deployDirectory Desplegando el directorio [C:\Users\CHAMORRO\OneDrive\Imágenes\programacion sebas\apache-tomcat-9.0.96\webapps\ROOT] de la aplicación web
01-Nov-2024 17:16:03.066 INFO [main] org.apache.jasper.servlet.TldScanner.scanJars Al menos un JAR, que se ha explorado buscando TLDs, aún no contenía TLDs. Activar historial de depuración para este historiador para una completa lista de los JARs que fueron explorados y de los que nos se halló TLDs. Saltarse JARs no necesarios durante la exploración puede dar lugar a una mejora de tiempo significativa en el arranque y compilación de JSP .
01-Nov-2024 17:16:03.070 INFO [main] org.apache.catalina.startup.HostConfig.deployDirectory Deployment of web application directory [C:\Users\CHAMORRO\OneDrive\Imágenes\programacion sebas\apache-tomcat-9.0.96\webapps\ROOT] has finished in [165] ms
01-Nov-2024 17:16:03.075 INFO [main] org.apache.coyote.AbstractProtocol.start Starting ProtocolHandler ["http-nio-8080"]
01-Nov-2024 17:16:03.098 INFO [main] org.apache.catalina.startup.Catalina.start Server startup in [9445] milliseconds
01-Nov-2024 17:19:43.375 INFO [Catalina-utility-1] org.apache.catalina.startup.HostConfig.undeploy Repliegue (undeploy) de la aplicación web que tiene como trayectoria de contexto []
01-Nov-2024 17:19:57.651 INFO [main] org.apache.catalina.startup.VersionLoggerListener.log Nombre de la versión del servidor: Apache Tomcat/9.0.96
01-Nov-2024 17:19:57.656 INFO [main] org.apache.catalina.startup.VersionLoggerListener.log Server built:                      Oct 3 2024 19:44:30 UTC
01-Nov-2024 17:19:57.656 INFO [main] org.apache.catalina.startup.VersionLoggerListener.log Número de versión de servidor:     9.0.96.0
01-Nov-2024 17:19:57.657 INFO [main] org.apache.catalina.startup.VersionLoggerListener.log OS Name:                           Windows 10
01-Nov-2024 17:19:57.657 INFO [main] org.apache.catalina.startup.VersionLoggerListener.log Versión de Systema Operativo:      10.0
01-Nov-2024 17:19:57.657 INFO [main] org.apache.catalina.startup.VersionLoggerListener.log Arquitectura:                      amd64
01-Nov-2024 17:19:57.657 INFO [main] org.apache.catalina.startup.VersionLoggerListener.log Java Home:                         C:\Program Files\Java\jdk-23
01-Nov-2024 17:19:57.657 INFO [main] org.apache.catalina.startup.VersionLoggerListener.log JVM Version:                       23+37-2369
01-Nov-2024 17:19:57.658 INFO [main] org.apache.catalina.startup.VersionLoggerListener.log Vededor JVM:                       Oracle Corporation
01-Nov-2024 17:19:57.659 INFO [main] org.apache.catalina.startup.VersionLoggerListener.log CATALINA_BASE:                     C:\Users\CHAMORRO\OneDrive\Imágenes\programacion sebas\apache-tomcat-9.0.96
01-Nov-2024 17:19:57.659 INFO [main] org.apache.catalina.startup.VersionLoggerListener.log CATALINA_HOME:                     C:\Users\CHAMORRO\OneDrive\Imágenes\programacion sebas\apache-tomcat-9.0.96
01-Nov-2024 17:19:57.667 INFO [main] org.apache.catalina.startup.VersionLoggerListener.log Command line argument:             --add-opens=java.base/java.lang=ALL-UNNAMED
01-Nov-2024 17:19:57.667 INFO [main] org.apache.catalina.startup.VersionLoggerListener.log Command line argument:             --add-opens=java.base/java.io=ALL-UNNAMED
01-Nov-2024 17:19:57.668 INFO [main] org.apache.catalina.startup.VersionLoggerListener.log Command line argument:             --add-opens=java.base/java.util=ALL-UNNAMED
01-Nov-2024 17:19:57.668 INFO [main] org.apache.catalina.startup.VersionLoggerListener.log Command line argument:             --add-opens=java.base/java.util.concurrent=ALL-UNNAMED
01-Nov-2024 17:19:57.669 INFO [main] org.apache.catalina.startup.VersionLoggerListener.log Command line argument:             --add-opens=java.rmi/sun.rmi.transport=ALL-UNNAMED
01-Nov-2024 17:19:57.669 INFO [main] org.apache.catalina.startup.VersionLoggerListener.log Command line argument:             -Djava.util.logging.config.file=C:\Users\CHAMORRO\OneDrive\Imágenes\programacion sebas\apache-tomcat-9.0.96\conf\logging.properties
01-Nov-2024 17:19:57.670 INFO [main] org.apache.catalina.startup.VersionLoggerListener.log Command line argument:             -Djava.util.logging.manager=org.apache.juli.ClassLoaderLogManager
01-Nov-2024 17:19:57.670 INFO [main] org.apache.catalina.startup.VersionLoggerListener.log Command line argument:             -Djdk.tls.ephemeralDHKeySize=2048
01-Nov-2024 17:19:57.671 INFO [main] org.apache.catalina.startup.VersionLoggerListener.log Command line argument:             -Djava.protocol.handler.pkgs=org.apache.catalina.webresources
01-Nov-2024 17:19:57.672 INFO [main] org.apache.catalina.startup.VersionLoggerListener.log Command line argument:             -Dignore.endorsed.dirs=
01-Nov-2024 17:19:57.672 INFO [main] org.apache.catalina.startup.VersionLoggerListener.log Command line argument:             -Dcatalina.base=C:\Users\CHAMORRO\OneDrive\Imágenes\programacion sebas\apache-tomcat-9.0.96
01-Nov-2024 17:19:57.672 INFO [main] org.apache.catalina.startup.VersionLoggerListener.log Command line argument:             -Dcatalina.home=C:\Users\CHAMORRO\OneDrive\Imágenes\programacion sebas\apache-tomcat-9.0.96
01-Nov-2024 17:19:57.673 INFO [main] org.apache.catalina.startup.VersionLoggerListener.log Command line argument:             -Djava.io.tmpdir=C:\Users\CHAMORRO\OneDrive\Imágenes\programacion sebas\apache-tomcat-9.0.96\temp
01-Nov-2024 17:19:57.678 INFO [main] org.apache.catalina.core.AprLifecycleListener.lifecycleEvent Cargada la biblioteca nativa APR de Apache Tomcat [1.3.1] con la versión APR [1.7.4].
01-Nov-2024 17:19:57.678 INFO [main] org.apache.catalina.core.AprLifecycleListener.lifecycleEvent Capacidades APR: IPv6 [true], enviar fichero [true], aceptar filtros [false], aleatorio [true], UDS [true].
01-Nov-2024 17:19:57.678 INFO [main] org.apache.catalina.core.AprLifecycleListener.lifecycleEvent APR/OpenSSL configuration: useAprConnector [false], useOpenSSL [true]
01-Nov-2024 17:19:57.685 INFO [main] org.apache.catalina.core.AprLifecycleListener.initializeSSL OpenSSL inicializado correctamente [OpenSSL 3.0.14 4 Jun 2024]
01-Nov-2024 17:19:58.092 INFO [main] org.apache.coyote.AbstractProtocol.init Inicializando el manejador de protocolo ["http-nio-8080"]

01-Nov-2024 17:19:58.128 INFO [main] org.apache.catalina.startup.Catalina.load Server initialization in [760] milliseconds
01-Nov-2024 17:19:58.156 WARNING [main] java.util.ArrayList.forEach Name = PgDB Property maxActive is not used in DBCP2, use maxTotal instead. maxTotal default value is 8. You have set value of "100" for "maxActive" property, which is being ignored.
01-Nov-2024 17:19:58.157 WARNING [main] java.util.ArrayList.forEach Name = PgDB Property maxWait is not used in DBCP2 , use maxWaitMillis instead. maxWaitMillis default value is PT-0.001S. You have set value of "10000" for "maxWait" property, which is being ignored.
01-Nov-2024 17:19:58.158 INFO [main] java.util.ArrayList.forEach Name = PgDB Ignoring unknown property: value of "jdbc/PgDB" for "global" property
01-Nov-2024 17:19:58.223 INFO [main] org.apache.catalina.core.StandardService.startInternal Arrancando servicio [Catalina]
01-Nov-2024 17:19:58.224 INFO [main] org.apache.catalina.core.StandardEngine.startInternal Starting Servlet engine: [Apache Tomcat/9.0.96]
01-Nov-2024 17:19:58.247 INFO [main] org.apache.catalina.startup.HostConfig.deployWAR Despliegue del archivo [C:\Users\CHAMORRO\OneDrive\Imágenes\programacion sebas\apache-tomcat-9.0.96\webapps\ejemploweb.war] de la aplicación web
01-Nov-2024 17:20:00.176 INFO [main] org.apache.jasper.servlet.TldScanner.scanJars Al menos un JAR, que se ha explorado buscando TLDs, aún no contenía TLDs. Activar historial de depuración para este historiador para una completa lista de los JARs que fueron explorados y de los que nos se halló TLDs. Saltarse JARs no necesarios durante la exploración puede dar lugar a una mejora de tiempo significativa en el arranque y compilación de JSP .
01-Nov-2024 17:20:01.816 INFO [main] org.apache.catalina.startup.HostConfig.deployWAR Deployment of web application archive [C:\Users\CHAMORRO\OneDrive\Imágenes\programacion sebas\apache-tomcat-9.0.96\webapps\ejemploweb.war] has finished in [3.569] ms
01-Nov-2024 17:20:01.819 INFO [main] org.apache.catalina.startup.HostConfig.deployWAR Despliegue del archivo [C:\Users\CHAMORRO\OneDrive\Imágenes\programacion sebas\apache-tomcat-9.0.96\webapps\EvaluacionGrupal1.war] de la aplicación web
01-Nov-2024 17:20:03.218 INFO [main] org.apache.jasper.servlet.TldScanner.scanJars Al menos un JAR, que se ha explorado buscando TLDs, aún no contenía TLDs. Activar historial de depuración para este historiador para una completa lista de los JARs que fueron explorados y de los que nos se halló TLDs. Saltarse JARs no necesarios durante la exploración puede dar lugar a una mejora de tiempo significativa en el arranque y compilación de JSP .
01-Nov-2024 17:20:04.371 INFO [main] org.apache.catalina.startup.HostConfig.deployWAR Deployment of web application archive [C:\Users\CHAMORRO\OneDrive\Imágenes\programacion sebas\apache-tomcat-9.0.96\webapps\EvaluacionGrupal1.war] has finished in [2.552] ms
01-Nov-2024 17:20:04.373 INFO [main] org.apache.catalina.startup.HostConfig.deployWAR Despliegue del archivo [C:\Users\CHAMORRO\OneDrive\Imágenes\programacion sebas\apache-tomcat-9.0.96\webapps\inventario.war] de la aplicación web
01-Nov-2024 17:20:05.656 INFO [main] org.apache.jasper.servlet.TldScanner.scanJars Al menos un JAR, que se ha explorado buscando TLDs, aún no contenía TLDs. Activar historial de depuración para este historiador para una completa lista de los JARs que fueron explorados y de los que nos se halló TLDs. Saltarse JARs no necesarios durante la exploración puede dar lugar a una mejora de tiempo significativa en el arranque y compilación de JSP .
01-Nov-2024 17:20:06.671 INFO [main] org.apache.catalina.startup.HostConfig.deployWAR Deployment of web application archive [C:\Users\CHAMORRO\OneDrive\Imágenes\programacion sebas\apache-tomcat-9.0.96\webapps\inventario.war] has finished in [2.298] ms
01-Nov-2024 17:20:06.672 INFO [main] org.apache.catalina.startup.HostConfig.deployDirectory Desplegando el directorio [C:\Users\CHAMORRO\OneDrive\Imágenes\programacion sebas\apache-tomcat-9.0.96\webapps\docs] de la aplicación web
01-Nov-2024 17:20:06.839 INFO [main] org.apache.jasper.servlet.TldScanner.scanJars Al menos un JAR, que se ha explorado buscando TLDs, aún no contenía TLDs. Activar historial de depuración para este historiador para una completa lista de los JARs que fueron explorados y de los que nos se halló TLDs. Saltarse JARs no necesarios durante la exploración puede dar lugar a una mejora de tiempo significativa en el arranque y compilación de JSP .
01-Nov-2024 17:20:06.843 INFO [main] org.apache.catalina.startup.HostConfig.deployDirectory Deployment of web application directory [C:\Users\CHAMORRO\OneDrive\Imágenes\programacion sebas\apache-tomcat-9.0.96\webapps\docs] has finished in [171] ms
01-Nov-2024 17:20:06.844 INFO [main] org.apache.catalina.startup.HostConfig.deployDirectory Desplegando el directorio [C:\Users\CHAMORRO\OneDrive\Imágenes\programacion sebas\apache-tomcat-9.0.96\webapps\examples] de la aplicación web
01-Nov-2024 17:20:07.421 INFO [main] org.apache.jasper.servlet.TldScanner.scanJars Al menos un JAR, que se ha explorado buscando TLDs, aún no contenía TLDs. Activar historial de depuración para este historiador para una completa lista de los JARs que fueron explorados y de los que nos se halló TLDs. Saltarse JARs no necesarios durante la exploración puede dar lugar a una mejora de tiempo significativa en el arranque y compilación de JSP .
01-Nov-2024 17:20:07.493 INFO [main] org.apache.catalina.startup.HostConfig.deployDirectory Deployment of web application directory [C:\Users\CHAMORRO\OneDrive\Imágenes\programacion sebas\apache-tomcat-9.0.96\webapps\examples] has finished in [649] ms
01-Nov-2024 17:20:07.493 INFO [main] org.apache.catalina.startup.HostConfig.deployDirectory Desplegando el directorio [C:\Users\CHAMORRO\OneDrive\Imágenes\programacion sebas\apache-tomcat-9.0.96\webapps\host-manager] de la aplicación web
01-Nov-2024 17:20:07.669 INFO [main] org.apache.jasper.servlet.TldScanner.scanJars Al menos un JAR, que se ha explorado buscando TLDs, aún no contenía TLDs. Activar historial de depuración para este historiador para una completa lista de los JARs que fueron explorados y de los que nos se halló TLDs. Saltarse JARs no necesarios durante la exploración puede dar lugar a una mejora de tiempo significativa en el arranque y compilación de JSP .
01-Nov-2024 17:20:07.678 INFO [main] org.apache.catalina.startup.HostConfig.deployDirectory Deployment of web application directory [C:\Users\CHAMORRO\OneDrive\Imágenes\programacion sebas\apache-tomcat-9.0.96\webapps\host-manager] has finished in [185] ms
01-Nov-2024 17:20:07.678 INFO [main] org.apache.catalina.startup.HostConfig.deployDirectory Desplegando el directorio [C:\Users\CHAMORRO\OneDrive\Imágenes\programacion sebas\apache-tomcat-9.0.96\webapps\manager] de la aplicación web
01-Nov-2024 17:20:07.849 INFO [main] org.apache.jasper.servlet.TldScanner.scanJars Al menos un JAR, que se ha explorado buscando TLDs, aún no contenía TLDs. Activar historial de depuración para este historiador para una completa lista de los JARs que fueron explorados y de los que nos se halló TLDs. Saltarse JARs no necesarios durante la exploración puede dar lugar a una mejora de tiempo significativa en el arranque y compilación de JSP .
01-Nov-2024 17:20:07.854 INFO [main] org.apache.catalina.startup.HostConfig.deployDirectory Deployment of web application directory [C:\Users\CHAMORRO\OneDrive\Imágenes\programacion sebas\apache-tomcat-9.0.96\webapps\manager] has finished in [176] ms
01-Nov-2024 17:20:07.854 INFO [main] org.apache.catalina.startup.HostConfig.deployDirectory Desplegando el directorio [C:\Users\CHAMORRO\OneDrive\Imágenes\programacion sebas\apache-tomcat-9.0.96\webapps\ROOT] de la aplicación web
01-Nov-2024 17:20:08.015 INFO [main] org.apache.jasper.servlet.TldScanner.scanJars Al menos un JAR, que se ha explorado buscando TLDs, aún no contenía TLDs. Activar historial de depuración para este historiador para una completa lista de los JARs que fueron explorados y de los que nos se halló TLDs. Saltarse JARs no necesarios durante la exploración puede dar lugar a una mejora de tiempo significativa en el arranque y compilación de JSP .
01-Nov-2024 17:20:08.019 INFO [main] org.apache.catalina.startup.HostConfig.deployDirectory Deployment of web application directory [C:\Users\CHAMORRO\OneDrive\Imágenes\programacion sebas\apache-tomcat-9.0.96\webapps\ROOT] has finished in [165] ms
01-Nov-2024 17:20:08.023 INFO [main] org.apache.coyote.AbstractProtocol.start Starting ProtocolHandler ["http-nio-8080"]
01-Nov-2024 17:20:08.047 INFO [main] org.apache.catalina.startup.Catalina.start Server startup in [9915] milliseconds
01-Nov-2024 17:28:33.152 INFO [main] org.apache.catalina.startup.VersionLoggerListener.log Nombre de la versión del servidor: Apache Tomcat/9.0.96
01-Nov-2024 17:28:33.155 INFO [main] org.apache.catalina.startup.VersionLoggerListener.log Server built:                      Oct 3 2024 19:44:30 UTC
01-Nov-2024 17:28:33.155 INFO [main] org.apache.catalina.startup.VersionLoggerListener.log Número de versión de servidor:     9.0.96.0
01-Nov-2024 17:28:33.156 INFO [main] org.apache.catalina.startup.VersionLoggerListener.log OS Name:                           Windows 10
01-Nov-2024 17:28:33.156 INFO [main] org.apache.catalina.startup.VersionLoggerListener.log Versión de Systema Operativo:      10.0
01-Nov-2024 17:28:33.156 INFO [main] org.apache.catalina.startup.VersionLoggerListener.log Arquitectura:                      amd64
01-Nov-2024 17:28:33.157 INFO [main] org.apache.catalina.startup.VersionLoggerListener.log Java Home:                         C:\Program Files\Java\jdk-23
01-Nov-2024 17:28:33.157 INFO [main] org.apache.catalina.startup.VersionLoggerListener.log JVM Version:                       23+37-2369
01-Nov-2024 17:28:33.157 INFO [main] org.apache.catalina.startup.VersionLoggerListener.log Vededor JVM:                       Oracle Corporation
01-Nov-2024 17:28:33.157 INFO [main] org.apache.catalina.startup.VersionLoggerListener.log CATALINA_BASE:                     C:\Users\CHAMORRO\OneDrive\Imágenes\programacion sebas\apache-tomcat-9.0.96
01-Nov-2024 17:28:33.157 INFO [main] org.apache.catalina.startup.VersionLoggerListener.log CATALINA_HOME:                     C:\Users\CHAMORRO\OneDrive\Imágenes\programacion sebas\apache-tomcat-9.0.96
01-Nov-2024 17:28:33.165 INFO [main] org.apache.catalina.startup.VersionLoggerListener.log Command line argument:             --add-opens=java.base/java.lang=ALL-UNNAMED
01-Nov-2024 17:28:33.166 INFO [main] org.apache.catalina.startup.VersionLoggerListener.log Command line argument:             --add-opens=java.base/java.io=ALL-UNNAMED
01-Nov-2024 17:28:33.166 INFO [main] org.apache.catalina.startup.VersionLoggerListener.log Command line argument:             --add-opens=java.base/java.util=ALL-UNNAMED
01-Nov-2024 17:28:33.166 INFO [main] org.apache.catalina.startup.VersionLoggerListener.log Command line argument:             --add-opens=java.base/java.util.concurrent=ALL-UNNAMED
01-Nov-2024 17:28:33.167 INFO [main] org.apache.catalina.startup.VersionLoggerListener.log Command line argument:             --add-opens=java.rmi/sun.rmi.transport=ALL-UNNAMED
01-Nov-2024 17:28:33.167 INFO [main] org.apache.catalina.startup.VersionLoggerListener.log Command line argument:             -Djava.util.logging.config.file=C:\Users\CHAMORRO\OneDrive\Imágenes\programacion sebas\apache-tomcat-9.0.96\conf\logging.properties
01-Nov-2024 17:28:33.167 INFO [main] org.apache.catalina.startup.VersionLoggerListener.log Command line argument:             -Djava.util.logging.manager=org.apache.juli.ClassLoaderLogManager
01-Nov-2024 17:28:33.168 INFO [main] org.apache.catalina.startup.VersionLoggerListener.log Command line argument:             -Djdk.tls.ephemeralDHKeySize=2048
01-Nov-2024 17:28:33.168 INFO [main] org.apache.catalina.startup.VersionLoggerListener.log Command line argument:             -Djava.protocol.handler.pkgs=org.apache.catalina.webresources
01-Nov-2024 17:28:33.168 INFO [main] org.apache.catalina.startup.VersionLoggerListener.log Command line argument:             -Dignore.endorsed.dirs=
01-Nov-2024 17:28:33.169 INFO [main] org.apache.catalina.startup.VersionLoggerListener.log Command line argument:             -Dcatalina.base=C:\Users\CHAMORRO\OneDrive\Imágenes\programacion sebas\apache-tomcat-9.0.96
01-Nov-2024 17:28:33.169 INFO [main] org.apache.catalina.startup.VersionLoggerListener.log Command line argument:             -Dcatalina.home=C:\Users\CHAMORRO\OneDrive\Imágenes\programacion sebas\apache-tomcat-9.0.96
01-Nov-2024 17:28:33.169 INFO [main] org.apache.catalina.startup.VersionLoggerListener.log Command line argument:             -Djava.io.tmpdir=C:\Users\CHAMORRO\OneDrive\Imágenes\programacion sebas\apache-tomcat-9.0.96\temp
01-Nov-2024 17:28:33.174 INFO [main] org.apache.catalina.core.AprLifecycleListener.lifecycleEvent Cargada la biblioteca nativa APR de Apache Tomcat [1.3.1] con la versión APR [1.7.4].
01-Nov-2024 17:28:33.175 INFO [main] org.apache.catalina.core.AprLifecycleListener.lifecycleEvent Capacidades APR: IPv6 [true], enviar fichero [true], aceptar filtros [false], aleatorio [true], UDS [true].
01-Nov-2024 17:28:33.176 INFO [main] org.apache.catalina.core.AprLifecycleListener.lifecycleEvent APR/OpenSSL configuration: useAprConnector [false], useOpenSSL [true]
01-Nov-2024 17:28:33.182 INFO [main] org.apache.catalina.core.AprLifecycleListener.initializeSSL OpenSSL inicializado correctamente [OpenSSL 3.0.14 4 Jun 2024]
01-Nov-2024 17:28:33.547 INFO [main] org.apache.coyote.AbstractProtocol.init Inicializando el manejador de protocolo ["http-nio-8080"]

01-Nov-2024 17:28:33.575 INFO [main] org.apache.catalina.startup.Catalina.load Server initialization in [663] milliseconds
01-Nov-2024 17:28:33.601 WARNING [main] java.util.ArrayList.forEach Name = PgDB Property maxActive is not used in DBCP2, use maxTotal instead. maxTotal default value is 8. You have set value of "100" for "maxActive" property, which is being ignored.
01-Nov-2024 17:28:33.602 WARNING [main] java.util.ArrayList.forEach Name = PgDB Property maxWait is not used in DBCP2 , use maxWaitMillis instead. maxWaitMillis default value is PT-0.001S. You have set value of "10000" for "maxWait" property, which is being ignored.
01-Nov-2024 17:28:33.603 INFO [main] java.util.ArrayList.forEach Name = PgDB Ignoring unknown property: value of "jdbc/PgDB" for "global" property
01-Nov-2024 17:28:33.666 INFO [main] org.apache.catalina.core.StandardService.startInternal Arrancando servicio [Catalina]
01-Nov-2024 17:28:33.666 INFO [main] org.apache.catalina.core.StandardEngine.startInternal Starting Servlet engine: [Apache Tomcat/9.0.96]
01-Nov-2024 17:28:33.687 INFO [main] org.apache.catalina.startup.HostConfig.deployWAR Despliegue del archivo [C:\Users\CHAMORRO\OneDrive\Imágenes\programacion sebas\apache-tomcat-9.0.96\webapps\ejemploweb.war] de la aplicación web
01-Nov-2024 17:28:35.615 INFO [main] org.apache.jasper.servlet.TldScanner.scanJars Al menos un JAR, que se ha explorado buscando TLDs, aún no contenía TLDs. Activar historial de depuración para este historiador para una completa lista de los JARs que fueron explorados y de los que nos se halló TLDs. Saltarse JARs no necesarios durante la exploración puede dar lugar a una mejora de tiempo significativa en el arranque y compilación de JSP .
01-Nov-2024 17:28:37.045 INFO [main] org.apache.catalina.startup.HostConfig.deployWAR Deployment of web application archive [C:\Users\CHAMORRO\OneDrive\Imágenes\programacion sebas\apache-tomcat-9.0.96\webapps\ejemploweb.war] has finished in [3.357] ms
01-Nov-2024 17:28:37.049 INFO [main] org.apache.catalina.startup.HostConfig.deployWAR Despliegue del archivo [C:\Users\CHAMORRO\OneDrive\Imágenes\programacion sebas\apache-tomcat-9.0.96\webapps\EvaluacionGrupal1.war] de la aplicación web
01-Nov-2024 17:28:38.421 INFO [main] org.apache.jasper.servlet.TldScanner.scanJars Al menos un JAR, que se ha explorado buscando TLDs, aún no contenía TLDs. Activar historial de depuración para este historiador para una completa lista de los JARs que fueron explorados y de los que nos se halló TLDs. Saltarse JARs no necesarios durante la exploración puede dar lugar a una mejora de tiempo significativa en el arranque y compilación de JSP .
01-Nov-2024 17:28:39.535 INFO [main] org.apache.catalina.startup.HostConfig.deployWAR Deployment of web application archive [C:\Users\CHAMORRO\OneDrive\Imágenes\programacion sebas\apache-tomcat-9.0.96\webapps\EvaluacionGrupal1.war] has finished in [2.485] ms
01-Nov-2024 17:28:39.538 INFO [main] org.apache.catalina.startup.HostConfig.deployWAR Despliegue del archivo [C:\Users\CHAMORRO\OneDrive\Imágenes\programacion sebas\apache-tomcat-9.0.96\webapps\inventario.war] de la aplicación web
01-Nov-2024 17:28:40.937 INFO [main] org.apache.jasper.servlet.TldScanner.scanJars Al menos un JAR, que se ha explorado buscando TLDs, aún no contenía TLDs. Activar historial de depuración para este historiador para una completa lista de los JARs que fueron explorados y de los que nos se halló TLDs. Saltarse JARs no necesarios durante la exploración puede dar lugar a una mejora de tiempo significativa en el arranque y compilación de JSP .
01-Nov-2024 17:28:42.042 INFO [main] org.apache.catalina.startup.HostConfig.deployWAR Deployment of web application archive [C:\Users\CHAMORRO\OneDrive\Imágenes\programacion sebas\apache-tomcat-9.0.96\webapps\inventario.war] has finished in [2.503] ms
01-Nov-2024 17:28:42.043 INFO [main] org.apache.catalina.startup.HostConfig.deployDirectory Desplegando el directorio [C:\Users\CHAMORRO\OneDrive\Imágenes\programacion sebas\apache-tomcat-9.0.96\webapps\docs] de la aplicación web
01-Nov-2024 17:28:42.231 INFO [main] org.apache.jasper.servlet.TldScanner.scanJars Al menos un JAR, que se ha explorado buscando TLDs, aún no contenía TLDs. Activar historial de depuración para este historiador para una completa lista de los JARs que fueron explorados y de los que nos se halló TLDs. Saltarse JARs no necesarios durante la exploración puede dar lugar a una mejora de tiempo significativa en el arranque y compilación de JSP .
01-Nov-2024 17:28:42.287 INFO [main] org.apache.catalina.startup.HostConfig.deployDirectory Deployment of web application directory [C:\Users\CHAMORRO\OneDrive\Imágenes\programacion sebas\apache-tomcat-9.0.96\webapps\docs] has finished in [244] ms
01-Nov-2024 17:28:42.288 INFO [main] org.apache.catalina.startup.HostConfig.deployDirectory Desplegando el directorio [C:\Users\CHAMORRO\OneDrive\Imágenes\programacion sebas\apache-tomcat-9.0.96\webapps\examples] de la aplicación web
01-Nov-2024 17:28:42.936 INFO [main] org.apache.jasper.servlet.TldScanner.scanJars Al menos un JAR, que se ha explorado buscando TLDs, aún no contenía TLDs. Activar historial de depuración para este historiador para una completa lista de los JARs que fueron explorados y de los que nos se halló TLDs. Saltarse JARs no necesarios durante la exploración puede dar lugar a una mejora de tiempo significativa en el arranque y compilación de JSP .
01-Nov-2024 17:28:43.014 INFO [main] org.apache.catalina.startup.HostConfig.deployDirectory Deployment of web application directory [C:\Users\CHAMORRO\OneDrive\Imágenes\programacion sebas\apache-tomcat-9.0.96\webapps\examples] has finished in [726] ms
01-Nov-2024 17:28:43.019 INFO [main] org.apache.catalina.startup.HostConfig.deployDirectory Desplegando el directorio [C:\Users\CHAMORRO\OneDrive\Imágenes\programacion sebas\apache-tomcat-9.0.96\webapps\host-manager] de la aplicación web
01-Nov-2024 17:28:43.193 INFO [main] org.apache.jasper.servlet.TldScanner.scanJars Al menos un JAR, que se ha explorado buscando TLDs, aún no contenía TLDs. Activar historial de depuración para este historiador para una completa lista de los JARs que fueron explorados y de los que nos se halló TLDs. Saltarse JARs no necesarios durante la exploración puede dar lugar a una mejora de tiempo significativa en el arranque y compilación de JSP .
01-Nov-2024 17:28:43.202 INFO [main] org.apache.catalina.startup.HostConfig.deployDirectory Deployment of web application directory [C:\Users\CHAMORRO\OneDrive\Imágenes\programacion sebas\apache-tomcat-9.0.96\webapps\host-manager] has finished in [183] ms
01-Nov-2024 17:28:43.203 INFO [main] org.apache.catalina.startup.HostConfig.deployDirectory Desplegando el directorio [C:\Users\CHAMORRO\OneDrive\Imágenes\programacion sebas\apache-tomcat-9.0.96\webapps\manager] de la aplicación web
01-Nov-2024 17:28:43.388 INFO [main] org.apache.jasper.servlet.TldScanner.scanJars Al menos un JAR, que se ha explorado buscando TLDs, aún no contenía TLDs. Activar historial de depuración para este historiador para una completa lista de los JARs que fueron explorados y de los que nos se halló TLDs. Saltarse JARs no necesarios durante la exploración puede dar lugar a una mejora de tiempo significativa en el arranque y compilación de JSP .
01-Nov-2024 17:28:43.393 INFO [main] org.apache.catalina.startup.HostConfig.deployDirectory Deployment of web application directory [C:\Users\CHAMORRO\OneDrive\Imágenes\programacion sebas\apache-tomcat-9.0.96\webapps\manager] has finished in [190] ms
01-Nov-2024 17:28:43.393 INFO [main] org.apache.catalina.startup.HostConfig.deployDirectory Desplegando el directorio [C:\Users\CHAMORRO\OneDrive\Imágenes\programacion sebas\apache-tomcat-9.0.96\webapps\ROOT] de la aplicación web
01-Nov-2024 17:28:43.558 INFO [main] org.apache.jasper.servlet.TldScanner.scanJars Al menos un JAR, que se ha explorado buscando TLDs, aún no contenía TLDs. Activar historial de depuración para este historiador para una completa lista de los JARs que fueron explorados y de los que nos se halló TLDs. Saltarse JARs no necesarios durante la exploración puede dar lugar a una mejora de tiempo significativa en el arranque y compilación de JSP .
01-Nov-2024 17:28:43.562 INFO [main] org.apache.catalina.startup.HostConfig.deployDirectory Deployment of web application directory [C:\Users\CHAMORRO\OneDrive\Imágenes\programacion sebas\apache-tomcat-9.0.96\webapps\ROOT] has finished in [169] ms
01-Nov-2024 17:28:43.567 INFO [main] org.apache.coyote.AbstractProtocol.start Starting ProtocolHandler ["http-nio-8080"]
01-Nov-2024 17:28:43.592 INFO [main] org.apache.catalina.startup.Catalina.start Server startup in [10015] milliseconds
01-Nov-2024 17:31:59.309 INFO [main] org.apache.catalina.startup.VersionLoggerListener.log Nombre de la versión del servidor: Apache Tomcat/9.0.96
01-Nov-2024 17:31:59.313 INFO [main] org.apache.catalina.startup.VersionLoggerListener.log Server built:                      Oct 3 2024 19:44:30 UTC
01-Nov-2024 17:31:59.313 INFO [main] org.apache.catalina.startup.VersionLoggerListener.log Número de versión de servidor:     9.0.96.0
01-Nov-2024 17:31:59.313 INFO [main] org.apache.catalina.startup.VersionLoggerListener.log OS Name:                           Windows 10
01-Nov-2024 17:31:59.313 INFO [main] org.apache.catalina.startup.VersionLoggerListener.log Versión de Systema Operativo:      10.0
01-Nov-2024 17:31:59.314 INFO [main] org.apache.catalina.startup.VersionLoggerListener.log Arquitectura:                      amd64
01-Nov-2024 17:31:59.314 INFO [main] org.apache.catalina.startup.VersionLoggerListener.log Java Home:                         C:\Program Files\Java\jdk-23
01-Nov-2024 17:31:59.314 INFO [main] org.apache.catalina.startup.VersionLoggerListener.log JVM Version:                       23+37-2369
01-Nov-2024 17:31:59.314 INFO [main] org.apache.catalina.startup.VersionLoggerListener.log Vededor JVM:                       Oracle Corporation
01-Nov-2024 17:31:59.314 INFO [main] org.apache.catalina.startup.VersionLoggerListener.log CATALINA_BASE:                     C:\Users\CHAMORRO\OneDrive\Imágenes\programacion sebas\apache-tomcat-9.0.96
01-Nov-2024 17:31:59.314 INFO [main] org.apache.catalina.startup.VersionLoggerListener.log CATALINA_HOME:                     C:\Users\CHAMORRO\OneDrive\Imágenes\programacion sebas\apache-tomcat-9.0.96
01-Nov-2024 17:31:59.323 INFO [main] org.apache.catalina.startup.VersionLoggerListener.log Command line argument:             --add-opens=java.base/java.lang=ALL-UNNAMED
01-Nov-2024 17:31:59.323 INFO [main] org.apache.catalina.startup.VersionLoggerListener.log Command line argument:             --add-opens=java.base/java.io=ALL-UNNAMED
01-Nov-2024 17:31:59.324 INFO [main] org.apache.catalina.startup.VersionLoggerListener.log Command line argument:             --add-opens=java.base/java.util=ALL-UNNAMED
01-Nov-2024 17:31:59.324 INFO [main] org.apache.catalina.startup.VersionLoggerListener.log Command line argument:             --add-opens=java.base/java.util.concurrent=ALL-UNNAMED
01-Nov-2024 17:31:59.325 INFO [main] org.apache.catalina.startup.VersionLoggerListener.log Command line argument:             --add-opens=java.rmi/sun.rmi.transport=ALL-UNNAMED
01-Nov-2024 17:31:59.325 INFO [main] org.apache.catalina.startup.VersionLoggerListener.log Command line argument:             -Djava.util.logging.config.file=C:\Users\CHAMORRO\OneDrive\Imágenes\programacion sebas\apache-tomcat-9.0.96\conf\logging.properties
01-Nov-2024 17:31:59.325 INFO [main] org.apache.catalina.startup.VersionLoggerListener.log Command line argument:             -Djava.util.logging.manager=org.apache.juli.ClassLoaderLogManager
01-Nov-2024 17:31:59.326 INFO [main] org.apache.catalina.startup.VersionLoggerListener.log Command line argument:             -Djdk.tls.ephemeralDHKeySize=2048
01-Nov-2024 17:31:59.326 INFO [main] org.apache.catalina.startup.VersionLoggerListener.log Command line argument:             -Djava.protocol.handler.pkgs=org.apache.catalina.webresources
01-Nov-2024 17:31:59.326 INFO [main] org.apache.catalina.startup.VersionLoggerListener.log Command line argument:             -Dignore.endorsed.dirs=
01-Nov-2024 17:31:59.327 INFO [main] org.apache.catalina.startup.VersionLoggerListener.log Command line argument:             -Dcatalina.base=C:\Users\CHAMORRO\OneDrive\Imágenes\programacion sebas\apache-tomcat-9.0.96
01-Nov-2024 17:31:59.327 INFO [main] org.apache.catalina.startup.VersionLoggerListener.log Command line argument:             -Dcatalina.home=C:\Users\CHAMORRO\OneDrive\Imágenes\programacion sebas\apache-tomcat-9.0.96
01-Nov-2024 17:31:59.327 INFO [main] org.apache.catalina.startup.VersionLoggerListener.log Command line argument:             -Djava.io.tmpdir=C:\Users\CHAMORRO\OneDrive\Imágenes\programacion sebas\apache-tomcat-9.0.96\temp
01-Nov-2024 17:31:59.331 INFO [main] org.apache.catalina.core.AprLifecycleListener.lifecycleEvent Cargada la biblioteca nativa APR de Apache Tomcat [1.3.1] con la versión APR [1.7.4].
01-Nov-2024 17:31:59.333 INFO [main] org.apache.catalina.core.AprLifecycleListener.lifecycleEvent Capacidades APR: IPv6 [true], enviar fichero [true], aceptar filtros [false], aleatorio [true], UDS [true].
01-Nov-2024 17:31:59.333 INFO [main] org.apache.catalina.core.AprLifecycleListener.lifecycleEvent APR/OpenSSL configuration: useAprConnector [false], useOpenSSL [true]
01-Nov-2024 17:31:59.340 INFO [main] org.apache.catalina.core.AprLifecycleListener.initializeSSL OpenSSL inicializado correctamente [OpenSSL 3.0.14 4 Jun 2024]
01-Nov-2024 17:31:59.707 INFO [main] org.apache.coyote.AbstractProtocol.init Inicializando el manejador de protocolo ["http-nio-8080"]

01-Nov-2024 17:31:59.739 INFO [main] org.apache.catalina.startup.Catalina.load Server initialization in [676] milliseconds
01-Nov-2024 17:31:59.765 WARNING [main] java.util.ArrayList.forEach Name = PgDB Property maxActive is not used in DBCP2, use maxTotal instead. maxTotal default value is 8. You have set value of "100" for "maxActive" property, which is being ignored.
01-Nov-2024 17:31:59.767 WARNING [main] java.util.ArrayList.forEach Name = PgDB Property maxWait is not used in DBCP2 , use maxWaitMillis instead. maxWaitMillis default value is PT-0.001S. You have set value of "10000" for "maxWait" property, which is being ignored.
01-Nov-2024 17:31:59.767 INFO [main] java.util.ArrayList.forEach Name = PgDB Ignoring unknown property: value of "jdbc/PgDB" for "global" property
01-Nov-2024 17:31:59.823 INFO [main] org.apache.catalina.core.StandardService.startInternal Arrancando servicio [Catalina]
01-Nov-2024 17:31:59.825 INFO [main] org.apache.catalina.core.StandardEngine.startInternal Starting Servlet engine: [Apache Tomcat/9.0.96]
01-Nov-2024 17:31:59.847 INFO [main] org.apache.catalina.startup.HostConfig.deployWAR Despliegue del archivo [C:\Users\CHAMORRO\OneDrive\Imágenes\programacion sebas\apache-tomcat-9.0.96\webapps\ejemploweb.war] de la aplicación web
01-Nov-2024 17:32:01.912 INFO [main] org.apache.jasper.servlet.TldScanner.scanJars Al menos un JAR, que se ha explorado buscando TLDs, aún no contenía TLDs. Activar historial de depuración para este historiador para una completa lista de los JARs que fueron explorados y de los que nos se halló TLDs. Saltarse JARs no necesarios durante la exploración puede dar lugar a una mejora de tiempo significativa en el arranque y compilación de JSP .
01-Nov-2024 17:32:03.235 INFO [main] org.apache.catalina.startup.HostConfig.deployWAR Deployment of web application archive [C:\Users\CHAMORRO\OneDrive\Imágenes\programacion sebas\apache-tomcat-9.0.96\webapps\ejemploweb.war] has finished in [3.388] ms
01-Nov-2024 17:32:03.239 INFO [main] org.apache.catalina.startup.HostConfig.deployWAR Despliegue del archivo [C:\Users\CHAMORRO\OneDrive\Imágenes\programacion sebas\apache-tomcat-9.0.96\webapps\EvaluacionGrupal1.war] de la aplicación web
01-Nov-2024 17:32:03.243 INFO [main] org.apache.catalina.startup.ExpandWar.expand An expanded directory [C:\Users\CHAMORRO\OneDrive\Imágenes\programacion sebas\apache-tomcat-9.0.96\webapps\EvaluacionGrupal1] was found with a last modified time that did not match the associated WAR. It will be deleted.
01-Nov-2024 17:32:04.804 INFO [main] org.apache.jasper.servlet.TldScanner.scanJars Al menos un JAR, que se ha explorado buscando TLDs, aún no contenía TLDs. Activar historial de depuración para este historiador para una completa lista de los JARs que fueron explorados y de los que nos se halló TLDs. Saltarse JARs no necesarios durante la exploración puede dar lugar a una mejora de tiempo significativa en el arranque y compilación de JSP .
01-Nov-2024 17:32:05.918 INFO [main] org.apache.catalina.startup.HostConfig.deployWAR Deployment of web application archive [C:\Users\CHAMORRO\OneDrive\Imágenes\programacion sebas\apache-tomcat-9.0.96\webapps\EvaluacionGrupal1.war] has finished in [2.679] ms
01-Nov-2024 17:32:05.920 INFO [main] org.apache.catalina.startup.HostConfig.deployWAR Despliegue del archivo [C:\Users\CHAMORRO\OneDrive\Imágenes\programacion sebas\apache-tomcat-9.0.96\webapps\inventario.war] de la aplicación web
01-Nov-2024 17:32:07.159 INFO [main] org.apache.jasper.servlet.TldScanner.scanJars Al menos un JAR, que se ha explorado buscando TLDs, aún no contenía TLDs. Activar historial de depuración para este historiador para una completa lista de los JARs que fueron explorados y de los que nos se halló TLDs. Saltarse JARs no necesarios durante la exploración puede dar lugar a una mejora de tiempo significativa en el arranque y compilación de JSP .
01-Nov-2024 17:32:08.226 INFO [main] org.apache.catalina.startup.HostConfig.deployWAR Deployment of web application archive [C:\Users\CHAMORRO\OneDrive\Imágenes\programacion sebas\apache-tomcat-9.0.96\webapps\inventario.war] has finished in [2.306] ms
01-Nov-2024 17:32:08.227 INFO [main] org.apache.catalina.startup.HostConfig.deployDirectory Desplegando el directorio [C:\Users\CHAMORRO\OneDrive\Imágenes\programacion sebas\apache-tomcat-9.0.96\webapps\docs] de la aplicación web
01-Nov-2024 17:32:08.401 INFO [main] org.apache.jasper.servlet.TldScanner.scanJars Al menos un JAR, que se ha explorado buscando TLDs, aún no contenía TLDs. Activar historial de depuración para este historiador para una completa lista de los JARs que fueron explorados y de los que nos se halló TLDs. Saltarse JARs no necesarios durante la exploración puede dar lugar a una mejora de tiempo significativa en el arranque y compilación de JSP .
01-Nov-2024 17:32:08.405 INFO [main] org.apache.catalina.startup.HostConfig.deployDirectory Deployment of web application directory [C:\Users\CHAMORRO\OneDrive\Imágenes\programacion sebas\apache-tomcat-9.0.96\webapps\docs] has finished in [178] ms
01-Nov-2024 17:32:08.406 INFO [main] org.apache.catalina.startup.HostConfig.deployDirectory Desplegando el directorio [C:\Users\CHAMORRO\OneDrive\Imágenes\programacion sebas\apache-tomcat-9.0.96\webapps\examples] de la aplicación web
01-Nov-2024 17:32:09.040 INFO [main] org.apache.jasper.servlet.TldScanner.scanJars Al menos un JAR, que se ha explorado buscando TLDs, aún no contenía TLDs. Activar historial de depuración para este historiador para una completa lista de los JARs que fueron explorados y de los que nos se halló TLDs. Saltarse JARs no necesarios durante la exploración puede dar lugar a una mejora de tiempo significativa en el arranque y compilación de JSP .
01-Nov-2024 17:32:09.115 INFO [main] org.apache.catalina.startup.HostConfig.deployDirectory Deployment of web application directory [C:\Users\CHAMORRO\OneDrive\Imágenes\programacion sebas\apache-tomcat-9.0.96\webapps\examples] has finished in [709] ms
01-Nov-2024 17:32:09.115 INFO [main] org.apache.catalina.startup.HostConfig.deployDirectory Desplegando el directorio [C:\Users\CHAMORRO\OneDrive\Imágenes\programacion sebas\apache-tomcat-9.0.96\webapps\host-manager] de la aplicación web
01-Nov-2024 17:32:09.293 INFO [main] org.apache.jasper.servlet.TldScanner.scanJars Al menos un JAR, que se ha explorado buscando TLDs, aún no contenía TLDs. Activar historial de depuración para este historiador para una completa lista de los JARs que fueron explorados y de los que nos se halló TLDs. Saltarse JARs no necesarios durante la exploración puede dar lugar a una mejora de tiempo significativa en el arranque y compilación de JSP .
01-Nov-2024 17:32:09.303 INFO [main] org.apache.catalina.startup.HostConfig.deployDirectory Deployment of web application directory [C:\Users\CHAMORRO\OneDrive\Imágenes\programacion sebas\apache-tomcat-9.0.96\webapps\host-manager] has finished in [187] ms
01-Nov-2024 17:32:09.303 INFO [main] org.apache.catalina.startup.HostConfig.deployDirectory Desplegando el directorio [C:\Users\CHAMORRO\OneDrive\Imágenes\programacion sebas\apache-tomcat-9.0.96\webapps\manager] de la aplicación web
01-Nov-2024 17:32:09.474 INFO [main] org.apache.jasper.servlet.TldScanner.scanJars Al menos un JAR, que se ha explorado buscando TLDs, aún no contenía TLDs. Activar historial de depuración para este historiador para una completa lista de los JARs que fueron explorados y de los que nos se halló TLDs. Saltarse JARs no necesarios durante la exploración puede dar lugar a una mejora de tiempo significativa en el arranque y compilación de JSP .
01-Nov-2024 17:32:09.479 INFO [main] org.apache.catalina.startup.HostConfig.deployDirectory Deployment of web application directory [C:\Users\CHAMORRO\OneDrive\Imágenes\programacion sebas\apache-tomcat-9.0.96\webapps\manager] has finished in [175] ms
01-Nov-2024 17:32:09.479 INFO [main] org.apache.catalina.startup.HostConfig.deployDirectory Desplegando el directorio [C:\Users\CHAMORRO\OneDrive\Imágenes\programacion sebas\apache-tomcat-9.0.96\webapps\ROOT] de la aplicación web
01-Nov-2024 17:32:09.642 INFO [main] org.apache.jasper.servlet.TldScanner.scanJars Al menos un JAR, que se ha explorado buscando TLDs, aún no contenía TLDs. Activar historial de depuración para este historiador para una completa lista de los JARs que fueron explorados y de los que nos se halló TLDs. Saltarse JARs no necesarios durante la exploración puede dar lugar a una mejora de tiempo significativa en el arranque y compilación de JSP .
01-Nov-2024 17:32:09.646 INFO [main] org.apache.catalina.startup.HostConfig.deployDirectory Deployment of web application directory [C:\Users\CHAMORRO\OneDrive\Imágenes\programacion sebas\apache-tomcat-9.0.96\webapps\ROOT] has finished in [167] ms
01-Nov-2024 17:32:09.651 INFO [main] org.apache.coyote.AbstractProtocol.start Starting ProtocolHandler ["http-nio-8080"]
01-Nov-2024 17:32:09.675 INFO [main] org.apache.catalina.startup.Catalina.start Server startup in [9935] milliseconds
01-Nov-2024 17:34:13.446 INFO [main] org.apache.catalina.startup.VersionLoggerListener.log Nombre de la versión del servidor: Apache Tomcat/9.0.96
01-Nov-2024 17:34:13.449 INFO [main] org.apache.catalina.startup.VersionLoggerListener.log Server built:                      Oct 3 2024 19:44:30 UTC
01-Nov-2024 17:34:13.450 INFO [main] org.apache.catalina.startup.VersionLoggerListener.log Número de versión de servidor:     9.0.96.0
01-Nov-2024 17:34:13.450 INFO [main] org.apache.catalina.startup.VersionLoggerListener.log OS Name:                           Windows 10
01-Nov-2024 17:34:13.450 INFO [main] org.apache.catalina.startup.VersionLoggerListener.log Versión de Systema Operativo:      10.0
01-Nov-2024 17:34:13.450 INFO [main] org.apache.catalina.startup.VersionLoggerListener.log Arquitectura:                      amd64
01-Nov-2024 17:34:13.450 INFO [main] org.apache.catalina.startup.VersionLoggerListener.log Java Home:                         C:\Program Files\Java\jdk-23
01-Nov-2024 17:34:13.451 INFO [main] org.apache.catalina.startup.VersionLoggerListener.log JVM Version:                       23+37-2369
01-Nov-2024 17:34:13.451 INFO [main] org.apache.catalina.startup.VersionLoggerListener.log Vededor JVM:                       Oracle Corporation
01-Nov-2024 17:34:13.451 INFO [main] org.apache.catalina.startup.VersionLoggerListener.log CATALINA_BASE:                     C:\Users\CHAMORRO\OneDrive\Imágenes\programacion sebas\apache-tomcat-9.0.96
01-Nov-2024 17:34:13.451 INFO [main] org.apache.catalina.startup.VersionLoggerListener.log CATALINA_HOME:                     C:\Users\CHAMORRO\OneDrive\Imágenes\programacion sebas\apache-tomcat-9.0.96
01-Nov-2024 17:34:13.460 INFO [main] org.apache.catalina.startup.VersionLoggerListener.log Command line argument:             --add-opens=java.base/java.lang=ALL-UNNAMED
01-Nov-2024 17:34:13.461 INFO [main] org.apache.catalina.startup.VersionLoggerListener.log Command line argument:             --add-opens=java.base/java.io=ALL-UNNAMED
01-Nov-2024 17:34:13.461 INFO [main] org.apache.catalina.startup.VersionLoggerListener.log Command line argument:             --add-opens=java.base/java.util=ALL-UNNAMED
01-Nov-2024 17:34:13.461 INFO [main] org.apache.catalina.startup.VersionLoggerListener.log Command line argument:             --add-opens=java.base/java.util.concurrent=ALL-UNNAMED
01-Nov-2024 17:34:13.462 INFO [main] org.apache.catalina.startup.VersionLoggerListener.log Command line argument:             --add-opens=java.rmi/sun.rmi.transport=ALL-UNNAMED
01-Nov-2024 17:34:13.462 INFO [main] org.apache.catalina.startup.VersionLoggerListener.log Command line argument:             -Djava.util.logging.config.file=C:\Users\CHAMORRO\OneDrive\Imágenes\programacion sebas\apache-tomcat-9.0.96\conf\logging.properties
01-Nov-2024 17:34:13.463 INFO [main] org.apache.catalina.startup.VersionLoggerListener.log Command line argument:             -Djava.util.logging.manager=org.apache.juli.ClassLoaderLogManager
01-Nov-2024 17:34:13.463 INFO [main] org.apache.catalina.startup.VersionLoggerListener.log Command line argument:             -Djdk.tls.ephemeralDHKeySize=2048
01-Nov-2024 17:34:13.463 INFO [main] org.apache.catalina.startup.VersionLoggerListener.log Command line argument:             -Djava.protocol.handler.pkgs=org.apache.catalina.webresources
01-Nov-2024 17:34:13.464 INFO [main] org.apache.catalina.startup.VersionLoggerListener.log Command line argument:             -Dignore.endorsed.dirs=
01-Nov-2024 17:34:13.464 INFO [main] org.apache.catalina.startup.VersionLoggerListener.log Command line argument:             -Dcatalina.base=C:\Users\CHAMORRO\OneDrive\Imágenes\programacion sebas\apache-tomcat-9.0.96
01-Nov-2024 17:34:13.464 INFO [main] org.apache.catalina.startup.VersionLoggerListener.log Command line argument:             -Dcatalina.home=C:\Users\CHAMORRO\OneDrive\Imágenes\programacion sebas\apache-tomcat-9.0.96
01-Nov-2024 17:34:13.465 INFO [main] org.apache.catalina.startup.VersionLoggerListener.log Command line argument:             -Djava.io.tmpdir=C:\Users\CHAMORRO\OneDrive\Imágenes\programacion sebas\apache-tomcat-9.0.96\temp
01-Nov-2024 17:34:13.471 INFO [main] org.apache.catalina.core.AprLifecycleListener.lifecycleEvent Cargada la biblioteca nativa APR de Apache Tomcat [1.3.1] con la versión APR [1.7.4].
01-Nov-2024 17:34:13.471 INFO [main] org.apache.catalina.core.AprLifecycleListener.lifecycleEvent Capacidades APR: IPv6 [true], enviar fichero [true], aceptar filtros [false], aleatorio [true], UDS [true].
01-Nov-2024 17:34:13.472 INFO [main] org.apache.catalina.core.AprLifecycleListener.lifecycleEvent APR/OpenSSL configuration: useAprConnector [false], useOpenSSL [true]
01-Nov-2024 17:34:13.478 INFO [main] org.apache.catalina.core.AprLifecycleListener.initializeSSL OpenSSL inicializado correctamente [OpenSSL 3.0.14 4 Jun 2024]
01-Nov-2024 17:34:13.841 INFO [main] org.apache.coyote.AbstractProtocol.init Inicializando el manejador de protocolo ["http-nio-8080"]

01-Nov-2024 17:34:13.866 INFO [main] org.apache.catalina.startup.Catalina.load Server initialization in [647] milliseconds
01-Nov-2024 17:34:13.891 WARNING [main] java.util.ArrayList.forEach Name = PgDB Property maxActive is not used in DBCP2, use maxTotal instead. maxTotal default value is 8. You have set value of "100" for "maxActive" property, which is being ignored.
01-Nov-2024 17:34:13.891 WARNING [main] java.util.ArrayList.forEach Name = PgDB Property maxWait is not used in DBCP2 , use maxWaitMillis instead. maxWaitMillis default value is PT-0.001S. You have set value of "10000" for "maxWait" property, which is being ignored.
01-Nov-2024 17:34:13.892 INFO [main] java.util.ArrayList.forEach Name = PgDB Ignoring unknown property: value of "jdbc/PgDB" for "global" property
01-Nov-2024 17:34:13.946 INFO [main] org.apache.catalina.core.StandardService.startInternal Arrancando servicio [Catalina]
01-Nov-2024 17:34:13.947 INFO [main] org.apache.catalina.core.StandardEngine.startInternal Starting Servlet engine: [Apache Tomcat/9.0.96]
01-Nov-2024 17:34:13.966 INFO [main] org.apache.catalina.startup.HostConfig.deployWAR Despliegue del archivo [C:\Users\CHAMORRO\OneDrive\Imágenes\programacion sebas\apache-tomcat-9.0.96\webapps\ejemploweb.war] de la aplicación web
01-Nov-2024 17:34:15.980 INFO [main] org.apache.jasper.servlet.TldScanner.scanJars Al menos un JAR, que se ha explorado buscando TLDs, aún no contenía TLDs. Activar historial de depuración para este historiador para una completa lista de los JARs que fueron explorados y de los que nos se halló TLDs. Saltarse JARs no necesarios durante la exploración puede dar lugar a una mejora de tiempo significativa en el arranque y compilación de JSP .
01-Nov-2024 17:34:17.339 INFO [main] org.apache.catalina.startup.HostConfig.deployWAR Deployment of web application archive [C:\Users\CHAMORRO\OneDrive\Imágenes\programacion sebas\apache-tomcat-9.0.96\webapps\ejemploweb.war] has finished in [3.372] ms
01-Nov-2024 17:34:17.343 INFO [main] org.apache.catalina.startup.HostConfig.deployWAR Despliegue del archivo [C:\Users\CHAMORRO\OneDrive\Imágenes\programacion sebas\apache-tomcat-9.0.96\webapps\EvaluacionGrupal1.war] de la aplicación web
01-Nov-2024 17:34:18.810 INFO [main] org.apache.jasper.servlet.TldScanner.scanJars Al menos un JAR, que se ha explorado buscando TLDs, aún no contenía TLDs. Activar historial de depuración para este historiador para una completa lista de los JARs que fueron explorados y de los que nos se halló TLDs. Saltarse JARs no necesarios durante la exploración puede dar lugar a una mejora de tiempo significativa en el arranque y compilación de JSP .
01-Nov-2024 17:34:20.027 INFO [main] org.apache.catalina.startup.HostConfig.deployWAR Deployment of web application archive [C:\Users\CHAMORRO\OneDrive\Imágenes\programacion sebas\apache-tomcat-9.0.96\webapps\EvaluacionGrupal1.war] has finished in [2.684] ms
01-Nov-2024 17:34:20.029 INFO [main] org.apache.catalina.startup.HostConfig.deployWAR Despliegue del archivo [C:\Users\CHAMORRO\OneDrive\Imágenes\programacion sebas\apache-tomcat-9.0.96\webapps\inventario.war] de la aplicación web
01-Nov-2024 17:34:21.318 INFO [main] org.apache.jasper.servlet.TldScanner.scanJars Al menos un JAR, que se ha explorado buscando TLDs, aún no contenía TLDs. Activar historial de depuración para este historiador para una completa lista de los JARs que fueron explorados y de los que nos se halló TLDs. Saltarse JARs no necesarios durante la exploración puede dar lugar a una mejora de tiempo significativa en el arranque y compilación de JSP .
01-Nov-2024 17:34:22.342 INFO [main] org.apache.catalina.startup.HostConfig.deployWAR Deployment of web application archive [C:\Users\CHAMORRO\OneDrive\Imágenes\programacion sebas\apache-tomcat-9.0.96\webapps\inventario.war] has finished in [2.313] ms
01-Nov-2024 17:34:22.343 INFO [main] org.apache.catalina.startup.HostConfig.deployDirectory Desplegando el directorio [C:\Users\CHAMORRO\OneDrive\Imágenes\programacion sebas\apache-tomcat-9.0.96\webapps\docs] de la aplicación web
01-Nov-2024 17:34:22.521 INFO [main] org.apache.jasper.servlet.TldScanner.scanJars Al menos un JAR, que se ha explorado buscando TLDs, aún no contenía TLDs. Activar historial de depuración para este historiador para una completa lista de los JARs que fueron explorados y de los que nos se halló TLDs. Saltarse JARs no necesarios durante la exploración puede dar lugar a una mejora de tiempo significativa en el arranque y compilación de JSP .
01-Nov-2024 17:34:22.525 INFO [main] org.apache.catalina.startup.HostConfig.deployDirectory Deployment of web application directory [C:\Users\CHAMORRO\OneDrive\Imágenes\programacion sebas\apache-tomcat-9.0.96\webapps\docs] has finished in [182] ms
01-Nov-2024 17:34:22.526 INFO [main] org.apache.catalina.startup.HostConfig.deployDirectory Desplegando el directorio [C:\Users\CHAMORRO\OneDrive\Imágenes\programacion sebas\apache-tomcat-9.0.96\webapps\examples] de la aplicación web
01-Nov-2024 17:34:23.108 INFO [main] org.apache.jasper.servlet.TldScanner.scanJars Al menos un JAR, que se ha explorado buscando TLDs, aún no contenía TLDs. Activar historial de depuración para este historiador para una completa lista de los JARs que fueron explorados y de los que nos se halló TLDs. Saltarse JARs no necesarios durante la exploración puede dar lugar a una mejora de tiempo significativa en el arranque y compilación de JSP .
01-Nov-2024 17:34:23.188 INFO [main] org.apache.catalina.startup.HostConfig.deployDirectory Deployment of web application directory [C:\Users\CHAMORRO\OneDrive\Imágenes\programacion sebas\apache-tomcat-9.0.96\webapps\examples] has finished in [662] ms
01-Nov-2024 17:34:23.188 INFO [main] org.apache.catalina.startup.HostConfig.deployDirectory Desplegando el directorio [C:\Users\CHAMORRO\OneDrive\Imágenes\programacion sebas\apache-tomcat-9.0.96\webapps\host-manager] de la aplicación web
01-Nov-2024 17:34:23.360 INFO [main] org.apache.jasper.servlet.TldScanner.scanJars Al menos un JAR, que se ha explorado buscando TLDs, aún no contenía TLDs. Activar historial de depuración para este historiador para una completa lista de los JARs que fueron explorados y de los que nos se halló TLDs. Saltarse JARs no necesarios durante la exploración puede dar lugar a una mejora de tiempo significativa en el arranque y compilación de JSP .
01-Nov-2024 17:34:23.368 INFO [main] org.apache.catalina.startup.HostConfig.deployDirectory Deployment of web application directory [C:\Users\CHAMORRO\OneDrive\Imágenes\programacion sebas\apache-tomcat-9.0.96\webapps\host-manager] has finished in [180] ms
01-Nov-2024 17:34:23.369 INFO [main] org.apache.catalina.startup.HostConfig.deployDirectory Desplegando el directorio [C:\Users\CHAMORRO\OneDrive\Imágenes\programacion sebas\apache-tomcat-9.0.96\webapps\manager] de la aplicación web
01-Nov-2024 17:34:23.550 INFO [main] org.apache.jasper.servlet.TldScanner.scanJars Al menos un JAR, que se ha explorado buscando TLDs, aún no contenía TLDs. Activar historial de depuración para este historiador para una completa lista de los JARs que fueron explorados y de los que nos se halló TLDs. Saltarse JARs no necesarios durante la exploración puede dar lugar a una mejora de tiempo significativa en el arranque y compilación de JSP .
01-Nov-2024 17:34:23.554 INFO [main] org.apache.catalina.startup.HostConfig.deployDirectory Deployment of web application directory [C:\Users\CHAMORRO\OneDrive\Imágenes\programacion sebas\apache-tomcat-9.0.96\webapps\manager] has finished in [184] ms
01-Nov-2024 17:34:23.555 INFO [main] org.apache.catalina.startup.HostConfig.deployDirectory Desplegando el directorio [C:\Users\CHAMORRO\OneDrive\Imágenes\programacion sebas\apache-tomcat-9.0.96\webapps\ROOT] de la aplicación web
01-Nov-2024 17:34:23.710 INFO [main] org.apache.jasper.servlet.TldScanner.scanJars Al menos un JAR, que se ha explorado buscando TLDs, aún no contenía TLDs. Activar historial de depuración para este historiador para una completa lista de los JARs que fueron explorados y de los que nos se halló TLDs. Saltarse JARs no necesarios durante la exploración puede dar lugar a una mejora de tiempo significativa en el arranque y compilación de JSP .
01-Nov-2024 17:34:23.714 INFO [main] org.apache.catalina.startup.HostConfig.deployDirectory Deployment of web application directory [C:\Users\CHAMORRO\OneDrive\Imágenes\programacion sebas\apache-tomcat-9.0.96\webapps\ROOT] has finished in [159] ms
01-Nov-2024 17:34:23.719 INFO [main] org.apache.coyote.AbstractProtocol.start Starting ProtocolHandler ["http-nio-8080"]
01-Nov-2024 17:34:23.745 INFO [main] org.apache.catalina.startup.Catalina.start Server startup in [9876] milliseconds
01-Nov-2024 17:44:01.730 INFO [main] org.apache.catalina.startup.VersionLoggerListener.log Nombre de la versión del servidor: Apache Tomcat/9.0.96
01-Nov-2024 17:44:01.734 INFO [main] org.apache.catalina.startup.VersionLoggerListener.log Server built:                      Oct 3 2024 19:44:30 UTC
01-Nov-2024 17:44:01.734 INFO [main] org.apache.catalina.startup.VersionLoggerListener.log Número de versión de servidor:     9.0.96.0
01-Nov-2024 17:44:01.734 INFO [main] org.apache.catalina.startup.VersionLoggerListener.log OS Name:                           Windows 10
01-Nov-2024 17:44:01.734 INFO [main] org.apache.catalina.startup.VersionLoggerListener.log Versión de Systema Operativo:      10.0
01-Nov-2024 17:44:01.735 INFO [main] org.apache.catalina.startup.VersionLoggerListener.log Arquitectura:                      amd64
01-Nov-2024 17:44:01.735 INFO [main] org.apache.catalina.startup.VersionLoggerListener.log Java Home:                         C:\Program Files\Java\jdk-23
01-Nov-2024 17:44:01.735 INFO [main] org.apache.catalina.startup.VersionLoggerListener.log JVM Version:                       23+37-2369
01-Nov-2024 17:44:01.735 INFO [main] org.apache.catalina.startup.VersionLoggerListener.log Vededor JVM:                       Oracle Corporation
01-Nov-2024 17:44:01.735 INFO [main] org.apache.catalina.startup.VersionLoggerListener.log CATALINA_BASE:                     C:\Users\CHAMORRO\OneDrive\Imágenes\programacion sebas\apache-tomcat-9.0.96
01-Nov-2024 17:44:01.736 INFO [main] org.apache.catalina.startup.VersionLoggerListener.log CATALINA_HOME:                     C:\Users\CHAMORRO\OneDrive\Imágenes\programacion sebas\apache-tomcat-9.0.96
01-Nov-2024 17:44:01.744 INFO [main] org.apache.catalina.startup.VersionLoggerListener.log Command line argument:             --add-opens=java.base/java.lang=ALL-UNNAMED
01-Nov-2024 17:44:01.746 INFO [main] org.apache.catalina.startup.VersionLoggerListener.log Command line argument:             --add-opens=java.base/java.io=ALL-UNNAMED
01-Nov-2024 17:44:01.746 INFO [main] org.apache.catalina.startup.VersionLoggerListener.log Command line argument:             --add-opens=java.base/java.util=ALL-UNNAMED
01-Nov-2024 17:44:01.746 INFO [main] org.apache.catalina.startup.VersionLoggerListener.log Command line argument:             --add-opens=java.base/java.util.concurrent=ALL-UNNAMED
01-Nov-2024 17:44:01.747 INFO [main] org.apache.catalina.startup.VersionLoggerListener.log Command line argument:             --add-opens=java.rmi/sun.rmi.transport=ALL-UNNAMED
01-Nov-2024 17:44:01.747 INFO [main] org.apache.catalina.startup.VersionLoggerListener.log Command line argument:             -Djava.util.logging.config.file=C:\Users\CHAMORRO\OneDrive\Imágenes\programacion sebas\apache-tomcat-9.0.96\conf\logging.properties
01-Nov-2024 17:44:01.748 INFO [main] org.apache.catalina.startup.VersionLoggerListener.log Command line argument:             -Djava.util.logging.manager=org.apache.juli.ClassLoaderLogManager
01-Nov-2024 17:44:01.748 INFO [main] org.apache.catalina.startup.VersionLoggerListener.log Command line argument:             -Djdk.tls.ephemeralDHKeySize=2048
01-Nov-2024 17:44:01.749 INFO [main] org.apache.catalina.startup.VersionLoggerListener.log Command line argument:             -Djava.protocol.handler.pkgs=org.apache.catalina.webresources
01-Nov-2024 17:44:01.749 INFO [main] org.apache.catalina.startup.VersionLoggerListener.log Command line argument:             -Dignore.endorsed.dirs=
01-Nov-2024 17:44:01.749 INFO [main] org.apache.catalina.startup.VersionLoggerListener.log Command line argument:             -Dcatalina.base=C:\Users\CHAMORRO\OneDrive\Imágenes\programacion sebas\apache-tomcat-9.0.96
01-Nov-2024 17:44:01.750 INFO [main] org.apache.catalina.startup.VersionLoggerListener.log Command line argument:             -Dcatalina.home=C:\Users\CHAMORRO\OneDrive\Imágenes\programacion sebas\apache-tomcat-9.0.96
01-Nov-2024 17:44:01.750 INFO [main] org.apache.catalina.startup.VersionLoggerListener.log Command line argument:             -Djava.io.tmpdir=C:\Users\CHAMORRO\OneDrive\Imágenes\programacion sebas\apache-tomcat-9.0.96\temp
01-Nov-2024 17:44:01.754 INFO [main] org.apache.catalina.core.AprLifecycleListener.lifecycleEvent Cargada la biblioteca nativa APR de Apache Tomcat [1.3.1] con la versión APR [1.7.4].
01-Nov-2024 17:44:01.755 INFO [main] org.apache.catalina.core.AprLifecycleListener.lifecycleEvent Capacidades APR: IPv6 [true], enviar fichero [true], aceptar filtros [false], aleatorio [true], UDS [true].
01-Nov-2024 17:44:01.755 INFO [main] org.apache.catalina.core.AprLifecycleListener.lifecycleEvent APR/OpenSSL configuration: useAprConnector [false], useOpenSSL [true]
01-Nov-2024 17:44:01.763 INFO [main] org.apache.catalina.core.AprLifecycleListener.initializeSSL OpenSSL inicializado correctamente [OpenSSL 3.0.14 4 Jun 2024]
01-Nov-2024 17:44:02.142 INFO [main] org.apache.coyote.AbstractProtocol.init Inicializando el manejador de protocolo ["http-nio-8080"]

01-Nov-2024 17:44:02.173 INFO [main] org.apache.catalina.startup.Catalina.load Server initialization in [698] milliseconds
01-Nov-2024 17:44:02.200 WARNING [main] java.util.ArrayList.forEach Name = PgDB Property maxActive is not used in DBCP2, use maxTotal instead. maxTotal default value is 8. You have set value of "100" for "maxActive" property, which is being ignored.
01-Nov-2024 17:44:02.201 WARNING [main] java.util.ArrayList.forEach Name = PgDB Property maxWait is not used in DBCP2 , use maxWaitMillis instead. maxWaitMillis default value is PT-0.001S. You have set value of "10000" for "maxWait" property, which is being ignored.
01-Nov-2024 17:44:02.202 INFO [main] java.util.ArrayList.forEach Name = PgDB Ignoring unknown property: value of "jdbc/PgDB" for "global" property
01-Nov-2024 17:44:02.264 INFO [main] org.apache.catalina.core.StandardService.startInternal Arrancando servicio [Catalina]
01-Nov-2024 17:44:02.266 INFO [main] org.apache.catalina.core.StandardEngine.startInternal Starting Servlet engine: [Apache Tomcat/9.0.96]
01-Nov-2024 17:44:02.289 INFO [main] org.apache.catalina.startup.HostConfig.deployWAR Despliegue del archivo [C:\Users\CHAMORRO\OneDrive\Imágenes\programacion sebas\apache-tomcat-9.0.96\webapps\ejemploweb.war] de la aplicación web
01-Nov-2024 17:44:04.174 INFO [main] org.apache.jasper.servlet.TldScanner.scanJars Al menos un JAR, que se ha explorado buscando TLDs, aún no contenía TLDs. Activar historial de depuración para este historiador para una completa lista de los JARs que fueron explorados y de los que nos se halló TLDs. Saltarse JARs no necesarios durante la exploración puede dar lugar a una mejora de tiempo significativa en el arranque y compilación de JSP .
01-Nov-2024 17:44:05.640 INFO [main] org.apache.catalina.startup.HostConfig.deployWAR Deployment of web application archive [C:\Users\CHAMORRO\OneDrive\Imágenes\programacion sebas\apache-tomcat-9.0.96\webapps\ejemploweb.war] has finished in [3.350] ms
01-Nov-2024 17:44:05.646 INFO [main] org.apache.catalina.startup.HostConfig.deployWAR Despliegue del archivo [C:\Users\CHAMORRO\OneDrive\Imágenes\programacion sebas\apache-tomcat-9.0.96\webapps\EvaluacionGrupal1.war] de la aplicación web
01-Nov-2024 17:44:05.651 INFO [main] org.apache.catalina.startup.ExpandWar.expand An expanded directory [C:\Users\CHAMORRO\OneDrive\Imágenes\programacion sebas\apache-tomcat-9.0.96\webapps\EvaluacionGrupal1] was found with a last modified time that did not match the associated WAR. It will be deleted.
01-Nov-2024 17:44:07.239 INFO [main] org.apache.jasper.servlet.TldScanner.scanJars Al menos un JAR, que se ha explorado buscando TLDs, aún no contenía TLDs. Activar historial de depuración para este historiador para una completa lista de los JARs que fueron explorados y de los que nos se halló TLDs. Saltarse JARs no necesarios durante la exploración puede dar lugar a una mejora de tiempo significativa en el arranque y compilación de JSP .
01-Nov-2024 17:44:08.353 INFO [main] org.apache.catalina.startup.HostConfig.deployWAR Deployment of web application archive [C:\Users\CHAMORRO\OneDrive\Imágenes\programacion sebas\apache-tomcat-9.0.96\webapps\EvaluacionGrupal1.war] has finished in [2.707] ms
01-Nov-2024 17:44:08.356 INFO [main] org.apache.catalina.startup.HostConfig.deployWAR Despliegue del archivo [C:\Users\CHAMORRO\OneDrive\Imágenes\programacion sebas\apache-tomcat-9.0.96\webapps\inventario.war] de la aplicación web
01-Nov-2024 17:44:09.655 INFO [main] org.apache.jasper.servlet.TldScanner.scanJars Al menos un JAR, que se ha explorado buscando TLDs, aún no contenía TLDs. Activar historial de depuración para este historiador para una completa lista de los JARs que fueron explorados y de los que nos se halló TLDs. Saltarse JARs no necesarios durante la exploración puede dar lugar a una mejora de tiempo significativa en el arranque y compilación de JSP .
01-Nov-2024 17:44:10.999 INFO [main] org.apache.catalina.startup.HostConfig.deployWAR Deployment of web application archive [C:\Users\CHAMORRO\OneDrive\Imágenes\programacion sebas\apache-tomcat-9.0.96\webapps\inventario.war] has finished in [2.643] ms
01-Nov-2024 17:44:11.001 INFO [main] org.apache.catalina.startup.HostConfig.deployDirectory Desplegando el directorio [C:\Users\CHAMORRO\OneDrive\Imágenes\programacion sebas\apache-tomcat-9.0.96\webapps\docs] de la aplicación web
01-Nov-2024 17:44:11.223 INFO [main] org.apache.jasper.servlet.TldScanner.scanJars Al menos un JAR, que se ha explorado buscando TLDs, aún no contenía TLDs. Activar historial de depuración para este historiador para una completa lista de los JARs que fueron explorados y de los que nos se halló TLDs. Saltarse JARs no necesarios durante la exploración puede dar lugar a una mejora de tiempo significativa en el arranque y compilación de JSP .
01-Nov-2024 17:44:11.228 INFO [main] org.apache.catalina.startup.HostConfig.deployDirectory Deployment of web application directory [C:\Users\CHAMORRO\OneDrive\Imágenes\programacion sebas\apache-tomcat-9.0.96\webapps\docs] has finished in [227] ms
01-Nov-2024 17:44:11.229 INFO [main] org.apache.catalina.startup.HostConfig.deployDirectory Desplegando el directorio [C:\Users\CHAMORRO\OneDrive\Imágenes\programacion sebas\apache-tomcat-9.0.96\webapps\examples] de la aplicación web
01-Nov-2024 17:44:11.978 INFO [main] org.apache.jasper.servlet.TldScanner.scanJars Al menos un JAR, que se ha explorado buscando TLDs, aún no contenía TLDs. Activar historial de depuración para este historiador para una completa lista de los JARs que fueron explorados y de los que nos se halló TLDs. Saltarse JARs no necesarios durante la exploración puede dar lugar a una mejora de tiempo significativa en el arranque y compilación de JSP .
01-Nov-2024 17:44:12.094 INFO [main] org.apache.catalina.startup.HostConfig.deployDirectory Deployment of web application directory [C:\Users\CHAMORRO\OneDrive\Imágenes\programacion sebas\apache-tomcat-9.0.96\webapps\examples] has finished in [865] ms
01-Nov-2024 17:44:12.095 INFO [main] org.apache.catalina.startup.HostConfig.deployDirectory Desplegando el directorio [C:\Users\CHAMORRO\OneDrive\Imágenes\programacion sebas\apache-tomcat-9.0.96\webapps\host-manager] de la aplicación web
01-Nov-2024 17:44:12.290 INFO [main] org.apache.jasper.servlet.TldScanner.scanJars Al menos un JAR, que se ha explorado buscando TLDs, aún no contenía TLDs. Activar historial de depuración para este historiador para una completa lista de los JARs que fueron explorados y de los que nos se halló TLDs. Saltarse JARs no necesarios durante la exploración puede dar lugar a una mejora de tiempo significativa en el arranque y compilación de JSP .
01-Nov-2024 17:44:12.298 INFO [main] org.apache.catalina.startup.HostConfig.deployDirectory Deployment of web application directory [C:\Users\CHAMORRO\OneDrive\Imágenes\programacion sebas\apache-tomcat-9.0.96\webapps\host-manager] has finished in [203] ms
01-Nov-2024 17:44:12.299 INFO [main] org.apache.catalina.startup.HostConfig.deployDirectory Desplegando el directorio [C:\Users\CHAMORRO\OneDrive\Imágenes\programacion sebas\apache-tomcat-9.0.96\webapps\manager] de la aplicación web
01-Nov-2024 17:44:12.471 INFO [main] org.apache.jasper.servlet.TldScanner.scanJars Al menos un JAR, que se ha explorado buscando TLDs, aún no contenía TLDs. Activar historial de depuración para este historiador para una completa lista de los JARs que fueron explorados y de los que nos se halló TLDs. Saltarse JARs no necesarios durante la exploración puede dar lugar a una mejora de tiempo significativa en el arranque y compilación de JSP .
01-Nov-2024 17:44:12.474 INFO [main] org.apache.catalina.startup.HostConfig.deployDirectory Deployment of web application directory [C:\Users\CHAMORRO\OneDrive\Imágenes\programacion sebas\apache-tomcat-9.0.96\webapps\manager] has finished in [175] ms
01-Nov-2024 17:44:12.475 INFO [main] org.apache.catalina.startup.HostConfig.deployDirectory Desplegando el directorio [C:\Users\CHAMORRO\OneDrive\Imágenes\programacion sebas\apache-tomcat-9.0.96\webapps\ROOT] de la aplicación web
01-Nov-2024 17:44:12.639 INFO [main] org.apache.jasper.servlet.TldScanner.scanJars Al menos un JAR, que se ha explorado buscando TLDs, aún no contenía TLDs. Activar historial de depuración para este historiador para una completa lista de los JARs que fueron explorados y de los que nos se halló TLDs. Saltarse JARs no necesarios durante la exploración puede dar lugar a una mejora de tiempo significativa en el arranque y compilación de JSP .
01-Nov-2024 17:44:12.642 INFO [main] org.apache.catalina.startup.HostConfig.deployDirectory Deployment of web application directory [C:\Users\CHAMORRO\OneDrive\Imágenes\programacion sebas\apache-tomcat-9.0.96\webapps\ROOT] has finished in [167] ms
01-Nov-2024 17:44:12.648 INFO [main] org.apache.coyote.AbstractProtocol.start Starting ProtocolHandler ["http-nio-8080"]
01-Nov-2024 17:44:12.673 INFO [main] org.apache.catalina.startup.Catalina.start Server startup in [10498] milliseconds
